{"/home/user/android-looper/Migration/src/components/ActionButton/ActionButton.styles.ts": {"path":"/home/user/android-looper/Migration/src/components/ActionButton/ActionButton.styles.ts","statementMap":{"0":{"start":{"line":9,"column":22},"end":{"line":17,"column":2}}},"fnMap":{},"branchMap":{},"s":{"0":3},"f":{},"b":{},"_coverageSchema":"1a1c01bbd47fc00a2c39e90264f33305004495a9","hash":"d4864eff186ac4783e157149982606cc580f7ff7"}
,"/home/user/android-looper/Migration/src/components/ActionButton/ActionButton.tsx": {"path":"/home/user/android-looper/Migration/src/components/ActionButton/ActionButton.tsx","statementMap":{"0":{"start":{"line":21,"column":57},"end":{"line":41,"column":1}},"1":{"start":{"line":29,"column":2},"end":{"line":40,"column":4}}},"fnMap":{"0":{"name":"(anonymous_0)","decl":{"start":{"line":21,"column":57},"end":{"line":21,"column":58}},"loc":{"start":{"line":28,"column":6},"end":{"line":41,"column":1}},"line":28}},"branchMap":{"0":{"loc":{"start":{"line":25,"column":2},"end":{"line":25,"column":18}},"type":"default-arg","locations":[{"start":{"line":25,"column":13},"end":{"line":25,"column":18}}],"line":25},"1":{"loc":{"start":{"line":26,"column":2},"end":{"line":26,"column":20}},"type":"default-arg","locations":[{"start":{"line":26,"column":9},"end":{"line":26,"column":20}}],"line":26}},"s":{"0":3,"1":68},"f":{"0":68},"b":{"0":[7],"1":[65]},"_coverageSchema":"1a1c01bbd47fc00a2c39e90264f33305004495a9","hash":"219c9d1cbd9eb506d9310f9902bd63a55b2d4e3e"}
,"/home/user/android-looper/Migration/src/components/SaveModal/SaveModal.styles.ts": {"path":"/home/user/android-looper/Migration/src/components/SaveModal/SaveModal.styles.ts","statementMap":{"0":{"start":{"line":9,"column":22},"end":{"line":49,"column":2}}},"fnMap":{},"branchMap":{},"s":{"0":3},"f":{},"b":{},"_coverageSchema":"1a1c01bbd47fc00a2c39e90264f33305004495a9","hash":"79849d4341dd841afd2130fae585d9c30bccea36"}
,"/home/user/android-looper/Migration/src/components/SaveModal/SaveModal.tsx": {"path":"/home/user/android-looper/Migration/src/components/SaveModal/SaveModal.tsx","statementMap":{"0":{"start":{"line":21,"column":51},"end":{"line":104,"column":1}},"1":{"start":{"line":28,"column":34},"end":{"line":28,"column":46}},"2":{"start":{"line":29,"column":28},"end":{"line":29,"column":40}},"3":{"start":{"line":31,"column":27},"end":{"line":34,"column":3}},"4":{"start":{"line":33,"column":4},"end":{"line":33,"column":53}},"5":{"start":{"line":36,"column":27},"end":{"line":44,"column":3}},"6":{"start":{"line":37,"column":22},"end":{"line":37,"column":45}},"7":{"start":{"line":38,"column":4},"end":{"line":41,"column":5}},"8":{"start":{"line":39,"column":6},"end":{"line":39,"column":43}},"9":{"start":{"line":40,"column":6},"end":{"line":40,"column":19}},"10":{"start":{"line":42,"column":4},"end":{"line":42,"column":17}},"11":{"start":{"line":43,"column":4},"end":{"line":43,"column":16}},"12":{"start":{"line":46,"column":21},"end":{"line":55,"column":3}},"13":{"start":{"line":47,"column":4},"end":{"line":54,"column":5}},"14":{"start":{"line":48,"column":24},"end":{"line":48,"column":50}},"15":{"start":{"line":49,"column":6},"end":{"line":49,"column":24}},"16":{"start":{"line":51,"column":6},"end":{"line":51,"column":22}},"17":{"start":{"line":52,"column":6},"end":{"line":52,"column":19}},"18":{"start":{"line":53,"column":6},"end":{"line":53,"column":18}},"19":{"start":{"line":57,"column":23},"end":{"line":62,"column":3}},"20":{"start":{"line":59,"column":4},"end":{"line":59,"column":20}},"21":{"start":{"line":60,"column":4},"end":{"line":60,"column":17}},"22":{"start":{"line":61,"column":4},"end":{"line":61,"column":16}},"23":{"start":{"line":64,"column":2},"end":{"line":103,"column":4}}},"fnMap":{"0":{"name":"(anonymous_0)","decl":{"start":{"line":21,"column":51},"end":{"line":21,"column":52}},"loc":{"start":{"line":27,"column":6},"end":{"line":104,"column":1}},"line":27},"1":{"name":"(anonymous_1)","decl":{"start":{"line":31,"column":27},"end":{"line":31,"column":28}},"loc":{"start":{"line":31,"column":54},"end":{"line":34,"column":3}},"line":31},"2":{"name":"(anonymous_2)","decl":{"start":{"line":36,"column":27},"end":{"line":36,"column":28}},"loc":{"start":{"line":36,"column":55},"end":{"line":44,"column":3}},"line":36},"3":{"name":"(anonymous_3)","decl":{"start":{"line":46,"column":21},"end":{"line":46,"column":22}},"loc":{"start":{"line":46,"column":27},"end":{"line":55,"column":3}},"line":46},"4":{"name":"(anonymous_4)","decl":{"start":{"line":57,"column":23},"end":{"line":57,"column":24}},"loc":{"start":{"line":57,"column":29},"end":{"line":62,"column":3}},"line":57}},"branchMap":{"0":{"loc":{"start":{"line":38,"column":4},"end":{"line":41,"column":5}},"type":"if","locations":[{"start":{"line":38,"column":4},"end":{"line":41,"column":5}},{"start":{},"end":{}}],"line":38},"1":{"loc":{"start":{"line":47,"column":4},"end":{"line":54,"column":5}},"type":"if","locations":[{"start":{"line":47,"column":4},"end":{"line":54,"column":5}},{"start":{},"end":{}}],"line":47},"2":{"loc":{"start":{"line":69,"column":11},"end":{"line":69,"column":98}},"type":"binary-expr","locations":[{"start":{"line":69,"column":11},"end":{"line":69,"column":36}},{"start":{"line":69,"column":40},"end":{"line":69,"column":98}}],"line":69},"3":{"loc":{"start":{"line":84,"column":11},"end":{"line":84,"column":71}},"type":"cond-expr","locations":[{"start":{"line":84,"column":19},"end":{"line":84,"column":64}},{"start":{"line":84,"column":67},"end":{"line":84,"column":71}}],"line":84}},"s":{"0":3,"1":27,"2":27,"3":27,"4":6,"5":27,"6":3,"7":3,"8":0,"9":0,"10":3,"11":3,"12":27,"13":3,"14":3,"15":3,"16":3,"17":3,"18":3,"19":27,"20":1,"21":1,"22":1,"23":27},"f":{"0":27,"1":6,"2":3,"3":3,"4":1},"b":{"0":[0,3],"1":[3,0],"2":[27,16],"3":[0,27]},"_coverageSchema":"1a1c01bbd47fc00a2c39e90264f33305004495a9","hash":"caa6fd051076a011feedf60a631bcf1bdecfa69b"}
,"/home/user/android-looper/Migration/src/components/SpeedSlider/SpeedSlider.styles.ts": {"path":"/home/user/android-looper/Migration/src/components/SpeedSlider/SpeedSlider.styles.ts","statementMap":{"0":{"start":{"line":7,"column":22},"end":{"line":20,"column":2}}},"fnMap":{},"branchMap":{},"s":{"0":5},"f":{},"b":{},"_coverageSchema":"1a1c01bbd47fc00a2c39e90264f33305004495a9","hash":"a720198a0688123a474386e2a2f44913122204bc"}
,"/home/user/android-looper/Migration/src/components/SpeedSlider/SpeedSlider.tsx": {"path":"/home/user/android-looper/Migration/src/components/SpeedSlider/SpeedSlider.tsx","statementMap":{"0":{"start":{"line":22,"column":18},"end":{"line":22,"column":19}},"1":{"start":{"line":23,"column":18},"end":{"line":23,"column":21}},"2":{"start":{"line":24,"column":22},"end":{"line":24,"column":24}},"3":{"start":{"line":27,"column":27},"end":{"line":29,"column":1}},"4":{"start":{"line":28,"column":2},"end":{"line":28,"column":43}},"5":{"start":{"line":32,"column":27},"end":{"line":34,"column":1}},"6":{"start":{"line":33,"column":2},"end":{"line":33,"column":31}},"7":{"start":{"line":36,"column":55},"end":{"line":67,"column":1}},"8":{"start":{"line":41,"column":29},"end":{"line":44,"column":3}},"9":{"start":{"line":42,"column":18},"end":{"line":42,"column":49}},"10":{"start":{"line":43,"column":4},"end":{"line":43,"column":25}},"11":{"start":{"line":46,"column":22},"end":{"line":46,"column":47}},"12":{"start":{"line":47,"column":23},"end":{"line":47,"column":39}},"13":{"start":{"line":49,"column":2},"end":{"line":66,"column":4}}},"fnMap":{"0":{"name":"(anonymous_0)","decl":{"start":{"line":27,"column":27},"end":{"line":27,"column":28}},"loc":{"start":{"line":27,"column":54},"end":{"line":29,"column":1}},"line":27},"1":{"name":"(anonymous_1)","decl":{"start":{"line":32,"column":27},"end":{"line":32,"column":28}},"loc":{"start":{"line":32,"column":54},"end":{"line":34,"column":1}},"line":32},"2":{"name":"(anonymous_2)","decl":{"start":{"line":36,"column":55},"end":{"line":36,"column":56}},"loc":{"start":{"line":40,"column":6},"end":{"line":67,"column":1}},"line":40},"3":{"name":"(anonymous_3)","decl":{"start":{"line":41,"column":29},"end":{"line":41,"column":30}},"loc":{"start":{"line":41,"column":54},"end":{"line":44,"column":3}},"line":41}},"branchMap":{"0":{"loc":{"start":{"line":39,"column":2},"end":{"line":39,"column":18}},"type":"default-arg","locations":[{"start":{"line":39,"column":13},"end":{"line":39,"column":18}}],"line":39}},"s":{"0":5,"1":5,"2":5,"3":5,"4":22,"5":5,"6":2,"7":5,"8":22,"9":2,"10":2,"11":22,"12":22,"13":22},"f":{"0":22,"1":2,"2":22,"3":2},"b":{"0":[22]},"_coverageSchema":"1a1c01bbd47fc00a2c39e90264f33305004495a9","hash":"94e3a6b0e81dba1ead8c468135bc23ee5b86e743"}
,"/home/user/android-looper/Migration/src/components/TrackList/TrackList.styles.ts": {"path":"/home/user/android-looper/Migration/src/components/TrackList/TrackList.styles.ts","statementMap":{"0":{"start":{"line":9,"column":22},"end":{"line":30,"column":2}}},"fnMap":{},"branchMap":{},"s":{"0":3},"f":{},"b":{},"_coverageSchema":"1a1c01bbd47fc00a2c39e90264f33305004495a9","hash":"8cd7b62c8ee491e5788fd4c9197a857637ffadc9"}
,"/home/user/android-looper/Migration/src/components/TrackList/TrackList.tsx": {"path":"/home/user/android-looper/Migration/src/components/TrackList/TrackList.tsx","statementMap":{"0":{"start":{"line":25,"column":51},"end":{"line":65,"column":1}},"1":{"start":{"line":33,"column":21},"end":{"line":42,"column":3}},"2":{"start":{"line":34,"column":4},"end":{"line":41,"column":6}},"3":{"start":{"line":44,"column":27},"end":{"line":49,"column":3}},"4":{"start":{"line":45,"column":4},"end":{"line":48,"column":11}},"5":{"start":{"line":51,"column":2},"end":{"line":64,"column":4}},"6":{"start":{"line":55,"column":30},"end":{"line":55,"column":37}}},"fnMap":{"0":{"name":"(anonymous_0)","decl":{"start":{"line":25,"column":51},"end":{"line":25,"column":52}},"loc":{"start":{"line":32,"column":6},"end":{"line":65,"column":1}},"line":32},"1":{"name":"(anonymous_1)","decl":{"start":{"line":33,"column":21},"end":{"line":33,"column":22}},"loc":{"start":{"line":34,"column":4},"end":{"line":41,"column":6}},"line":34},"2":{"name":"(anonymous_2)","decl":{"start":{"line":44,"column":27},"end":{"line":44,"column":28}},"loc":{"start":{"line":45,"column":4},"end":{"line":48,"column":11}},"line":45},"3":{"name":"(anonymous_3)","decl":{"start":{"line":55,"column":20},"end":{"line":55,"column":21}},"loc":{"start":{"line":55,"column":30},"end":{"line":55,"column":37}},"line":55}},"branchMap":{"0":{"loc":{"start":{"line":57,"column":29},"end":{"line":57,"column":79}},"type":"cond-expr","locations":[{"start":{"line":57,"column":51},"end":{"line":57,"column":67}},{"start":{"line":57,"column":70},"end":{"line":57,"column":79}}],"line":57}},"s":{"0":3,"1":20,"2":9,"3":20,"4":15,"5":20,"6":14},"f":{"0":20,"1":9,"2":15,"3":14},"b":{"0":[15,5]},"_coverageSchema":"1a1c01bbd47fc00a2c39e90264f33305004495a9","hash":"f54f6b46ae088808a1748a4021bc75b36c8dc7f2"}
,"/home/user/android-looper/Migration/src/components/TrackListItem/TrackListItem.styles.ts": {"path":"/home/user/android-looper/Migration/src/components/TrackListItem/TrackListItem.styles.ts","statementMap":{"0":{"start":{"line":13,"column":22},"end":{"line":49,"column":2}}},"fnMap":{},"branchMap":{},"s":{"0":4},"f":{},"b":{},"_coverageSchema":"1a1c01bbd47fc00a2c39e90264f33305004495a9","hash":"37c115989947382232acd3ac06096a29bacc153e"}
,"/home/user/android-looper/Migration/src/components/TrackListItem/TrackListItem.tsx": {"path":"/home/user/android-looper/Migration/src/components/TrackListItem/TrackListItem.tsx","statementMap":{"0":{"start":{"line":27,"column":59},"end":{"line":103,"column":1}},"1":{"start":{"line":35,"column":21},"end":{"line":38,"column":3}},"2":{"start":{"line":36,"column":4},"end":{"line":36,"column":43}},"3":{"start":{"line":37,"column":4},"end":{"line":37,"column":23}},"4":{"start":{"line":40,"column":22},"end":{"line":43,"column":3}},"5":{"start":{"line":41,"column":4},"end":{"line":41,"column":44}},"6":{"start":{"line":42,"column":4},"end":{"line":42,"column":24}},"7":{"start":{"line":45,"column":23},"end":{"line":48,"column":3}},"8":{"start":{"line":46,"column":4},"end":{"line":46,"column":45}},"9":{"start":{"line":47,"column":4},"end":{"line":47,"column":25}},"10":{"start":{"line":50,"column":29},"end":{"line":52,"column":3}},"11":{"start":{"line":51,"column":4},"end":{"line":51,"column":39}},"12":{"start":{"line":54,"column":28},"end":{"line":56,"column":3}},"13":{"start":{"line":55,"column":4},"end":{"line":55,"column":37}},"14":{"start":{"line":58,"column":2},"end":{"line":102,"column":4}}},"fnMap":{"0":{"name":"(anonymous_0)","decl":{"start":{"line":27,"column":59},"end":{"line":27,"column":60}},"loc":{"start":{"line":34,"column":6},"end":{"line":103,"column":1}},"line":34},"1":{"name":"(anonymous_1)","decl":{"start":{"line":35,"column":21},"end":{"line":35,"column":22}},"loc":{"start":{"line":35,"column":27},"end":{"line":38,"column":3}},"line":35},"2":{"name":"(anonymous_2)","decl":{"start":{"line":40,"column":22},"end":{"line":40,"column":23}},"loc":{"start":{"line":40,"column":28},"end":{"line":43,"column":3}},"line":40},"3":{"name":"(anonymous_3)","decl":{"start":{"line":45,"column":23},"end":{"line":45,"column":24}},"loc":{"start":{"line":45,"column":29},"end":{"line":48,"column":3}},"line":45},"4":{"name":"(anonymous_4)","decl":{"start":{"line":50,"column":29},"end":{"line":50,"column":30}},"loc":{"start":{"line":50,"column":49},"end":{"line":52,"column":3}},"line":50},"5":{"name":"(anonymous_5)","decl":{"start":{"line":54,"column":28},"end":{"line":54,"column":29}},"loc":{"start":{"line":54,"column":47},"end":{"line":56,"column":3}},"line":54}},"branchMap":{"0":{"loc":{"start":{"line":69,"column":21},"end":{"line":69,"column":60}},"type":"cond-expr","locations":[{"start":{"line":69,"column":39},"end":{"line":69,"column":48}},{"start":{"line":69,"column":51},"end":{"line":69,"column":60}}],"line":69}},"s":{"0":4,"1":17,"2":1,"3":1,"4":17,"5":1,"6":1,"7":17,"8":1,"9":1,"10":17,"11":1,"12":17,"13":1,"14":17},"f":{"0":17,"1":1,"2":1,"3":1,"4":1,"5":1},"b":{"0":[5,12]},"_coverageSchema":"1a1c01bbd47fc00a2c39e90264f33305004495a9","hash":"72ab3d7fc33b3af89b3a7d1698cfdd019601c5c9"}
,"/home/user/android-looper/Migration/src/components/VolumeSlider/VolumeSlider.styles.ts": {"path":"/home/user/android-looper/Migration/src/components/VolumeSlider/VolumeSlider.styles.ts","statementMap":{"0":{"start":{"line":7,"column":22},"end":{"line":20,"column":2}}},"fnMap":{},"branchMap":{},"s":{"0":5},"f":{},"b":{},"_coverageSchema":"1a1c01bbd47fc00a2c39e90264f33305004495a9","hash":"c3d8b5e308a7e90a2d69d9ed7edfd342df771515"}
,"/home/user/android-looper/Migration/src/components/VolumeSlider/VolumeSlider.tsx": {"path":"/home/user/android-looper/Migration/src/components/VolumeSlider/VolumeSlider.tsx","statementMap":{"0":{"start":{"line":18,"column":57},"end":{"line":41,"column":1}},"1":{"start":{"line":23,"column":2},"end":{"line":40,"column":4}}},"fnMap":{"0":{"name":"(anonymous_0)","decl":{"start":{"line":18,"column":57},"end":{"line":18,"column":58}},"loc":{"start":{"line":22,"column":6},"end":{"line":41,"column":1}},"line":22}},"branchMap":{"0":{"loc":{"start":{"line":21,"column":2},"end":{"line":21,"column":18}},"type":"default-arg","locations":[{"start":{"line":21,"column":13},"end":{"line":21,"column":18}}],"line":21}},"s":{"0":5,"1":21},"f":{"0":21},"b":{"0":[20]},"_coverageSchema":"1a1c01bbd47fc00a2c39e90264f33305004495a9","hash":"5a8a4c0ba5c1f0dee79a964f07b57c9e3e3cab21"}
,"/home/user/android-looper/Migration/src/screens/MainScreen/MainScreen.styles.ts": {"path":"/home/user/android-looper/Migration/src/screens/MainScreen/MainScreen.styles.ts","statementMap":{"0":{"start":{"line":12,"column":22},"end":{"line":41,"column":2}}},"fnMap":{},"branchMap":{},"s":{"0":2},"f":{},"b":{},"_coverageSchema":"1a1c01bbd47fc00a2c39e90264f33305004495a9","hash":"bf48bc5aba66281c9bb4e339584ca42cf5d89556"}
,"/home/user/android-looper/Migration/src/screens/MainScreen/MainScreen.tsx": {"path":"/home/user/android-looper/Migration/src/screens/MainScreen/MainScreen.tsx","statementMap":{"0":{"start":{"line":27,"column":0},"end":{"line":27,"column":26}},"1":{"start":{"line":29,"column":36},"end":{"line":368,"column":1}},"2":{"start":{"line":30,"column":30},"end":{"line":30,"column":51}},"3":{"start":{"line":31,"column":50},"end":{"line":31,"column":65}},"4":{"start":{"line":32,"column":40},"end":{"line":32,"column":55}},"5":{"start":{"line":33,"column":36},"end":{"line":33,"column":51}},"6":{"start":{"line":34,"column":26},"end":{"line":34,"column":59}},"7":{"start":{"line":37,"column":2},"end":{"line":54,"column":9}},"8":{"start":{"line":38,"column":4},"end":{"line":46,"column":5}},"9":{"start":{"line":39,"column":6},"end":{"line":39,"column":50}},"10":{"start":{"line":40,"column":6},"end":{"line":40,"column":59}},"11":{"start":{"line":42,"column":6},"end":{"line":42,"column":78}},"12":{"start":{"line":43,"column":6},"end":{"line":45,"column":7}},"13":{"start":{"line":44,"column":8},"end":{"line":44,"column":48}},"14":{"start":{"line":48,"column":4},"end":{"line":53,"column":6}},"15":{"start":{"line":50,"column":6},"end":{"line":52,"column":7}},"16":{"start":{"line":51,"column":8},"end":{"line":51,"column":42}},"17":{"start":{"line":56,"column":23},"end":{"line":77,"column":3}},"18":{"start":{"line":57,"column":4},"end":{"line":60,"column":5}},"19":{"start":{"line":58,"column":6},"end":{"line":58,"column":60}},"20":{"start":{"line":59,"column":6},"end":{"line":59,"column":13}},"21":{"start":{"line":62,"column":4},"end":{"line":76,"column":5}},"22":{"start":{"line":63,"column":6},"end":{"line":63,"column":25}},"23":{"start":{"line":64,"column":6},"end":{"line":64,"column":53}},"24":{"start":{"line":65,"column":6},"end":{"line":65,"column":27}},"25":{"start":{"line":66,"column":6},"end":{"line":66,"column":52}},"26":{"start":{"line":68,"column":6},"end":{"line":68,"column":61}},"27":{"start":{"line":69,"column":6},"end":{"line":73,"column":7}},"28":{"start":{"line":70,"column":8},"end":{"line":70,"column":58}},"29":{"start":{"line":72,"column":8},"end":{"line":72,"column":58}},"30":{"start":{"line":75,"column":6},"end":{"line":75,"column":26}},"31":{"start":{"line":79,"column":21},"end":{"line":121,"column":3}},"32":{"start":{"line":80,"column":4},"end":{"line":83,"column":5}},"33":{"start":{"line":81,"column":6},"end":{"line":81,"column":60}},"34":{"start":{"line":82,"column":6},"end":{"line":82,"column":13}},"35":{"start":{"line":85,"column":4},"end":{"line":120,"column":5}},"36":{"start":{"line":86,"column":6},"end":{"line":86,"column":25}},"37":{"start":{"line":87,"column":18},"end":{"line":87,"column":63}},"38":{"start":{"line":88,"column":6},"end":{"line":88,"column":28}},"39":{"start":{"line":91,"column":30},"end":{"line":100,"column":7}},"40":{"start":{"line":103,"column":6},"end":{"line":107,"column":9}},"41":{"start":{"line":109,"column":6},"end":{"line":109,"column":59}},"42":{"start":{"line":109,"column":32},"end":{"line":109,"column":57}},"43":{"start":{"line":110,"column":6},"end":{"line":110,"column":84}},"44":{"start":{"line":112,"column":6},"end":{"line":112,"column":66}},"45":{"start":{"line":113,"column":6},"end":{"line":117,"column":7}},"46":{"start":{"line":114,"column":8},"end":{"line":114,"column":48}},"47":{"start":{"line":116,"column":8},"end":{"line":116,"column":57}},"48":{"start":{"line":119,"column":6},"end":{"line":119,"column":26}},"49":{"start":{"line":123,"column":23},"end":{"line":174,"column":3}},"50":{"start":{"line":124,"column":4},"end":{"line":127,"column":5}},"51":{"start":{"line":125,"column":6},"end":{"line":125,"column":60}},"52":{"start":{"line":126,"column":6},"end":{"line":126,"column":13}},"53":{"start":{"line":129,"column":4},"end":{"line":173,"column":5}},"54":{"start":{"line":130,"column":6},"end":{"line":130,"column":25}},"55":{"start":{"line":131,"column":6},"end":{"line":131,"column":58}},"56":{"start":{"line":134,"column":27},"end":{"line":134,"column":44}},"57":{"start":{"line":135,"column":27},"end":{"line":135,"column":61}},"58":{"start":{"line":137,"column":6},"end":{"line":137,"column":68}},"59":{"start":{"line":140,"column":23},"end":{"line":140,"column":63}},"60":{"start":{"line":143,"column":30},"end":{"line":152,"column":7}},"61":{"start":{"line":155,"column":6},"end":{"line":159,"column":9}},"62":{"start":{"line":161,"column":6},"end":{"line":161,"column":59}},"63":{"start":{"line":161,"column":32},"end":{"line":161,"column":57}},"64":{"start":{"line":162,"column":6},"end":{"line":162,"column":71}},"65":{"start":{"line":164,"column":6},"end":{"line":164,"column":58}},"66":{"start":{"line":165,"column":6},"end":{"line":170,"column":7}},"67":{"start":{"line":166,"column":8},"end":{"line":166,"column":55}},"68":{"start":{"line":169,"column":8},"end":{"line":169,"column":61}},"69":{"start":{"line":172,"column":6},"end":{"line":172,"column":26}},"70":{"start":{"line":176,"column":21},"end":{"line":179,"column":3}},"71":{"start":{"line":177,"column":4},"end":{"line":177,"column":39}},"72":{"start":{"line":178,"column":4},"end":{"line":178,"column":30}},"73":{"start":{"line":181,"column":33},"end":{"line":183,"column":3}},"74":{"start":{"line":182,"column":4},"end":{"line":182,"column":31}},"75":{"start":{"line":185,"column":30},"end":{"line":189,"column":3}},"76":{"start":{"line":186,"column":4},"end":{"line":186,"column":47}},"77":{"start":{"line":187,"column":4},"end":{"line":187,"column":31}},"78":{"start":{"line":188,"column":4},"end":{"line":188,"column":89}},"79":{"start":{"line":191,"column":21},"end":{"line":211,"column":3}},"80":{"start":{"line":192,"column":4},"end":{"line":194,"column":5}},"81":{"start":{"line":193,"column":6},"end":{"line":193,"column":13}},"82":{"start":{"line":196,"column":4},"end":{"line":210,"column":5}},"83":{"start":{"line":197,"column":6},"end":{"line":197,"column":55}},"84":{"start":{"line":200,"column":6},"end":{"line":202,"column":8}},"85":{"start":{"line":201,"column":8},"end":{"line":201,"column":97}},"86":{"start":{"line":201,"column":35},"end":{"line":201,"column":95}},"87":{"start":{"line":204,"column":6},"end":{"line":204,"column":60}},"88":{"start":{"line":206,"column":6},"end":{"line":206,"column":56}},"89":{"start":{"line":207,"column":6},"end":{"line":209,"column":7}},"90":{"start":{"line":208,"column":8},"end":{"line":208,"column":57}},"91":{"start":{"line":213,"column":22},"end":{"line":233,"column":3}},"92":{"start":{"line":214,"column":4},"end":{"line":216,"column":5}},"93":{"start":{"line":215,"column":6},"end":{"line":215,"column":13}},"94":{"start":{"line":218,"column":4},"end":{"line":232,"column":5}},"95":{"start":{"line":219,"column":6},"end":{"line":219,"column":56}},"96":{"start":{"line":222,"column":6},"end":{"line":224,"column":8}},"97":{"start":{"line":223,"column":8},"end":{"line":223,"column":98}},"98":{"start":{"line":223,"column":35},"end":{"line":223,"column":96}},"99":{"start":{"line":226,"column":6},"end":{"line":226,"column":59}},"100":{"start":{"line":228,"column":6},"end":{"line":228,"column":57}},"101":{"start":{"line":229,"column":6},"end":{"line":231,"column":7}},"102":{"start":{"line":230,"column":8},"end":{"line":230,"column":57}},"103":{"start":{"line":235,"column":23},"end":{"line":253,"column":3}},"104":{"start":{"line":236,"column":4},"end":{"line":238,"column":5}},"105":{"start":{"line":237,"column":6},"end":{"line":237,"column":13}},"106":{"start":{"line":240,"column":4},"end":{"line":252,"column":5}},"107":{"start":{"line":242,"column":6},"end":{"line":242,"column":57}},"108":{"start":{"line":244,"column":6},"end":{"line":244,"column":84}},"109":{"start":{"line":244,"column":32},"end":{"line":244,"column":82}},"110":{"start":{"line":244,"column":61},"end":{"line":244,"column":81}},"111":{"start":{"line":246,"column":6},"end":{"line":246,"column":60}},"112":{"start":{"line":248,"column":6},"end":{"line":248,"column":58}},"113":{"start":{"line":249,"column":6},"end":{"line":251,"column":7}},"114":{"start":{"line":250,"column":8},"end":{"line":250,"column":55}},"115":{"start":{"line":255,"column":29},"end":{"line":272,"column":3}},"116":{"start":{"line":256,"column":4},"end":{"line":258,"column":5}},"117":{"start":{"line":257,"column":6},"end":{"line":257,"column":13}},"118":{"start":{"line":260,"column":4},"end":{"line":271,"column":5}},"119":{"start":{"line":261,"column":6},"end":{"line":261,"column":68}},"120":{"start":{"line":264,"column":6},"end":{"line":266,"column":8}},"121":{"start":{"line":265,"column":8},"end":{"line":265,"column":88}},"122":{"start":{"line":265,"column":35},"end":{"line":265,"column":86}},"123":{"start":{"line":268,"column":6},"end":{"line":268,"column":81}},"124":{"start":{"line":270,"column":6},"end":{"line":270,"column":65}},"125":{"start":{"line":274,"column":28},"end":{"line":291,"column":3}},"126":{"start":{"line":275,"column":4},"end":{"line":277,"column":5}},"127":{"start":{"line":276,"column":6},"end":{"line":276,"column":13}},"128":{"start":{"line":279,"column":4},"end":{"line":290,"column":5}},"129":{"start":{"line":280,"column":6},"end":{"line":280,"column":66}},"130":{"start":{"line":283,"column":6},"end":{"line":285,"column":8}},"131":{"start":{"line":284,"column":8},"end":{"line":284,"column":87}},"132":{"start":{"line":284,"column":35},"end":{"line":284,"column":85}},"133":{"start":{"line":287,"column":6},"end":{"line":287,"column":79}},"134":{"start":{"line":289,"column":6},"end":{"line":289,"column":64}},"135":{"start":{"line":293,"column":2},"end":{"line":367,"column":4}}},"fnMap":{"0":{"name":"(anonymous_0)","decl":{"start":{"line":29,"column":36},"end":{"line":29,"column":37}},"loc":{"start":{"line":29,"column":42},"end":{"line":368,"column":1}},"line":29},"1":{"name":"(anonymous_1)","decl":{"start":{"line":37,"column":12},"end":{"line":37,"column":13}},"loc":{"start":{"line":37,"column":18},"end":{"line":54,"column":3}},"line":37},"2":{"name":"(anonymous_2)","decl":{"start":{"line":48,"column":11},"end":{"line":48,"column":12}},"loc":{"start":{"line":48,"column":17},"end":{"line":53,"column":5}},"line":48},"3":{"name":"(anonymous_3)","decl":{"start":{"line":56,"column":23},"end":{"line":56,"column":24}},"loc":{"start":{"line":56,"column":35},"end":{"line":77,"column":3}},"line":56},"4":{"name":"(anonymous_4)","decl":{"start":{"line":79,"column":21},"end":{"line":79,"column":22}},"loc":{"start":{"line":79,"column":33},"end":{"line":121,"column":3}},"line":79},"5":{"name":"(anonymous_5)","decl":{"start":{"line":109,"column":16},"end":{"line":109,"column":17}},"loc":{"start":{"line":109,"column":32},"end":{"line":109,"column":57}},"line":109},"6":{"name":"(anonymous_6)","decl":{"start":{"line":123,"column":23},"end":{"line":123,"column":24}},"loc":{"start":{"line":123,"column":35},"end":{"line":174,"column":3}},"line":123},"7":{"name":"(anonymous_7)","decl":{"start":{"line":161,"column":16},"end":{"line":161,"column":17}},"loc":{"start":{"line":161,"column":32},"end":{"line":161,"column":57}},"line":161},"8":{"name":"(anonymous_8)","decl":{"start":{"line":176,"column":21},"end":{"line":176,"column":22}},"loc":{"start":{"line":176,"column":27},"end":{"line":179,"column":3}},"line":176},"9":{"name":"(anonymous_9)","decl":{"start":{"line":181,"column":33},"end":{"line":181,"column":34}},"loc":{"start":{"line":181,"column":39},"end":{"line":183,"column":3}},"line":181},"10":{"name":"(anonymous_10)","decl":{"start":{"line":185,"column":30},"end":{"line":185,"column":31}},"loc":{"start":{"line":185,"column":52},"end":{"line":189,"column":3}},"line":185},"11":{"name":"(anonymous_11)","decl":{"start":{"line":191,"column":21},"end":{"line":191,"column":22}},"loc":{"start":{"line":191,"column":48},"end":{"line":211,"column":3}},"line":191},"12":{"name":"(anonymous_12)","decl":{"start":{"line":200,"column":16},"end":{"line":200,"column":17}},"loc":{"start":{"line":201,"column":8},"end":{"line":201,"column":97}},"line":201},"13":{"name":"(anonymous_13)","decl":{"start":{"line":201,"column":23},"end":{"line":201,"column":24}},"loc":{"start":{"line":201,"column":35},"end":{"line":201,"column":95}},"line":201},"14":{"name":"(anonymous_14)","decl":{"start":{"line":213,"column":22},"end":{"line":213,"column":23}},"loc":{"start":{"line":213,"column":49},"end":{"line":233,"column":3}},"line":213},"15":{"name":"(anonymous_15)","decl":{"start":{"line":222,"column":16},"end":{"line":222,"column":17}},"loc":{"start":{"line":223,"column":8},"end":{"line":223,"column":98}},"line":223},"16":{"name":"(anonymous_16)","decl":{"start":{"line":223,"column":23},"end":{"line":223,"column":24}},"loc":{"start":{"line":223,"column":35},"end":{"line":223,"column":96}},"line":223},"17":{"name":"(anonymous_17)","decl":{"start":{"line":235,"column":23},"end":{"line":235,"column":24}},"loc":{"start":{"line":235,"column":50},"end":{"line":253,"column":3}},"line":235},"18":{"name":"(anonymous_18)","decl":{"start":{"line":244,"column":16},"end":{"line":244,"column":17}},"loc":{"start":{"line":244,"column":32},"end":{"line":244,"column":82}},"line":244},"19":{"name":"(anonymous_19)","decl":{"start":{"line":244,"column":50},"end":{"line":244,"column":51}},"loc":{"start":{"line":244,"column":61},"end":{"line":244,"column":81}},"line":244},"20":{"name":"(anonymous_20)","decl":{"start":{"line":255,"column":29},"end":{"line":255,"column":30}},"loc":{"start":{"line":255,"column":72},"end":{"line":272,"column":3}},"line":255},"21":{"name":"(anonymous_21)","decl":{"start":{"line":264,"column":16},"end":{"line":264,"column":17}},"loc":{"start":{"line":265,"column":8},"end":{"line":265,"column":88}},"line":265},"22":{"name":"(anonymous_22)","decl":{"start":{"line":265,"column":23},"end":{"line":265,"column":24}},"loc":{"start":{"line":265,"column":35},"end":{"line":265,"column":86}},"line":265},"23":{"name":"(anonymous_23)","decl":{"start":{"line":274,"column":28},"end":{"line":274,"column":29}},"loc":{"start":{"line":274,"column":70},"end":{"line":291,"column":3}},"line":274},"24":{"name":"(anonymous_24)","decl":{"start":{"line":283,"column":16},"end":{"line":283,"column":17}},"loc":{"start":{"line":284,"column":8},"end":{"line":284,"column":87}},"line":284},"25":{"name":"(anonymous_25)","decl":{"start":{"line":284,"column":23},"end":{"line":284,"column":24}},"loc":{"start":{"line":284,"column":35},"end":{"line":284,"column":85}},"line":284}},"branchMap":{"0":{"loc":{"start":{"line":43,"column":6},"end":{"line":45,"column":7}},"type":"if","locations":[{"start":{"line":43,"column":6},"end":{"line":45,"column":7}},{"start":{},"end":{}}],"line":43},"1":{"loc":{"start":{"line":50,"column":6},"end":{"line":52,"column":7}},"type":"if","locations":[{"start":{"line":50,"column":6},"end":{"line":52,"column":7}},{"start":{},"end":{}}],"line":50},"2":{"loc":{"start":{"line":57,"column":4},"end":{"line":60,"column":5}},"type":"if","locations":[{"start":{"line":57,"column":4},"end":{"line":60,"column":5}},{"start":{},"end":{}}],"line":57},"3":{"loc":{"start":{"line":69,"column":6},"end":{"line":73,"column":7}},"type":"if","locations":[{"start":{"line":69,"column":6},"end":{"line":73,"column":7}},{"start":{"line":71,"column":13},"end":{"line":73,"column":7}}],"line":69},"4":{"loc":{"start":{"line":80,"column":4},"end":{"line":83,"column":5}},"type":"if","locations":[{"start":{"line":80,"column":4},"end":{"line":83,"column":5}},{"start":{},"end":{}}],"line":80},"5":{"loc":{"start":{"line":113,"column":6},"end":{"line":117,"column":7}},"type":"if","locations":[{"start":{"line":113,"column":6},"end":{"line":117,"column":7}},{"start":{"line":115,"column":13},"end":{"line":117,"column":7}}],"line":113},"6":{"loc":{"start":{"line":124,"column":4},"end":{"line":127,"column":5}},"type":"if","locations":[{"start":{"line":124,"column":4},"end":{"line":127,"column":5}},{"start":{},"end":{}}],"line":124},"7":{"loc":{"start":{"line":165,"column":6},"end":{"line":170,"column":7}},"type":"if","locations":[{"start":{"line":165,"column":6},"end":{"line":170,"column":7}},{"start":{"line":167,"column":13},"end":{"line":170,"column":7}}],"line":165},"8":{"loc":{"start":{"line":192,"column":4},"end":{"line":194,"column":5}},"type":"if","locations":[{"start":{"line":192,"column":4},"end":{"line":194,"column":5}},{"start":{},"end":{}}],"line":192},"9":{"loc":{"start":{"line":201,"column":35},"end":{"line":201,"column":95}},"type":"cond-expr","locations":[{"start":{"line":201,"column":58},"end":{"line":201,"column":87}},{"start":{"line":201,"column":90},"end":{"line":201,"column":95}}],"line":201},"10":{"loc":{"start":{"line":207,"column":6},"end":{"line":209,"column":7}},"type":"if","locations":[{"start":{"line":207,"column":6},"end":{"line":209,"column":7}},{"start":{},"end":{}}],"line":207},"11":{"loc":{"start":{"line":214,"column":4},"end":{"line":216,"column":5}},"type":"if","locations":[{"start":{"line":214,"column":4},"end":{"line":216,"column":5}},{"start":{},"end":{}}],"line":214},"12":{"loc":{"start":{"line":223,"column":35},"end":{"line":223,"column":96}},"type":"cond-expr","locations":[{"start":{"line":223,"column":58},"end":{"line":223,"column":88}},{"start":{"line":223,"column":91},"end":{"line":223,"column":96}}],"line":223},"13":{"loc":{"start":{"line":229,"column":6},"end":{"line":231,"column":7}},"type":"if","locations":[{"start":{"line":229,"column":6},"end":{"line":231,"column":7}},{"start":{},"end":{}}],"line":229},"14":{"loc":{"start":{"line":236,"column":4},"end":{"line":238,"column":5}},"type":"if","locations":[{"start":{"line":236,"column":4},"end":{"line":238,"column":5}},{"start":{},"end":{}}],"line":236},"15":{"loc":{"start":{"line":249,"column":6},"end":{"line":251,"column":7}},"type":"if","locations":[{"start":{"line":249,"column":6},"end":{"line":251,"column":7}},{"start":{},"end":{}}],"line":249},"16":{"loc":{"start":{"line":256,"column":4},"end":{"line":258,"column":5}},"type":"if","locations":[{"start":{"line":256,"column":4},"end":{"line":258,"column":5}},{"start":{},"end":{}}],"line":256},"17":{"loc":{"start":{"line":265,"column":35},"end":{"line":265,"column":86}},"type":"cond-expr","locations":[{"start":{"line":265,"column":58},"end":{"line":265,"column":78}},{"start":{"line":265,"column":81},"end":{"line":265,"column":86}}],"line":265},"18":{"loc":{"start":{"line":275,"column":4},"end":{"line":277,"column":5}},"type":"if","locations":[{"start":{"line":275,"column":4},"end":{"line":277,"column":5}},{"start":{},"end":{}}],"line":275},"19":{"loc":{"start":{"line":284,"column":35},"end":{"line":284,"column":85}},"type":"cond-expr","locations":[{"start":{"line":284,"column":58},"end":{"line":284,"column":77}},{"start":{"line":284,"column":80},"end":{"line":284,"column":85}}],"line":284},"20":{"loc":{"start":{"line":299,"column":19},"end":{"line":299,"column":58}},"type":"cond-expr","locations":[{"start":{"line":299,"column":33},"end":{"line":299,"column":47}},{"start":{"line":299,"column":50},"end":{"line":299,"column":58}}],"line":299},"21":{"loc":{"start":{"line":302,"column":22},"end":{"line":302,"column":46}},"type":"binary-expr","locations":[{"start":{"line":302,"column":22},"end":{"line":302,"column":33}},{"start":{"line":302,"column":37},"end":{"line":302,"column":46}}],"line":302},"22":{"loc":{"start":{"line":308,"column":22},"end":{"line":308,"column":47}},"type":"binary-expr","locations":[{"start":{"line":308,"column":22},"end":{"line":308,"column":34}},{"start":{"line":308,"column":38},"end":{"line":308,"column":47}}],"line":308},"23":{"loc":{"start":{"line":336,"column":22},"end":{"line":336,"column":54}},"type":"binary-expr","locations":[{"start":{"line":336,"column":22},"end":{"line":336,"column":41}},{"start":{"line":336,"column":45},"end":{"line":336,"column":54}}],"line":336},"24":{"loc":{"start":{"line":349,"column":9},"end":{"line":364,"column":9}},"type":"binary-expr","locations":[{"start":{"line":349,"column":9},"end":{"line":349,"column":18}},{"start":{"line":350,"column":10},"end":{"line":363,"column":17}}],"line":349}},"s":{"0":2,"1":2,"2":15,"3":15,"4":15,"5":15,"6":15,"7":15,"8":9,"9":9,"10":9,"11":0,"12":0,"13":0,"14":9,"15":9,"16":9,"17":15,"18":2,"19":0,"20":0,"21":2,"22":2,"23":2,"24":2,"25":2,"26":0,"27":0,"28":0,"29":0,"30":2,"31":15,"32":0,"33":0,"34":0,"35":0,"36":0,"37":0,"38":0,"39":0,"40":0,"41":0,"42":0,"43":0,"44":0,"45":0,"46":0,"47":0,"48":0,"49":15,"50":1,"51":0,"52":0,"53":1,"54":1,"55":1,"56":1,"57":1,"58":1,"59":1,"60":1,"61":1,"62":1,"63":1,"64":1,"65":0,"66":0,"67":0,"68":0,"69":1,"70":15,"71":0,"72":0,"73":15,"74":0,"75":15,"76":0,"77":0,"78":0,"79":15,"80":0,"81":0,"82":0,"83":0,"84":0,"85":0,"86":0,"87":0,"88":0,"89":0,"90":0,"91":15,"92":0,"93":0,"94":0,"95":0,"96":0,"97":0,"98":0,"99":0,"100":0,"101":0,"102":0,"103":15,"104":0,"105":0,"106":0,"107":0,"108":0,"109":0,"110":0,"111":0,"112":0,"113":0,"114":0,"115":15,"116":0,"117":0,"118":0,"119":0,"120":0,"121":0,"122":0,"123":0,"124":0,"125":15,"126":0,"127":0,"128":0,"129":0,"130":0,"131":0,"132":0,"133":0,"134":0,"135":15},"f":{"0":15,"1":9,"2":9,"3":2,"4":0,"5":0,"6":1,"7":1,"8":0,"9":0,"10":0,"11":0,"12":0,"13":0,"14":0,"15":0,"16":0,"17":0,"18":0,"19":0,"20":0,"21":0,"22":0,"23":0,"24":0,"25":0},"b":{"0":[0,0],"1":[9,0],"2":[0,2],"3":[0,0],"4":[0,0],"5":[0,0],"6":[0,1],"7":[0,0],"8":[0,0],"9":[0,0],"10":[0,0],"11":[0,0],"12":[0,0],"13":[0,0],"14":[0,0],"15":[0,0],"16":[0,0],"17":[0,0],"18":[0,0],"19":[0,0],"20":[2,13],"21":[15,13],"22":[15,2],"23":[15,1],"24":[15,3]},"_coverageSchema":"1a1c01bbd47fc00a2c39e90264f33305004495a9","hash":"7005edda945ab43372993102e4f53f8eb662fbe8"}
,"/home/user/android-looper/Migration/src/services/audio/AudioError.ts": {"path":"/home/user/android-looper/Migration/src/services/audio/AudioError.ts","statementMap":{"0":{"start":{"line":42,"column":4},"end":{"line":42,"column":19}},"1":{"start":{"line":43,"column":4},"end":{"line":43,"column":29}},"2":{"start":{"line":44,"column":4},"end":{"line":44,"column":21}},"3":{"start":{"line":45,"column":4},"end":{"line":45,"column":32}},"4":{"start":{"line":46,"column":4},"end":{"line":46,"column":32}},"5":{"start":{"line":47,"column":4},"end":{"line":47,"column":27}},"6":{"start":{"line":48,"column":4},"end":{"line":48,"column":71}},"7":{"start":{"line":51,"column":4},"end":{"line":53,"column":5}},"8":{"start":{"line":52,"column":6},"end":{"line":52,"column":48}},"9":{"start":{"line":60,"column":4},"end":{"line":78,"column":5}},"10":{"start":{"line":62,"column":8},"end":{"line":62,"column":117}},"11":{"start":{"line":64,"column":8},"end":{"line":64,"column":59}},"12":{"start":{"line":66,"column":8},"end":{"line":66,"column":66}},"13":{"start":{"line":68,"column":8},"end":{"line":68,"column":63}},"14":{"start":{"line":70,"column":8},"end":{"line":70,"column":65}},"15":{"start":{"line":72,"column":8},"end":{"line":72,"column":78}},"16":{"start":{"line":74,"column":8},"end":{"line":74,"column":82}},"17":{"start":{"line":77,"column":8},"end":{"line":77,"column":65}},"18":{"start":{"line":85,"column":4},"end":{"line":94,"column":6}},"19":{"start":{"line":101,"column":4},"end":{"line":101,"column":58}},"20":{"start":{"line":108,"column":4},"end":{"line":113,"column":26}},"21":{"start":{"line":120,"column":4},"end":{"line":120,"column":56}}},"fnMap":{"0":{"name":"(anonymous_0)","decl":{"start":{"line":36,"column":2},"end":{"line":36,"column":3}},"loc":{"start":{"line":41,"column":4},"end":{"line":54,"column":3}},"line":41},"1":{"name":"(anonymous_1)","decl":{"start":{"line":59,"column":2},"end":{"line":59,"column":3}},"loc":{"start":{"line":59,"column":62},"end":{"line":79,"column":3}},"line":59},"2":{"name":"(anonymous_2)","decl":{"start":{"line":84,"column":2},"end":{"line":84,"column":3}},"loc":{"start":{"line":84,"column":19},"end":{"line":95,"column":3}},"line":84},"3":{"name":"(anonymous_3)","decl":{"start":{"line":100,"column":2},"end":{"line":100,"column":3}},"loc":{"start":{"line":100,"column":31},"end":{"line":102,"column":3}},"line":100},"4":{"name":"(anonymous_4)","decl":{"start":{"line":107,"column":2},"end":{"line":107,"column":3}},"loc":{"start":{"line":107,"column":27},"end":{"line":114,"column":3}},"line":107},"5":{"name":"(anonymous_5)","decl":{"start":{"line":119,"column":2},"end":{"line":119,"column":3}},"loc":{"start":{"line":119,"column":21},"end":{"line":121,"column":3}},"line":119}},"branchMap":{"0":{"loc":{"start":{"line":48,"column":23},"end":{"line":48,"column":70}},"type":"binary-expr","locations":[{"start":{"line":48,"column":23},"end":{"line":48,"column":34}},{"start":{"line":48,"column":38},"end":{"line":48,"column":70}}],"line":48},"1":{"loc":{"start":{"line":51,"column":4},"end":{"line":53,"column":5}},"type":"if","locations":[{"start":{"line":51,"column":4},"end":{"line":53,"column":5}},{"start":{},"end":{}}],"line":51},"2":{"loc":{"start":{"line":60,"column":4},"end":{"line":78,"column":5}},"type":"switch","locations":[{"start":{"line":61,"column":6},"end":{"line":62,"column":117}},{"start":{"line":63,"column":6},"end":{"line":64,"column":59}},{"start":{"line":65,"column":6},"end":{"line":66,"column":66}},{"start":{"line":67,"column":6},"end":{"line":68,"column":63}},{"start":{"line":69,"column":6},"end":{"line":70,"column":65}},{"start":{"line":71,"column":6},"end":{"line":72,"column":78}},{"start":{"line":73,"column":6},"end":{"line":74,"column":82}},{"start":{"line":75,"column":6},"end":{"line":75,"column":40}},{"start":{"line":76,"column":6},"end":{"line":77,"column":65}}],"line":60}},"s":{"0":38,"1":38,"2":38,"3":38,"4":38,"5":38,"6":38,"7":38,"8":38,"9":17,"10":3,"11":4,"12":2,"13":2,"14":2,"15":1,"16":2,"17":1,"18":9,"19":2,"20":5,"21":1},"f":{"0":38,"1":17,"2":9,"3":2,"4":5,"5":1},"b":{"0":[38,17],"1":[38,0],"2":[3,4,2,2,2,1,2,1,1]},"_coverageSchema":"1a1c01bbd47fc00a2c39e90264f33305004495a9","hash":"fa55b8d1737187ddf7db143a2a5db13c944ad62b"}
,"/home/user/android-looper/Migration/src/services/audio/AudioService.ts": {"path":"/home/user/android-looper/Migration/src/services/audio/AudioService.ts","statementMap":{"0":{"start":{"line":58,"column":47},"end":{"line":58,"column":56}},"1":{"start":{"line":61,"column":44},"end":{"line":61,"column":48}},"2":{"start":{"line":67,"column":4},"end":{"line":67,"column":36}},"3":{"start":{"line":68,"column":4},"end":{"line":68,"column":46}},"4":{"start":{"line":69,"column":4},"end":{"line":69,"column":30}},"5":{"start":{"line":70,"column":4},"end":{"line":70,"column":42}},"6":{"start":{"line":71,"column":4},"end":{"line":71,"column":66}},"7":{"start":{"line":80,"column":4},"end":{"line":86,"column":5}},"8":{"start":{"line":81,"column":6},"end":{"line":85,"column":8}},"9":{"start":{"line":88,"column":4},"end":{"line":88,"column":48}},"10":{"start":{"line":89,"column":4},"end":{"line":89,"column":40}},"11":{"start":{"line":96,"column":4},"end":{"line":102,"column":5}},"12":{"start":{"line":97,"column":6},"end":{"line":101,"column":8}},"13":{"start":{"line":104,"column":4},"end":{"line":111,"column":5}},"14":{"start":{"line":105,"column":18},"end":{"line":105,"column":53}},"15":{"start":{"line":106,"column":6},"end":{"line":106,"column":35}},"16":{"start":{"line":107,"column":6},"end":{"line":107,"column":17}},"17":{"start":{"line":109,"column":6},"end":{"line":109,"column":35}},"18":{"start":{"line":110,"column":6},"end":{"line":110,"column":18}},"19":{"start":{"line":118,"column":4},"end":{"line":120,"column":5}},"20":{"start":{"line":119,"column":6},"end":{"line":119,"column":13}},"21":{"start":{"line":122,"column":4},"end":{"line":122,"column":42}},"22":{"start":{"line":123,"column":4},"end":{"line":123,"column":33}},"23":{"start":{"line":130,"column":4},"end":{"line":130,"column":39}},"24":{"start":{"line":137,"column":4},"end":{"line":137,"column":48}},"25":{"start":{"line":144,"column":4},"end":{"line":144,"column":42}},"26":{"start":{"line":154,"column":4},"end":{"line":160,"column":5}},"27":{"start":{"line":155,"column":6},"end":{"line":159,"column":8}},"28":{"start":{"line":163,"column":4},"end":{"line":165,"column":5}},"29":{"start":{"line":164,"column":6},"end":{"line":164,"column":38}},"30":{"start":{"line":168,"column":19},"end":{"line":168,"column":39}},"31":{"start":{"line":169,"column":4},"end":{"line":169,"column":36}},"32":{"start":{"line":172,"column":4},"end":{"line":179,"column":7}},"33":{"start":{"line":186,"column":18},"end":{"line":186,"column":40}},"34":{"start":{"line":187,"column":4},"end":{"line":187,"column":30}},"35":{"start":{"line":188,"column":4},"end":{"line":188,"column":27}},"36":{"start":{"line":195,"column":18},"end":{"line":195,"column":40}},"37":{"start":{"line":196,"column":4},"end":{"line":196,"column":31}},"38":{"start":{"line":197,"column":4},"end":{"line":197,"column":28}},"39":{"start":{"line":204,"column":18},"end":{"line":204,"column":40}},"40":{"start":{"line":205,"column":4},"end":{"line":205,"column":30}},"41":{"start":{"line":206,"column":4},"end":{"line":206,"column":28}},"42":{"start":{"line":213,"column":18},"end":{"line":213,"column":40}},"43":{"start":{"line":214,"column":4},"end":{"line":214,"column":39}},"44":{"start":{"line":215,"column":4},"end":{"line":215,"column":24}},"45":{"start":{"line":222,"column":18},"end":{"line":222,"column":40}},"46":{"start":{"line":223,"column":4},"end":{"line":223,"column":41}},"47":{"start":{"line":224,"column":4},"end":{"line":224,"column":26}},"48":{"start":{"line":231,"column":18},"end":{"line":231,"column":40}},"49":{"start":{"line":232,"column":4},"end":{"line":232,"column":40}},"50":{"start":{"line":239,"column":18},"end":{"line":239,"column":40}},"51":{"start":{"line":240,"column":4},"end":{"line":240,"column":38}},"52":{"start":{"line":247,"column":18},"end":{"line":247,"column":40}},"53":{"start":{"line":248,"column":4},"end":{"line":248,"column":38}},"54":{"start":{"line":255,"column":18},"end":{"line":255,"column":40}},"55":{"start":{"line":256,"column":4},"end":{"line":256,"column":45}},"56":{"start":{"line":263,"column":18},"end":{"line":263,"column":43}},"57":{"start":{"line":264,"column":4},"end":{"line":264,"column":43}},"58":{"start":{"line":271,"column":18},"end":{"line":271,"column":43}},"59":{"start":{"line":272,"column":4},"end":{"line":274,"column":5}},"60":{"start":{"line":273,"column":6},"end":{"line":273,"column":13}},"61":{"start":{"line":276,"column":4},"end":{"line":276,"column":32}},"62":{"start":{"line":277,"column":4},"end":{"line":277,"column":33}},"63":{"start":{"line":284,"column":27},"end":{"line":286,"column":5}},"64":{"start":{"line":285,"column":6},"end":{"line":285,"column":31}},"65":{"start":{"line":287,"column":4},"end":{"line":287,"column":38}},"66":{"start":{"line":294,"column":25},"end":{"line":294,"column":98}},"67":{"start":{"line":294,"column":74},"end":{"line":294,"column":97}},"68":{"start":{"line":295,"column":4},"end":{"line":295,"column":36}},"69":{"start":{"line":302,"column":26},"end":{"line":304,"column":48}},"70":{"start":{"line":303,"column":25},"end":{"line":303,"column":40}},"71":{"start":{"line":304,"column":22},"end":{"line":304,"column":47}},"72":{"start":{"line":305,"column":4},"end":{"line":305,"column":37}},"73":{"start":{"line":312,"column":4},"end":{"line":312,"column":43}},"74":{"start":{"line":319,"column":4},"end":{"line":319,"column":37}},"75":{"start":{"line":334,"column":4},"end":{"line":334,"column":44}},"76":{"start":{"line":337,"column":4},"end":{"line":339,"column":5}},"77":{"start":{"line":338,"column":6},"end":{"line":338,"column":55}},"78":{"start":{"line":341,"column":4},"end":{"line":349,"column":5}},"79":{"start":{"line":342,"column":24},"end":{"line":342,"column":79}},"80":{"start":{"line":343,"column":6},"end":{"line":343,"column":23}},"81":{"start":{"line":346,"column":6},"end":{"line":348,"column":7}},"82":{"start":{"line":347,"column":8},"end":{"line":347,"column":49}},"83":{"start":{"line":356,"column":4},"end":{"line":356,"column":30}},"84":{"start":{"line":363,"column":4},"end":{"line":363,"column":33}},"85":{"start":{"line":370,"column":4},"end":{"line":370,"column":53}},"86":{"start":{"line":379,"column":4},"end":{"line":379,"column":66}},"87":{"start":{"line":386,"column":4},"end":{"line":386,"column":67}},"88":{"start":{"line":394,"column":4},"end":{"line":398,"column":5}},"89":{"start":{"line":395,"column":6},"end":{"line":397,"column":7}},"90":{"start":{"line":396,"column":8},"end":{"line":396,"column":40}},"91":{"start":{"line":400,"column":4},"end":{"line":400,"column":49}},"92":{"start":{"line":407,"column":4},"end":{"line":407,"column":44}},"93":{"start":{"line":414,"column":4},"end":{"line":414,"column":45}},"94":{"start":{"line":421,"column":4},"end":{"line":421,"column":45}},"95":{"start":{"line":428,"column":4},"end":{"line":428,"column":46}},"96":{"start":{"line":435,"column":4},"end":{"line":435,"column":67}},"97":{"start":{"line":445,"column":4},"end":{"line":447,"column":5}},"98":{"start":{"line":446,"column":6},"end":{"line":446,"column":35}},"99":{"start":{"line":450,"column":4},"end":{"line":452,"column":5}},"100":{"start":{"line":451,"column":6},"end":{"line":451,"column":32}},"101":{"start":{"line":455,"column":4},"end":{"line":455,"column":33}},"102":{"start":{"line":458,"column":4},"end":{"line":458,"column":34}},"103":{"start":{"line":461,"column":4},"end":{"line":461,"column":34}},"104":{"start":{"line":470,"column":18},"end":{"line":470,"column":43}},"105":{"start":{"line":471,"column":4},"end":{"line":477,"column":5}},"106":{"start":{"line":472,"column":6},"end":{"line":476,"column":8}},"107":{"start":{"line":478,"column":4},"end":{"line":478,"column":17}}},"fnMap":{"0":{"name":"(anonymous_0)","decl":{"start":{"line":66,"column":2},"end":{"line":66,"column":3}},"loc":{"start":{"line":66,"column":42},"end":{"line":72,"column":3}},"line":66},"1":{"name":"(anonymous_1)","decl":{"start":{"line":79,"column":2},"end":{"line":79,"column":3}},"loc":{"start":{"line":79,"column":73},"end":{"line":90,"column":3}},"line":79},"2":{"name":"(anonymous_2)","decl":{"start":{"line":95,"column":2},"end":{"line":95,"column":3}},"loc":{"start":{"line":95,"column":48},"end":{"line":112,"column":3}},"line":95},"3":{"name":"(anonymous_3)","decl":{"start":{"line":117,"column":2},"end":{"line":117,"column":3}},"loc":{"start":{"line":117,"column":48},"end":{"line":124,"column":3}},"line":117},"4":{"name":"(anonymous_4)","decl":{"start":{"line":129,"column":2},"end":{"line":129,"column":3}},"loc":{"start":{"line":129,"column":32},"end":{"line":131,"column":3}},"line":129},"5":{"name":"(anonymous_5)","decl":{"start":{"line":136,"column":2},"end":{"line":136,"column":3}},"loc":{"start":{"line":136,"column":40},"end":{"line":138,"column":3}},"line":136},"6":{"name":"(anonymous_6)","decl":{"start":{"line":143,"column":2},"end":{"line":143,"column":3}},"loc":{"start":{"line":143,"column":63},"end":{"line":145,"column":3}},"line":143},"7":{"name":"(anonymous_7)","decl":{"start":{"line":152,"column":2},"end":{"line":152,"column":3}},"loc":{"start":{"line":152,"column":97},"end":{"line":180,"column":3}},"line":152},"8":{"name":"(anonymous_8)","decl":{"start":{"line":185,"column":2},"end":{"line":185,"column":3}},"loc":{"start":{"line":185,"column":57},"end":{"line":189,"column":3}},"line":185},"9":{"name":"(anonymous_9)","decl":{"start":{"line":194,"column":2},"end":{"line":194,"column":3}},"loc":{"start":{"line":194,"column":58},"end":{"line":198,"column":3}},"line":194},"10":{"name":"(anonymous_10)","decl":{"start":{"line":203,"column":2},"end":{"line":203,"column":3}},"loc":{"start":{"line":203,"column":57},"end":{"line":207,"column":3}},"line":203},"11":{"name":"(anonymous_11)","decl":{"start":{"line":212,"column":2},"end":{"line":212,"column":3}},"loc":{"start":{"line":212,"column":76},"end":{"line":216,"column":3}},"line":212},"12":{"name":"(anonymous_12)","decl":{"start":{"line":221,"column":2},"end":{"line":221,"column":3}},"loc":{"start":{"line":221,"column":78},"end":{"line":225,"column":3}},"line":221},"13":{"name":"(anonymous_13)","decl":{"start":{"line":230,"column":2},"end":{"line":230,"column":3}},"loc":{"start":{"line":230,"column":78},"end":{"line":233,"column":3}},"line":230},"14":{"name":"(anonymous_14)","decl":{"start":{"line":238,"column":2},"end":{"line":238,"column":3}},"loc":{"start":{"line":238,"column":66},"end":{"line":241,"column":3}},"line":238},"15":{"name":"(anonymous_15)","decl":{"start":{"line":246,"column":2},"end":{"line":246,"column":3}},"loc":{"start":{"line":246,"column":66},"end":{"line":249,"column":3}},"line":246},"16":{"name":"(anonymous_16)","decl":{"start":{"line":254,"column":2},"end":{"line":254,"column":3}},"loc":{"start":{"line":254,"column":82},"end":{"line":257,"column":3}},"line":254},"17":{"name":"(anonymous_17)","decl":{"start":{"line":262,"column":2},"end":{"line":262,"column":3}},"loc":{"start":{"line":262,"column":50},"end":{"line":265,"column":3}},"line":262},"18":{"name":"(anonymous_18)","decl":{"start":{"line":270,"column":2},"end":{"line":270,"column":3}},"loc":{"start":{"line":270,"column":59},"end":{"line":278,"column":3}},"line":270},"19":{"name":"(anonymous_19)","decl":{"start":{"line":283,"column":2},"end":{"line":283,"column":3}},"loc":{"start":{"line":283,"column":48},"end":{"line":288,"column":3}},"line":283},"20":{"name":"(anonymous_20)","decl":{"start":{"line":284,"column":63},"end":{"line":284,"column":64}},"loc":{"start":{"line":285,"column":6},"end":{"line":285,"column":31}},"line":285},"21":{"name":"(anonymous_21)","decl":{"start":{"line":293,"column":2},"end":{"line":293,"column":3}},"loc":{"start":{"line":293,"column":46},"end":{"line":296,"column":3}},"line":293},"22":{"name":"(anonymous_22)","decl":{"start":{"line":294,"column":61},"end":{"line":294,"column":62}},"loc":{"start":{"line":294,"column":74},"end":{"line":294,"column":97}},"line":294},"23":{"name":"(anonymous_23)","decl":{"start":{"line":301,"column":2},"end":{"line":301,"column":3}},"loc":{"start":{"line":301,"column":47},"end":{"line":306,"column":3}},"line":301},"24":{"name":"(anonymous_24)","decl":{"start":{"line":303,"column":14},"end":{"line":303,"column":15}},"loc":{"start":{"line":303,"column":25},"end":{"line":303,"column":40}},"line":303},"25":{"name":"(anonymous_25)","decl":{"start":{"line":304,"column":11},"end":{"line":304,"column":12}},"loc":{"start":{"line":304,"column":22},"end":{"line":304,"column":47}},"line":304},"26":{"name":"(anonymous_26)","decl":{"start":{"line":311,"column":2},"end":{"line":311,"column":3}},"loc":{"start":{"line":311,"column":39},"end":{"line":313,"column":3}},"line":311},"27":{"name":"(anonymous_27)","decl":{"start":{"line":318,"column":2},"end":{"line":318,"column":3}},"loc":{"start":{"line":318,"column":65},"end":{"line":320,"column":3}},"line":318},"28":{"name":"(anonymous_28)","decl":{"start":{"line":327,"column":2},"end":{"line":327,"column":3}},"loc":{"start":{"line":332,"column":21},"end":{"line":350,"column":3}},"line":332},"29":{"name":"(anonymous_29)","decl":{"start":{"line":347,"column":39},"end":{"line":347,"column":40}},"loc":{"start":{"line":347,"column":45},"end":{"line":347,"column":47}},"line":347},"30":{"name":"(anonymous_30)","decl":{"start":{"line":355,"column":2},"end":{"line":355,"column":3}},"loc":{"start":{"line":355,"column":45},"end":{"line":357,"column":3}},"line":355},"31":{"name":"(anonymous_31)","decl":{"start":{"line":362,"column":2},"end":{"line":362,"column":3}},"loc":{"start":{"line":362,"column":29},"end":{"line":364,"column":3}},"line":362},"32":{"name":"(anonymous_32)","decl":{"start":{"line":369,"column":2},"end":{"line":369,"column":3}},"loc":{"start":{"line":369,"column":67},"end":{"line":371,"column":3}},"line":369},"33":{"name":"(anonymous_33)","decl":{"start":{"line":378,"column":2},"end":{"line":378,"column":3}},"loc":{"start":{"line":378,"column":86},"end":{"line":380,"column":3}},"line":378},"34":{"name":"(anonymous_34)","decl":{"start":{"line":385,"column":2},"end":{"line":385,"column":3}},"loc":{"start":{"line":385,"column":87},"end":{"line":387,"column":3}},"line":385},"35":{"name":"(anonymous_35)","decl":{"start":{"line":392,"column":2},"end":{"line":392,"column":3}},"loc":{"start":{"line":392,"column":62},"end":{"line":401,"column":3}},"line":392},"36":{"name":"(anonymous_36)","decl":{"start":{"line":406,"column":2},"end":{"line":406,"column":3}},"loc":{"start":{"line":406,"column":57},"end":{"line":408,"column":3}},"line":406},"37":{"name":"(anonymous_37)","decl":{"start":{"line":413,"column":2},"end":{"line":413,"column":3}},"loc":{"start":{"line":413,"column":57},"end":{"line":415,"column":3}},"line":413},"38":{"name":"(anonymous_38)","decl":{"start":{"line":420,"column":2},"end":{"line":420,"column":3}},"loc":{"start":{"line":420,"column":51},"end":{"line":422,"column":3}},"line":420},"39":{"name":"(anonymous_39)","decl":{"start":{"line":427,"column":2},"end":{"line":427,"column":3}},"loc":{"start":{"line":427,"column":49},"end":{"line":429,"column":3}},"line":427},"40":{"name":"(anonymous_40)","decl":{"start":{"line":434,"column":2},"end":{"line":434,"column":3}},"loc":{"start":{"line":434,"column":79},"end":{"line":436,"column":3}},"line":434},"41":{"name":"(anonymous_41)","decl":{"start":{"line":443,"column":2},"end":{"line":443,"column":3}},"loc":{"start":{"line":443,"column":40},"end":{"line":462,"column":3}},"line":443},"42":{"name":"(anonymous_42)","decl":{"start":{"line":469,"column":2},"end":{"line":469,"column":3}},"loc":{"start":{"line":469,"column":50},"end":{"line":479,"column":3}},"line":469}},"branchMap":{"0":{"loc":{"start":{"line":71,"column":32},"end":{"line":71,"column":65}},"type":"binary-expr","locations":[{"start":{"line":71,"column":32},"end":{"line":71,"column":59}},{"start":{"line":71,"column":63},"end":{"line":71,"column":65}}],"line":71},"1":{"loc":{"start":{"line":80,"column":4},"end":{"line":86,"column":5}},"type":"if","locations":[{"start":{"line":80,"column":4},"end":{"line":86,"column":5}},{"start":{},"end":{}}],"line":80},"2":{"loc":{"start":{"line":96,"column":4},"end":{"line":102,"column":5}},"type":"if","locations":[{"start":{"line":96,"column":4},"end":{"line":102,"column":5}},{"start":{},"end":{}}],"line":96},"3":{"loc":{"start":{"line":118,"column":4},"end":{"line":120,"column":5}},"type":"if","locations":[{"start":{"line":118,"column":4},"end":{"line":120,"column":5}},{"start":{},"end":{}}],"line":118},"4":{"loc":{"start":{"line":154,"column":4},"end":{"line":160,"column":5}},"type":"if","locations":[{"start":{"line":154,"column":4},"end":{"line":160,"column":5}},{"start":{},"end":{}}],"line":154},"5":{"loc":{"start":{"line":163,"column":4},"end":{"line":165,"column":5}},"type":"if","locations":[{"start":{"line":163,"column":4},"end":{"line":165,"column":5}},{"start":{},"end":{}}],"line":163},"6":{"loc":{"start":{"line":177,"column":13},"end":{"line":177,"column":34}},"type":"binary-expr","locations":[{"start":{"line":177,"column":13},"end":{"line":177,"column":27}},{"start":{"line":177,"column":31},"end":{"line":177,"column":34}}],"line":177},"7":{"loc":{"start":{"line":178,"column":14},"end":{"line":178,"column":36}},"type":"binary-expr","locations":[{"start":{"line":178,"column":14},"end":{"line":178,"column":29}},{"start":{"line":178,"column":33},"end":{"line":178,"column":36}}],"line":178},"8":{"loc":{"start":{"line":264,"column":11},"end":{"line":264,"column":42}},"type":"cond-expr","locations":[{"start":{"line":264,"column":19},"end":{"line":264,"column":34}},{"start":{"line":264,"column":37},"end":{"line":264,"column":42}}],"line":264},"9":{"loc":{"start":{"line":272,"column":4},"end":{"line":274,"column":5}},"type":"if","locations":[{"start":{"line":272,"column":4},"end":{"line":274,"column":5}},{"start":{},"end":{}}],"line":272},"10":{"loc":{"start":{"line":337,"column":4},"end":{"line":339,"column":5}},"type":"if","locations":[{"start":{"line":337,"column":4},"end":{"line":339,"column":5}},{"start":{},"end":{}}],"line":337},"11":{"loc":{"start":{"line":346,"column":6},"end":{"line":348,"column":7}},"type":"if","locations":[{"start":{"line":346,"column":6},"end":{"line":348,"column":7}},{"start":{},"end":{}}],"line":346},"12":{"loc":{"start":{"line":395,"column":6},"end":{"line":397,"column":7}},"type":"if","locations":[{"start":{"line":395,"column":6},"end":{"line":397,"column":7}},{"start":{},"end":{}}],"line":395},"13":{"loc":{"start":{"line":445,"column":4},"end":{"line":447,"column":5}},"type":"if","locations":[{"start":{"line":445,"column":4},"end":{"line":447,"column":5}},{"start":{},"end":{}}],"line":445},"14":{"loc":{"start":{"line":450,"column":4},"end":{"line":452,"column":5}},"type":"if","locations":[{"start":{"line":450,"column":4},"end":{"line":452,"column":5}},{"start":{},"end":{}}],"line":450},"15":{"loc":{"start":{"line":471,"column":4},"end":{"line":477,"column":5}},"type":"if","locations":[{"start":{"line":471,"column":4},"end":{"line":477,"column":5}},{"start":{},"end":{}}],"line":471}},"s":{"0":42,"1":42,"2":42,"3":42,"4":42,"5":42,"6":42,"7":8,"8":1,"9":7,"10":7,"11":3,"12":1,"13":2,"14":2,"15":2,"16":2,"17":0,"18":0,"19":5,"20":0,"21":5,"22":5,"23":52,"24":1,"25":1,"26":22,"27":1,"28":21,"29":0,"30":21,"31":21,"32":21,"33":8,"34":7,"35":7,"36":3,"37":3,"38":3,"39":1,"40":1,"41":1,"42":1,"43":1,"44":1,"45":1,"46":1,"47":1,"48":1,"49":1,"50":1,"51":1,"52":1,"53":1,"54":1,"55":1,"56":9,"57":9,"58":21,"59":21,"60":0,"61":21,"62":21,"63":49,"64":19,"65":49,"66":2,"67":4,"68":2,"69":1,"70":2,"71":2,"72":1,"73":3,"74":2,"75":2,"76":2,"77":1,"78":2,"79":2,"80":2,"81":2,"82":1,"83":1,"84":50,"85":1,"86":1,"87":1,"88":1,"89":1,"90":1,"91":1,"92":1,"93":1,"94":1,"95":49,"96":2,"97":48,"98":4,"99":48,"100":0,"101":48,"102":48,"103":48,"104":18,"105":18,"106":1,"107":17},"f":{"0":42,"1":8,"2":3,"3":5,"4":52,"5":1,"6":1,"7":22,"8":8,"9":3,"10":1,"11":1,"12":1,"13":1,"14":1,"15":1,"16":1,"17":9,"18":21,"19":49,"20":19,"21":2,"22":4,"23":1,"24":2,"25":2,"26":3,"27":2,"28":2,"29":0,"30":1,"31":50,"32":1,"33":1,"34":1,"35":1,"36":1,"37":1,"38":1,"39":49,"40":2,"41":48,"42":18},"b":{"0":[42,0],"1":[1,7],"2":[1,2],"3":[0,5],"4":[1,21],"5":[0,21],"6":[21,20],"7":[21,20],"8":[8,1],"9":[0,21],"10":[1,1],"11":[1,1],"12":[1,0],"13":[4,44],"14":[0,48],"15":[1,17]},"_coverageSchema":"1a1c01bbd47fc00a2c39e90264f33305004495a9","hash":"0882f62b30f98d15edcf94afd5640891346441a3"}
,"/home/user/android-looper/Migration/src/services/audio/AudioServiceFactory.ts": {"path":"/home/user/android-looper/Migration/src/services/audio/AudioServiceFactory.ts","statementMap":{"0":{"start":{"line":41,"column":49},"end":{"line":41,"column":53}},"1":{"start":{"line":42,"column":52},"end":{"line":42,"column":56}},"2":{"start":{"line":48,"column":4},"end":{"line":48,"column":32}},"3":{"start":{"line":49,"column":4},"end":{"line":49,"column":65}},"4":{"start":{"line":56,"column":4},"end":{"line":56,"column":35}},"5":{"start":{"line":57,"column":4},"end":{"line":57,"column":68}},"6":{"start":{"line":64,"column":4},"end":{"line":67,"column":7}},"7":{"start":{"line":74,"column":4},"end":{"line":74,"column":50}},"8":{"start":{"line":84,"column":54},"end":{"line":84,"column":58}},"9":{"start":{"line":85,"column":35},"end":{"line":85,"column":40}},"10":{"start":{"line":88,"column":4},"end":{"line":88,"column":42}},"11":{"start":{"line":95,"column":4},"end":{"line":97,"column":5}},"12":{"start":{"line":96,"column":6},"end":{"line":96,"column":73}},"13":{"start":{"line":98,"column":4},"end":{"line":98,"column":45}},"14":{"start":{"line":108,"column":4},"end":{"line":112,"column":5}},"15":{"start":{"line":109,"column":6},"end":{"line":109,"column":50}},"16":{"start":{"line":111,"column":6},"end":{"line":111,"column":53}},"17":{"start":{"line":115,"column":4},"end":{"line":119,"column":5}},"18":{"start":{"line":116,"column":6},"end":{"line":116,"column":86}},"19":{"start":{"line":117,"column":6},"end":{"line":117,"column":39}},"20":{"start":{"line":118,"column":6},"end":{"line":118,"column":33}},"21":{"start":{"line":128,"column":29},"end":{"line":128,"column":67}},"22":{"start":{"line":130,"column":4},"end":{"line":137,"column":5}},"23":{"start":{"line":131,"column":27},"end":{"line":131,"column":44}},"24":{"start":{"line":132,"column":6},"end":{"line":136,"column":8}},"25":{"start":{"line":139,"column":4},"end":{"line":172,"column":5}},"26":{"start":{"line":141,"column":21},"end":{"line":141,"column":37}},"27":{"start":{"line":144,"column":23},"end":{"line":144,"column":54}},"28":{"start":{"line":145,"column":20},"end":{"line":145,"column":48}},"29":{"start":{"line":146,"column":26},"end":{"line":146,"column":60}},"30":{"start":{"line":149,"column":28},"end":{"line":149,"column":63}},"31":{"start":{"line":149,"column":34},"end":{"line":149,"column":63}},"32":{"start":{"line":152,"column":48},"end":{"line":158,"column":7}},"33":{"start":{"line":160,"column":27},"end":{"line":160,"column":58}},"34":{"start":{"line":162,"column":6},"end":{"line":162,"column":89}},"35":{"start":{"line":164,"column":6},"end":{"line":164,"column":26}},"36":{"start":{"line":166,"column":6},"end":{"line":171,"column":8}},"37":{"start":{"line":184,"column":4},"end":{"line":187,"column":5}},"38":{"start":{"line":185,"column":6},"end":{"line":185,"column":60}},"39":{"start":{"line":186,"column":6},"end":{"line":186,"column":32}},"40":{"start":{"line":188,"column":4},"end":{"line":188,"column":37}},"41":{"start":{"line":195,"column":4},"end":{"line":195,"column":68}},"42":{"start":{"line":202,"column":4},"end":{"line":202,"column":50}},"43":{"start":{"line":211,"column":4},"end":{"line":216,"column":5}},"44":{"start":{"line":212,"column":6},"end":{"line":212,"column":68}},"45":{"start":{"line":213,"column":6},"end":{"line":213,"column":48}},"46":{"start":{"line":214,"column":6},"end":{"line":214,"column":39}},"47":{"start":{"line":215,"column":6},"end":{"line":215,"column":33}},"48":{"start":{"line":223,"column":4},"end":{"line":223,"column":37}},"49":{"start":{"line":224,"column":4},"end":{"line":224,"column":31}},"50":{"start":{"line":225,"column":4},"end":{"line":225,"column":42}},"51":{"start":{"line":232,"column":35},"end":{"line":232,"column":73}},"52":{"start":{"line":252,"column":2},"end":{"line":252,"column":59}},"53":{"start":{"line":265,"column":2},"end":{"line":265,"column":47}},"54":{"start":{"line":272,"column":2},"end":{"line":272,"column":53}},"55":{"start":{"line":279,"column":2},"end":{"line":279,"column":38}}},"fnMap":{"0":{"name":"(anonymous_0)","decl":{"start":{"line":47,"column":2},"end":{"line":47,"column":3}},"loc":{"start":{"line":47,"column":56},"end":{"line":50,"column":3}},"line":47},"1":{"name":"(anonymous_1)","decl":{"start":{"line":55,"column":2},"end":{"line":55,"column":3}},"loc":{"start":{"line":55,"column":59},"end":{"line":58,"column":3}},"line":55},"2":{"name":"(anonymous_2)","decl":{"start":{"line":63,"column":2},"end":{"line":63,"column":3}},"loc":{"start":{"line":63,"column":52},"end":{"line":68,"column":3}},"line":63},"3":{"name":"(anonymous_3)","decl":{"start":{"line":73,"column":2},"end":{"line":73,"column":3}},"loc":{"start":{"line":73,"column":36},"end":{"line":75,"column":3}},"line":73},"4":{"name":"(anonymous_4)","decl":{"start":{"line":87,"column":2},"end":{"line":87,"column":3}},"loc":{"start":{"line":87,"column":24},"end":{"line":89,"column":3}},"line":87},"5":{"name":"(anonymous_5)","decl":{"start":{"line":94,"column":2},"end":{"line":94,"column":3}},"loc":{"start":{"line":94,"column":56},"end":{"line":99,"column":3}},"line":94},"6":{"name":"(anonymous_6)","decl":{"start":{"line":107,"column":2},"end":{"line":107,"column":3}},"loc":{"start":{"line":107,"column":88},"end":{"line":120,"column":3}},"line":107},"7":{"name":"(anonymous_7)","decl":{"start":{"line":127,"column":2},"end":{"line":127,"column":3}},"loc":{"start":{"line":127,"column":44},"end":{"line":173,"column":3}},"line":127},"8":{"name":"(anonymous_8)","decl":{"start":{"line":149,"column":28},"end":{"line":149,"column":29}},"loc":{"start":{"line":149,"column":34},"end":{"line":149,"column":63}},"line":149},"9":{"name":"(anonymous_9)","decl":{"start":{"line":183,"column":2},"end":{"line":183,"column":3}},"loc":{"start":{"line":183,"column":41},"end":{"line":189,"column":3}},"line":183},"10":{"name":"(anonymous_10)","decl":{"start":{"line":194,"column":2},"end":{"line":194,"column":3}},"loc":{"start":{"line":194,"column":41},"end":{"line":196,"column":3}},"line":194},"11":{"name":"(anonymous_11)","decl":{"start":{"line":201,"column":2},"end":{"line":201,"column":3}},"loc":{"start":{"line":201,"column":42},"end":{"line":203,"column":3}},"line":201},"12":{"name":"(anonymous_12)","decl":{"start":{"line":210,"column":2},"end":{"line":210,"column":3}},"loc":{"start":{"line":210,"column":40},"end":{"line":217,"column":3}},"line":210},"13":{"name":"(anonymous_13)","decl":{"start":{"line":222,"column":2},"end":{"line":222,"column":3}},"loc":{"start":{"line":222,"column":23},"end":{"line":226,"column":3}},"line":222},"14":{"name":"registerAudioServices","decl":{"start":{"line":248,"column":16},"end":{"line":248,"column":37}},"loc":{"start":{"line":251,"column":8},"end":{"line":253,"column":1}},"line":251},"15":{"name":"getAudioService","decl":{"start":{"line":264,"column":16},"end":{"line":264,"column":31}},"loc":{"start":{"line":264,"column":48},"end":{"line":266,"column":1}},"line":264},"16":{"name":"isAudioServiceAvailable","decl":{"start":{"line":271,"column":16},"end":{"line":271,"column":39}},"loc":{"start":{"line":271,"column":51},"end":{"line":273,"column":1}},"line":271},"17":{"name":"cleanupAudioService","decl":{"start":{"line":278,"column":22},"end":{"line":278,"column":41}},"loc":{"start":{"line":278,"column":59},"end":{"line":280,"column":1}},"line":278}},"branchMap":{"0":{"loc":{"start":{"line":95,"column":4},"end":{"line":97,"column":5}},"type":"if","locations":[{"start":{"line":95,"column":4},"end":{"line":97,"column":5}},{"start":{},"end":{}}],"line":95},"1":{"loc":{"start":{"line":108,"column":4},"end":{"line":112,"column":5}},"type":"if","locations":[{"start":{"line":108,"column":4},"end":{"line":112,"column":5}},{"start":{"line":110,"column":11},"end":{"line":112,"column":5}}],"line":108},"2":{"loc":{"start":{"line":115,"column":4},"end":{"line":119,"column":5}},"type":"if","locations":[{"start":{"line":115,"column":4},"end":{"line":119,"column":5}},{"start":{},"end":{}}],"line":115},"3":{"loc":{"start":{"line":130,"column":4},"end":{"line":137,"column":5}},"type":"if","locations":[{"start":{"line":130,"column":4},"end":{"line":137,"column":5}},{"start":{},"end":{}}],"line":130},"4":{"loc":{"start":{"line":184,"column":4},"end":{"line":187,"column":5}},"type":"if","locations":[{"start":{"line":184,"column":4},"end":{"line":187,"column":5}},{"start":{},"end":{}}],"line":184},"5":{"loc":{"start":{"line":195,"column":11},"end":{"line":195,"column":67}},"type":"binary-expr","locations":[{"start":{"line":195,"column":11},"end":{"line":195,"column":29}},{"start":{"line":195,"column":33},"end":{"line":195,"column":67}}],"line":195},"6":{"loc":{"start":{"line":211,"column":4},"end":{"line":216,"column":5}},"type":"if","locations":[{"start":{"line":211,"column":4},"end":{"line":216,"column":5}},{"start":{},"end":{}}],"line":211}},"s":{"0":17,"1":17,"2":0,"3":0,"4":13,"5":13,"6":18,"7":8,"8":3,"9":3,"10":3,"11":3,"12":3,"13":3,"14":13,"15":0,"16":13,"17":13,"18":0,"19":0,"20":0,"21":10,"22":10,"23":1,"24":1,"25":9,"26":9,"27":9,"28":9,"29":9,"30":9,"31":1,"32":9,"33":9,"34":9,"35":9,"36":0,"37":16,"38":8,"39":8,"40":16,"41":6,"42":8,"43":14,"44":5,"45":5,"46":5,"47":5,"48":14,"49":14,"50":14,"51":3,"52":13,"53":16,"54":2,"55":0},"f":{"0":0,"1":13,"2":18,"3":8,"4":3,"5":3,"6":13,"7":10,"8":1,"9":16,"10":6,"11":8,"12":14,"13":14,"14":13,"15":16,"16":2,"17":0},"b":{"0":[3,0],"1":[0,13],"2":[0,13],"3":[1,9],"4":[8,8],"5":[6,3],"6":[5,9]},"_coverageSchema":"1a1c01bbd47fc00a2c39e90264f33305004495a9","hash":"46c8704f63be5bde0666552b19a30bdbb77d873a"}
,"/home/user/android-looper/Migration/src/services/audio/BaseAudioMixer.ts": {"path":"/home/user/android-looper/Migration/src/services/audio/BaseAudioMixer.ts","statementMap":{"0":{"start":{"line":21,"column":33},"end":{"line":21,"column":38}},"1":{"start":{"line":31,"column":34},"end":{"line":31,"column":39}},"2":{"start":{"line":56,"column":4},"end":{"line":62,"column":5}},"3":{"start":{"line":57,"column":6},"end":{"line":61,"column":8}},"4":{"start":{"line":65,"column":4},"end":{"line":65,"column":32}},"5":{"start":{"line":66,"column":4},"end":{"line":66,"column":40}},"6":{"start":{"line":68,"column":4},"end":{"line":88,"column":5}},"7":{"start":{"line":69,"column":6},"end":{"line":69,"column":28}},"8":{"start":{"line":70,"column":6},"end":{"line":70,"column":30}},"9":{"start":{"line":72,"column":21},"end":{"line":72,"column":71}},"10":{"start":{"line":74,"column":6},"end":{"line":74,"column":20}},"11":{"start":{"line":76,"column":6},"end":{"line":78,"column":7}},"12":{"start":{"line":77,"column":8},"end":{"line":77,"column":20}},"13":{"start":{"line":79,"column":6},"end":{"line":84,"column":8}},"14":{"start":{"line":86,"column":6},"end":{"line":86,"column":29}},"15":{"start":{"line":87,"column":6},"end":{"line":87,"column":30}},"16":{"start":{"line":95,"column":4},"end":{"line":95,"column":38}},"17":{"start":{"line":102,"column":4},"end":{"line":104,"column":5}},"18":{"start":{"line":103,"column":6},"end":{"line":103,"column":13}},"19":{"start":{"line":106,"column":4},"end":{"line":106,"column":27}},"20":{"start":{"line":108,"column":4},"end":{"line":113,"column":5}},"21":{"start":{"line":109,"column":6},"end":{"line":109,"column":27}},"22":{"start":{"line":111,"column":6},"end":{"line":111,"column":29}},"23":{"start":{"line":112,"column":6},"end":{"line":112,"column":30}},"24":{"start":{"line":120,"column":4},"end":{"line":120,"column":26}},"25":{"start":{"line":131,"column":29},"end":{"line":131,"column":33}},"26":{"start":{"line":134,"column":31},"end":{"line":134,"column":59}},"27":{"start":{"line":136,"column":4},"end":{"line":136,"column":65}},"28":{"start":{"line":144,"column":4},"end":{"line":150,"column":5}},"29":{"start":{"line":145,"column":6},"end":{"line":149,"column":8}},"30":{"start":{"line":153,"column":4},"end":{"line":199,"column":5}},"31":{"start":{"line":153,"column":17},"end":{"line":153,"column":18}},"32":{"start":{"line":154,"column":20},"end":{"line":154,"column":29}},"33":{"start":{"line":157,"column":6},"end":{"line":163,"column":7}},"34":{"start":{"line":158,"column":8},"end":{"line":162,"column":10}},"35":{"start":{"line":166,"column":6},"end":{"line":172,"column":7}},"36":{"start":{"line":167,"column":8},"end":{"line":171,"column":10}},"37":{"start":{"line":175,"column":6},"end":{"line":181,"column":7}},"38":{"start":{"line":176,"column":8},"end":{"line":180,"column":10}},"39":{"start":{"line":184,"column":6},"end":{"line":190,"column":7}},"40":{"start":{"line":185,"column":8},"end":{"line":189,"column":10}},"41":{"start":{"line":192,"column":6},"end":{"line":198,"column":7}},"42":{"start":{"line":193,"column":8},"end":{"line":197,"column":10}},"43":{"start":{"line":201,"column":4},"end":{"line":201,"column":16}},"44":{"start":{"line":208,"column":4},"end":{"line":214,"column":5}},"45":{"start":{"line":209,"column":6},"end":{"line":213,"column":8}},"46":{"start":{"line":217,"column":25},"end":{"line":217,"column":36}},"47":{"start":{"line":218,"column":4},"end":{"line":224,"column":5}},"48":{"start":{"line":219,"column":6},"end":{"line":223,"column":8}},"49":{"start":{"line":232,"column":28},"end":{"line":232,"column":64}},"50":{"start":{"line":234,"column":4},"end":{"line":236,"column":5}},"51":{"start":{"line":235,"column":6},"end":{"line":235,"column":46}},"52":{"start":{"line":243,"column":4},"end":{"line":249,"column":5}},"53":{"start":{"line":244,"column":6},"end":{"line":248,"column":8}},"54":{"start":{"line":257,"column":4},"end":{"line":257,"column":15}}},"fnMap":{"0":{"name":"(anonymous_0)","decl":{"start":{"line":50,"column":2},"end":{"line":50,"column":3}},"loc":{"start":{"line":54,"column":21},"end":{"line":89,"column":3}},"line":54},"1":{"name":"(anonymous_1)","decl":{"start":{"line":94,"column":2},"end":{"line":94,"column":3}},"loc":{"start":{"line":94,"column":63},"end":{"line":96,"column":3}},"line":94},"2":{"name":"(anonymous_2)","decl":{"start":{"line":101,"column":2},"end":{"line":101,"column":3}},"loc":{"start":{"line":101,"column":39},"end":{"line":114,"column":3}},"line":101},"3":{"name":"(anonymous_3)","decl":{"start":{"line":119,"column":2},"end":{"line":119,"column":3}},"loc":{"start":{"line":119,"column":29},"end":{"line":121,"column":3}},"line":119},"4":{"name":"(anonymous_4)","decl":{"start":{"line":129,"column":2},"end":{"line":129,"column":3}},"loc":{"start":{"line":129,"column":67},"end":{"line":137,"column":3}},"line":129},"5":{"name":"(anonymous_5)","decl":{"start":{"line":142,"column":2},"end":{"line":142,"column":3}},"loc":{"start":{"line":142,"column":75},"end":{"line":202,"column":3}},"line":142},"6":{"name":"(anonymous_6)","decl":{"start":{"line":207,"column":2},"end":{"line":207,"column":3}},"loc":{"start":{"line":207,"column":57},"end":{"line":225,"column":3}},"line":207},"7":{"name":"(anonymous_7)","decl":{"start":{"line":230,"column":2},"end":{"line":230,"column":3}},"loc":{"start":{"line":230,"column":51},"end":{"line":237,"column":3}},"line":230},"8":{"name":"(anonymous_8)","decl":{"start":{"line":242,"column":2},"end":{"line":242,"column":3}},"loc":{"start":{"line":242,"column":35},"end":{"line":250,"column":3}},"line":242},"9":{"name":"(anonymous_9)","decl":{"start":{"line":256,"column":2},"end":{"line":256,"column":3}},"loc":{"start":{"line":256,"column":44},"end":{"line":258,"column":3}},"line":256}},"branchMap":{"0":{"loc":{"start":{"line":56,"column":4},"end":{"line":62,"column":5}},"type":"if","locations":[{"start":{"line":56,"column":4},"end":{"line":62,"column":5}},{"start":{},"end":{}}],"line":56},"1":{"loc":{"start":{"line":76,"column":6},"end":{"line":78,"column":7}},"type":"if","locations":[{"start":{"line":76,"column":6},"end":{"line":78,"column":7}},{"start":{},"end":{}}],"line":76},"2":{"loc":{"start":{"line":102,"column":4},"end":{"line":104,"column":5}},"type":"if","locations":[{"start":{"line":102,"column":4},"end":{"line":104,"column":5}},{"start":{},"end":{}}],"line":102},"3":{"loc":{"start":{"line":144,"column":4},"end":{"line":150,"column":5}},"type":"if","locations":[{"start":{"line":144,"column":4},"end":{"line":150,"column":5}},{"start":{},"end":{}}],"line":144},"4":{"loc":{"start":{"line":144,"column":8},"end":{"line":144,"column":38}},"type":"binary-expr","locations":[{"start":{"line":144,"column":8},"end":{"line":144,"column":15}},{"start":{"line":144,"column":19},"end":{"line":144,"column":38}}],"line":144},"5":{"loc":{"start":{"line":157,"column":6},"end":{"line":163,"column":7}},"type":"if","locations":[{"start":{"line":157,"column":6},"end":{"line":163,"column":7}},{"start":{},"end":{}}],"line":157},"6":{"loc":{"start":{"line":157,"column":10},"end":{"line":157,"column":53}},"type":"binary-expr","locations":[{"start":{"line":157,"column":10},"end":{"line":157,"column":20}},{"start":{"line":157,"column":24},"end":{"line":157,"column":53}}],"line":157},"7":{"loc":{"start":{"line":166,"column":6},"end":{"line":172,"column":7}},"type":"if","locations":[{"start":{"line":166,"column":6},"end":{"line":172,"column":7}},{"start":{},"end":{}}],"line":166},"8":{"loc":{"start":{"line":166,"column":10},"end":{"line":166,"column":49}},"type":"binary-expr","locations":[{"start":{"line":166,"column":10},"end":{"line":166,"column":28}},{"start":{"line":166,"column":32},"end":{"line":166,"column":49}}],"line":166},"9":{"loc":{"start":{"line":175,"column":6},"end":{"line":181,"column":7}},"type":"if","locations":[{"start":{"line":175,"column":6},"end":{"line":181,"column":7}},{"start":{},"end":{}}],"line":175},"10":{"loc":{"start":{"line":175,"column":10},"end":{"line":175,"column":48}},"type":"binary-expr","locations":[{"start":{"line":175,"column":10},"end":{"line":175,"column":26}},{"start":{"line":175,"column":30},"end":{"line":175,"co
[...]
:{"start":{"line":83,"column":2},"end":{"line":83,"column":33}},"18":{"start":{"line":90,"column":2},"end":{"line":90,"column":35}}},"fnMap":{"0":{"name":"getAudioMetadata","decl":{"start":{"line":21,"column":22},"end":{"line":21,"column":38}},"loc":{"start":{"line":21,"column":76},"end":{"line":23,"column":1}},"line":21},"1":{"name":"validateAudioFile","decl":{"start":{"line":28,"column":22},"end":{"line":28,"column":39}},"loc":{"start":{"line":28,"column":71},"end":{"line":30,"column":1}},"line":28},"2":{"name":"getFileExtension","decl":{"start":{"line":35,"column":16},"end":{"line":35,"column":32}},"loc":{"start":{"line":35,"column":54},"end":{"line":38,"column":1}},"line":35},"3":{"name":"generateUniqueFilename","decl":{"start":{"line":43,"column":16},"end":{"line":43,"column":38}},"loc":{"start":{"line":43,"column":82},"end":{"line":47,"column":1}},"line":43},"4":{"name":"sanitizeFilename","decl":{"start":{"line":52,"column":16},"end":{"line":52,"column":32}},"loc":{"start":{"line":52,"column":59},"end":{"line":54,"column":1}},"line":52},"5":{"name":"formatDuration","decl":{"start":{"line":59,"column":16},"end":{"line":59,"column":30}},"loc":{"start":{"line":59,"column":59},"end":{"line":64,"column":1}},"line":59},"6":{"name":"formatFileSize","decl":{"start":{"line":69,"column":16},"end":{"line":69,"column":30}},"loc":{"start":{"line":69,"column":54},"end":{"line":77,"column":1}},"line":69},"7":{"name":"isBlobUrl","decl":{"start":{"line":82,"column":16},"end":{"line":82,"column":25}},"loc":{"start":{"line":82,"column":48},"end":{"line":84,"column":1}},"line":82},"8":{"name":"isFileUri","decl":{"start":{"line":89,"column":16},"end":{"line":89,"column":25}},"loc":{"start":{"line":89,"column":48},"end":{"line":91,"column":1}},"line":89}},"branchMap":{"0":{"loc":{"start":{"line":37,"column":9},"end":{"line":37,"column":70}},"type":"cond-expr","locations":[{"start":{"line":37,"column":28},"end":{"line":37,"column":65}},{"start":{"line":37,"column":68},"end":{"line":37,"column":70}}],"line":37},"1":{"loc":{"start":{"line":70,"column":2},"end":{"line":76,"column":3}},"type":"if","locations":[{"start":{"line":70,"column":2},"end":{"line":76,"column":3}},{"start":{"line":72,"column":9},"end":{"line":76,"column":3}}],"line":70},"2":{"loc":{"start":{"line":72,"column":9},"end":{"line":76,"column":3}},"type":"if","locations":[{"start":{"line":72,"column":9},"end":{"line":76,"column":3}},{"start":{"line":74,"column":9},"end":{"line":76,"column":3}}],"line":72}},"s":{"0":0,"1":0,"2":0,"3":0,"4":0,"5":0,"6":0,"7":0,"8":0,"9":0,"10":0,"11":0,"12":0,"13":0,"14":0,"15":0,"16":0,"17":0,"18":0},"f":{"0":0,"1":0,"2":0,"3":0,"4":0,"5":0,"6":0,"7":0,"8":0},"b":{"0":[0,0],"1":[0,0],"2":[0,0]}}
,"/home/user/android-looper/Migration/src/utils/audioUtils.web.ts": {"path":"/home/user/android-looper/Migration/src/utils/audioUtils.web.ts","statementMap":{"0":{"start":{"line":24,"column":2},"end":{"line":64,"column":5}},"1":{"start":{"line":25,"column":18},"end":{"line":25,"column":29}},"2":{"start":{"line":27,"column":20},"end":{"line":29,"column":5}},"3":{"start":{"line":28,"column":6},"end":{"line":28,"column":21}},"4":{"start":{"line":31,"column":4},"end":{"line":38,"column":6}},"5":{"start":{"line":32,"column":38},"end":{"line":34,"column":7}},"6":{"start":{"line":36,"column":6},"end":{"line":36,"column":16}},"7":{"start":{"line":37,"column":6},"end":{"line":37,"column":24}},"8":{"start":{"line":40,"column":4},"end":{"line":49,"column":6}},"9":{"start":{"line":41,"column":6},"end":{"line":41,"column":16}},"10":{"start":{"line":42,"column":6},"end":{"line":48,"column":8}},"11":{"start":{"line":52,"column":4},"end":{"line":61,"column":14}},"12":{"start":{"line":53,"column":6},"end":{"line":53,"column":16}},"13":{"start":{"line":54,"column":6},"end":{"line":60,"column":8}},"14":{"start":{"line":63,"column":4},"end":{"line":63,"column":20}},"15":{"start":{"line":71,"column":2},"end":{"line":76,"column":3}},"16":{"start":{"line":72,"column":4},"end":{"line":72,"column":32}},"17":{"start":{"line":73,"column":4},"end":{"line":73,"column":16}},"18":{"start":{"line":75,"column":4},"end":{"line":75,"column":17}}},"fnMap":{"0":{"name":"getAudioMetadata","decl":{"start":{"line":23,"column":22},"end":{"line":23,"column":38}},"loc":{"start":{"line":23,"column":76},"end":{"line":65,"column":1}},"line":23},"1":{"name":"(anonymous_1)","decl":{"start":{"line":24,"column":21},"end":{"line":24,"column":22}},"loc":{"start":{"line":24,"column":42},"end":{"line":64,"column":3}},"line":24},"2":{"name":"(anonymous_2)","decl":{"start":{"line":27,"column":20},"end":{"line":27,"column":21}},"loc":{"start":{"line":27,"column":26},"end":{"line":29,"column":5}},"line":27},"3":{"name":"(anonymous_3)","decl":{"start":{"line":31,"column":29},"end":{"line":31,"column":30}},"loc":{"start":{"line":31,"column":35},"end":{"line":38,"column":5}},"line":31},"4":{"name":"(anonymous_4)","decl":{"start":{"line":40,"column":20},"end":{"line":40,"column":21}},"loc":{"start":{"line":40,"column":26},"end":{"line":49,"column":5}},"line":40},"5":{"name":"(anonymous_5)","decl":{"start":{"line":52,"column":15},"end":{"line":52,"column":16}},"loc":{"start":{"line":52,"column":21},"end":{"line":61,"column":5}},"line":52},"6":{"name":"validateAudioFile","decl":{"start":{"line":70,"column":22},"end":{"line":70,"column":39}},"loc":{"start":{"line":70,"column":71},"end":{"line":77,"column":1}},"line":70}},"branchMap":{},"s":{"0":3,"1":3,"2":3,"3":3,"4":3,"5":1,"6":1,"7":0,"8":3,"9":1,"10":0,"11":3,"12":1,"13":0,"14":3,"15":1,"16":1,"17":0,"18":0},"f":{"0":3,"1":3,"2":3,"3":1,"4":1,"5":1,"6":1},"b":{},"_coverageSchema":"1a1c01bbd47fc00a2c39e90264f33305004495a9","hash":"627c75a74abea4131d1d8754ae58b0c0be948740"}
,"/home/user/android-looper/Migration/src/utils/permissions.native.ts": {"path":"/home/user/android-looper/Migration/src/utils/permissions.native.ts","statementMap":{"0":{"start":{"line":17,"column":2},"end":{"line":26,"column":3}},"1":{"start":{"line":19,"column":6},"end":{"line":19,"column":38}},"2":{"start":{"line":21,"column":6},"end":{"line":21,"column":37}},"3":{"start":{"line":23,"column":6},"end":{"line":23,"column":43}},"4":{"start":{"line":25,"column":6},"end":{"line":25,"column":43}},"5":{"start":{"line":33,"column":2},"end":{"line":46,"column":3}},"6":{"start":{"line":34,"column":36},"end":{"line":34,"column":73}},"7":{"start":{"line":36,"column":4},"end":{"line":39,"column":6}},"8":{"start":{"line":41,"column":4},"end":{"line":41,"column":71}},"9":{"start":{"line":42,"column":4},"end":{"line":45,"column":6}},"10":{"start":{"line":53,"column":2},"end":{"line":66,"column":3}},"11":{"start":{"line":54,"column":36},"end":{"line":54,"column":80}},"12":{"start":{"line":56,"column":4},"end":{"line":59,"column":6}},"13":{"start":{"line":61,"column":4},"end":{"line":61,"column":68}},"14":{"start":{"line":62,"column":4},"end":{"line":65,"column":6}},"15":{"start":{"line":73,"column":2},"end":{"line":88,"column":3}},"16":{"start":{"line":74,"column":4},"end":{"line":77,"column":5}},"17":{"start":{"line":75,"column":25},"end":{"line":75,"column":58}},"18":{"start":{"line":76,"column":6},"end":{"line":76,"column":45}},"19":{"start":{"line":79,"column":4},"end":{"line":82,"column":5}},"20":{"start":{"line":80,"column":25},"end":{"line":80,"column":65}},"21":{"start":{"line":81,"column":6},"end":{"line":81,"column":45}},"22":{"start":{"line":84,"column":4},"end":{"line":84,"column":41}},"23":{"start":{"line":86,"column":4},"end":{"line":86,"column":66}},"24":{"start":{"line":87,"column":4},"end":{"line":87,"column":41}},"25":{"start":{"line":95,"column":2},"end":{"line":106,"column":3}},"26":{"start":{"line":96,"column":4},"end":{"line":102,"column":5}},"27":{"start":{"line":98,"column":6},"end":{"line":98,"column":35}},"28":{"start":{"line":99,"column":11},"end":{"line":102,"column":5}},"29":{"start":{"line":101,"column":6},"end":{"line":101,"column":35}},"30":{"start":{"line":104,"column":4},"end":{"line":104,"column":67}},"31":{"start":{"line":105,"column":4},"end":{"line":105,"column":75}}},"fnMap":{"0":{"name":"convertPermissionStatus","decl":{"start":{"line":16,"column":9},"end":{"line":16,"column":32}},"loc":{"start":{"line":16,"column":98},"end":{"line":27,"column":1}},"line":16},"1":{"name":"requestMicrophonePermission","decl":{"start":{"line":32,"column":22},"end":{"line":32,"column":49}},"loc":{"start":{"line":32,"column":79},"end":{"line":47,"column":1}},"line":32},"2":{"name":"requestStoragePermission","decl":{"start":{"line":52,"column":22},"end":{"line":52,"column":46}},"loc":{"start":{"line":52,"column":76},"end":{"line":67,"column":1}},"line":52},"3":{"name":"checkPermission","decl":{"start":{"line":72,"column":22},"end":{"line":72,"column":37}},"loc":{"start":{"line":72,"column":87},"end":{"line":89,"column":1}},"line":72},"4":{"name":"openSettings","decl":{"start":{"line":94,"column":22},"end":{"line":94,"column":34}},"loc":{"start":{"line":94,"column":52},"end":{"line":107,"column":1}},"line":94}},"branchMap":{"0":{"loc":{"start":{"line":17,"column":2},"end":{"line":26,"column":3}},"type":"switch","locations":[{"start":{"line":18,"column":4},"end":{"line":19,"column":38}},{"start":{"line":20,"column":4},"end":{"line":21,"column":37}},{"start":{"line":22,"column":4},"end":{"line":23,"column":43}},{"start":{"line":24,"column":4},"end":{"line":25,"column":43}}],"line":17},"1":{"loc":{"start":{"line":74,"column":4},"end":{"line":77,"column":5}},"type":"if","locations":[{"start":{"line":74,"column":4},"end":{"line":77,"column":5}},{"start":{},"end":{}}],"line":74},"2":{"loc":{"start":{"line":79,"column":4},"end":{"line":82,"column":5}},"type":"if","locations":[{"start":{"line":79,"column":4},"end":{"line":82,"column":5}},{"start":{},"end":{}}],"line":79},"3":{"loc":{"start":{"line":96,"column":4},"end":{"line":102,"column":5}},"type":"if","locations":[{"start":{"line":96,"column":4},"end":{"line":102,"column":5}},{"start":{"line":99,"column":11},"end":{"line":102,"column":5}}],"line":96},"4":{"loc":{"start":{"line":99,"column":11},"end":{"line":102,"column":5}},"type":"if","locations":[{"start":{"line":99,"column":11},"end":{"line":102,"column":5}},{"start":{},"end":{}}],"line":99}},"s":{"0":0,"1":0,"2":0,"3":0,"4":0,"5":0,"6":0,"7":0,"8":0,"9":0,"10":0,"11":0,"12":0,"13":0,"14":0,"15":0,"16":0,"17":0,"18":0,"19":0,"20":0,"21":0,"22":0,"23":0,"24":0,"25":0,"26":0,"27":0,"28":0,"29":0,"30":0,"31":0},"f":{"0":0,"1":0,"2":0,"3":0,"4":0},"b":{"0":[0,0,0,0],"1":[0,0],"2":[0,0],"3":[0,0],"4":[0,0]},"_coverageSchema":"1a1c01bbd47fc00a2c39e90264f33305004495a9","hash":"fe53107f525d2cf512a50bfe2d35ffffd34d8dde"}
,"/home/user/android-looper/Migration/src/utils/permissions.ts": {"path":"/home/user/android-looper/Migration/src/utils/permissions.ts","statementMap":{"0":{"start":{"line":29,"column":2},"end":{"line":29,"column":66}},"1":{"start":{"line":36,"column":2},"end":{"line":36,"column":66}},"2":{"start":{"line":43,"column":2},"end":{"line":43,"column":66}},"3":{"start":{"line":50,"column":2},"end":{"line":50,"column":66}}},"fnMap":{"0":{"name":"requestMicrophonePermission","decl":{"start":{"line":28,"column":22},"end":{"line":28,"column":49}},"loc":{"start":{"line":28,"column":79},"end":{"line":30,"column":1}},"line":28},"1":{"name":"requestStoragePermission","decl":{"start":{"line":35,"column":22},"end":{"line":35,"column":46}},"loc":{"start":{"line":35,"column":76},"end":{"line":37,"column":1}},"line":35},"2":{"name":"checkPermission","decl":{"start":{"line":42,"column":22},"end":{"line":42,"column":37}},"loc":{"start":{"line":42,"column":87},"end":{"line":44,"column":1}},"line":42},"3":{"name":"openSettings","decl":{"start":{"line":49,"column":22},"end":{"line":49,"column":34}},"loc":{"start":{"line":49,"column":52},"end":{"line":51,"column":1}},"line":49}},"branchMap":{},"s":{"0":0,"1":0,"2":0,"3":0},"f":{"0":0,"1":0,"2":0,"3":0},"b":{}}
,"/home/user/android-looper/Migration/src/utils/permissions.web.ts": {"path":"/home/user/android-looper/Migration/src/utils/permissions.web.ts","statementMap":{"0":{"start":{"line":13,"column":2},"end":{"line":48,"column":3}},"1":{"start":{"line":15,"column":19},"end":{"line":15,"column":77}},"2":{"start":{"line":18,"column":4},"end":{"line":18,"column":56}},"3":{"start":{"line":18,"column":42},"end":{"line":18,"column":54}},"4":{"start":{"line":20,"column":4},"end":{"line":23,"column":6}},"5":{"start":{"line":25,"column":16},"end":{"line":25,"column":30}},"6":{"start":{"line":27,"column":4},"end":{"line":32,"column":5}},"7":{"start":{"line":28,"column":6},"end":{"line":31,"column":8}},"8":{"start":{"line":34,"column":4},"end":{"line":40,"column":5}},"9":{"start":{"line":36,"column":6},"end":{"line":39,"column":8}},"10":{"start":{"line":43,"column":4},"end":{"line":43,"column":71}},"11":{"start":{"line":44,"column":4},"end":{"line":47,"column":6}},"12":{"start":{"line":56,"column":2},"end":{"line":59,"column":4}},"13":{"start":{"line":66,"column":2},"end":{"line":69,"column":3}},"14":{"start":{"line":68,"column":4},"end":{"line":68,"column":36}},"15":{"start":{"line":71,"column":2},"end":{"line":99,"column":3}},"16":{"start":{"line":72,"column":4},"end":{"line":95,"column":5}},"17":{"start":{"line":74,"column":6},"end":{"line":91,"column":7}},"18":{"start":{"line":76,"column":23},"end":{"line":78,"column":10}},"19":{"start":{"line":80,"column":8},"end":{"line":82,"column":9}},"20":{"start":{"line":81,"column":10},"end":{"line":81,"column":42}},"21":{"start":{"line":84,"column":8},"end":{"line":86,"column":9}},"22":{"start":{"line":85,"column":10},"end":{"line":85,"column":41}},"23":{"start":{"line":88,"column":8},"end":{"line":90,"column":9}},"24":{"start":{"line":89,"column":10},"end":{"line":89,"column":42}},"25":{"start":{"line":94,"column":6},"end":{"line":94,"column":74}},"26":{"start":{"line":98,"column":4},"end":{"line":98,"column":41}},"27":{"start":{"line":101,"column":2},"end":{"line":101,"column":39}},"28":{"start":{"line":109,"column":2},"end":{"line":109,"column":70}}},"fnMap":{"0":{"name":"requestMicrophonePermission","decl":{"start":{"line":12,"column":22},"end":{"line":12,"column":49}},"loc":{"start":{"line":12,"column":79},"end":{"line":49,"column":1}},"line":12},"1":{"name":"(anonymous_1)","decl":{"start":{"line":18,"column":31},"end":{"line":18,"column":32}},"loc":{"start":{"line":18,"column":42},"end":{"line":18,"column":54}},"line":18},"2":{"name":"requestStoragePermission","decl":{"start":{"line":54,"column":22},"end":{"line":54,"column":46}},"loc":{"start":{"line":54,"column":76},"end":{"line":60,"column":1}},"line":54},"3":{"name":"checkPermission","decl":{"start":{"line":65,"column":22},"end":{"line":65,"column":37}},"loc":{"start":{"line":65,"column":87},"end":{"line":102,"column":1}},"line":65},"4":{"name":"openSettings","decl":{"start":{"line":107,"column":22},"end":{"line":107,"column":34}},"loc":{"start":{"line":107,"column":52},"end":{"line":110,"column":1}},"line":107}},"branchMap":{"0":{"loc":{"start":{"line":27,"column":4},"end":{"line":32,"column":5}},"type":"if","locations":[{"start":{"line":27,"column":4},"end":{"line":32,"column":5}},{"start":{},"end":{}}],"line":27},"1":{"loc":{"start":{"line":27,"column":8},"end":{"line":27,"column":78}},"type":"binary-expr","locations":[{"start":{"line":27,"column":8},"end":{"line":27,"column":38}},{"start":{"line":27,"column":42},"end":{"line":27,"column":78}}],"line":27},"2":{"loc":{"start":{"line":34,"column":4},"end":{"line":40,"column":5}},"type":"if","locations":[{"start":{"line":34,"column":4},"end":{"line":40,"column":5}},{"start":{},"end":{}}],"line":34},"3":{"loc":{"start":{"line":66,"column":2},"end":{"line":69,"column":3}},"type":"if","locations":[{"start":{"line":66,"column":2},"end":{"line":69,"column":3}},{"start":{},"end":{}}],"line":66},"4":{"loc":{"start":{"line":71,"column":2},"end":{"line":99,"column":3}},"type":"if","locations":[{"start":{"line":71,"column":2},"end":{"line":99,"column":3}},{"start":{},"end":{}}],"line":71},"5":{"loc":{"start":{"line":74,"column":6},"end":{"line":91,"column":7}},"type":"if","locations":[{"start":{"line":74,"column":6},"end":{"line":91,"column":7}},{"start":{},"end":{}}],"line":74},"6":{"loc":{"start":{"line":80,"column":8},"end":{"line":82,"column":9}},"type":"if","locations":[{"start":{"line":80,"column":8},"end":{"line":82,"column":9}},{"start":{},"end":{}}],"line":80},"7":{"loc":{"start":{"line":84,"column":8},"end":{"line":86,"column":9}},"type":"if","locations":[{"start":{"line":84,"column":8},"end":{"line":86,"column":9}},{"start":{},"end":{}}],"line":84},"8":{"loc":{"start":{"line":88,"column":8},"end":{"line":90,"column":9}},"type":"if","locations":[{"start":{"line":88,"column":8},"end":{"line":90,"column":9}},{"start":{},"end":{}}],"line":88}},"s":{"0":2,"1":2,"2":1,"3":1,"4":1,"5":2,"6":2,"7":0,"8":2,"9":0,"10":2,"11":2,"12":0,"13":0,"14":0,"15":0,"16":0,"17":0,"18":0,"19":0,"20":0,"21":0,"22":0,"23":0,"24":0,"25":0,"26":0,"27":0,"28":0},"f":{"0":2,"1":1,"2":0,"3":0,"4":0},"b":{"0":[0,2],"1":[2,2],"2":[0,2],"3":[0,0],"4":[0,0],"5":[0,0],"6":[0,0],"7":[0,0],"8":[0,0]},"_coverageSchema":"1a1c01bbd47fc00a2c39e90264f33305004495a9","hash":"56138e2e35426bbd8fbf056e5809aec02e230764"}
,"/home/user/android-looper/Migration/src/utils/platform.ts": {"path":"/home/user/android-looper/Migration/src/utils/platform.ts","statementMap":{"0":{"start":{"line":13,"column":21},"end":{"line":15,"column":1}},"1":{"start":{"line":14,"column":2},"end":{"line":14,"column":31}},"2":{"start":{"line":20,"column":24},"end":{"line":22,"column":1}},"3":{"start":{"line":21,"column":2},"end":{"line":21,"column":60}},"4":{"start":{"line":27,"column":21},"end":{"line":29,"column":1}},"5":{"start":{"line":28,"column":2},"end":{"line":28,"column":31}},"6":{"start":{"line":34,"column":25},"end":{"line":36,"column":1}},"7":{"start":{"line":35,"column":2},"end":{"line":35,"column":35}},"8":{"start":{"line":41,"column":31},"end":{"line":52,"column":1}},"9":{"start":{"line":42,"column":2},"end":{"line":51,"column":3}},"10":{"start":{"line":44,"column":6},"end":{"line":44,"column":19}},"11":{"start":{"line":46,"column":6},"end":{"line":46,"column":23}},"12":{"start":{"line":48,"column":6},"end":{"line":48,"column":19}},"13":{"start":{"line":50,"column":6},"end":{"line":50,"column":23}}},"fnMap":{"0":{"name":"(anonymous_0)","decl":{"start":{"line":13,"column":21},"end":{"line":13,"column":22}},"loc":{"start":{"line":13,"column":36},"end":{"line":15,"column":1}},"line":13},"1":{"name":"(anonymous_1)","decl":{"start":{"line":20,"column":24},"end":{"line":20,"column":25}},"loc":{"start":{"line":20,"column":39},"end":{"line":22,"column":1}},"line":20},"2":{"name":"(anonymous_2)","decl":{"start":{"line":27,"column":21},"end":{"line":27,"column":22}},"loc":{"start":{"line":27,"column":36},"end":{"line":29,"column":1}},"line":27},"3":{"name":"(anonymous_3)","decl":{"start":{"line":34,"column":25},"end":{"line":34,"column":26}},"loc":{"start":{"line":34,"column":40},"end":{"line":36,"column":1}},"line":34},"4":{"name":"(anonymous_4)","decl":{"start":{"line":41,"column":31},"end":{"line":41,"column":32}},"loc":{"start":{"line":41,"column":45},"end":{"line":52,"column":1}},"line":41}},"branchMap":{"0":{"loc":{"start":{"line":21,"column":9},"end":{"line":21,"column":59}},"type":"binary-expr","locations":[{"start":{"line":21,"column":9},"end":{"line":21,"column":30}},{"start":{"line":21,"column":34},"end":{"line":21,"column":59}}],"line":21},"1":{"loc":{"start":{"line":42,"column":2},"end":{"line":51,"column":3}},"type":"switch","locations":[{"start":{"line":43,"column":4},"end":{"line":44,"column":19}},{"start":{"line":45,"column":4},"end":{"line":46,"column":23}},{"start":{"line":47,"column":4},"end":{"line":48,"column":19}},{"start":{"line":49,"column":4},"end":{"line":50,"column":23}}],"line":42}},"s":{"0":0,"1":0,"2":0,"3":0,"4":0,"5":0,"6":0,"7":0,"8":0,"9":0,"10":0,"11":0,"12":0,"13":0},"f":{"0":0,"1":0,"2":0,"3":0,"4":0},"b":{"0":[0,0],"1":[0,0,0,0]}}
}
