TN:
SF:src/components/ActionButton/ActionButton.styles.ts
FNF:0
FNH:0
DA:9,3
LF:1
LH:1
BRF:0
BRH:0
end_of_record
TN:
SF:src/components/ActionButton/ActionButton.tsx
FN:21,(anonymous_0)
FNF:1
FNH:1
FNDA:60,(anonymous_0)
DA:21,3
DA:29,60
LF:2
LH:2
BRDA:25,0,0,7
BRDA:26,1,0,57
BRF:2
BRH:2
end_of_record
TN:
SF:src/components/SaveModal/SaveModal.styles.ts
FNF:0
FNH:0
DA:9,3
LF:1
LH:1
BRF:0
BRH:0
end_of_record
TN:
SF:src/components/SaveModal/SaveModal.tsx
FN:21,(anonymous_0)
FN:31,(anonymous_1)
FN:36,(anonymous_2)
FN:46,(anonymous_3)
FN:57,(anonymous_4)
FNF:5
FNH:5
FNDA:25,(anonymous_0)
FNDA:6,(anonymous_1)
FNDA:3,(anonymous_2)
FNDA:3,(anonymous_3)
FNDA:1,(anonymous_4)
DA:21,3
DA:28,25
DA:29,25
DA:31,25
DA:33,6
DA:36,25
DA:37,3
DA:38,3
DA:39,0
DA:40,0
DA:42,3
DA:43,3
DA:46,25
DA:47,3
DA:48,3
DA:49,3
DA:51,3
DA:52,3
DA:53,3
DA:57,25
DA:59,1
DA:60,1
DA:61,1
DA:64,25
LF:24
LH:22
BRDA:38,0,0,0
BRDA:38,0,1,3
BRDA:47,1,0,3
BRDA:47,1,1,0
BRDA:69,2,0,25
BRDA:69,2,1,14
BRDA:84,3,0,0
BRDA:84,3,1,25
BRF:8
BRH:5
end_of_record
TN:
SF:src/components/SpeedSlider/SpeedSlider.styles.ts
FNF:0
FNH:0
DA:7,5
LF:1
LH:1
BRF:0
BRH:0
end_of_record
TN:
SF:src/components/SpeedSlider/SpeedSlider.tsx
FN:27,(anonymous_0)
FN:32,(anonymous_1)
FN:36,(anonymous_2)
FN:41,(anonymous_3)
FNF:4
FNH:4
FNDA:21,(anonymous_0)
FNDA:2,(anonymous_1)
FNDA:21,(anonymous_2)
FNDA:2,(anonymous_3)
DA:22,5
DA:23,5
DA:24,5
DA:27,5
DA:28,21
DA:32,5
DA:33,2
DA:36,5
DA:41,21
DA:42,2
DA:43,2
DA:46,21
DA:47,21
DA:49,21
LF:14
LH:14
BRDA:39,0,0,21
BRF:1
BRH:1
end_of_record
TN:
SF:src/components/TrackList/TrackList.styles.ts
FNF:0
FNH:0
DA:9,3
LF:1
LH:1
BRF:0
BRH:0
end_of_record
TN:
SF:src/components/TrackList/TrackList.tsx
FN:25,(anonymous_0)
FN:33,(anonymous_1)
FN:44,(anonymous_2)
FN:55,(anonymous_3)
FNF:4
FNH:4
FNDA:18,(anonymous_0)
FNDA:8,(anonymous_1)
FNDA:14,(anonymous_2)
FNDA:12,(anonymous_3)
DA:25,3
DA:33,18
DA:34,8
DA:44,18
DA:45,14
DA:51,18
DA:55,12
LF:7
LH:7
BRDA:57,0,0,14
BRDA:57,0,1,4
BRF:2
BRH:2
end_of_record
TN:
SF:src/components/TrackListItem/TrackListItem.styles.ts
FNF:0
FNH:0
DA:13,4
LF:1
LH:1
BRF:0
BRH:0
end_of_record
TN:
SF:src/components/TrackListItem/TrackListItem.tsx
FN:27,(anonymous_0)
FN:35,(anonymous_1)
FN:40,(anonymous_2)
FN:45,(anonymous_3)
FN:50,(anonymous_4)
FN:54,(anonymous_5)
FNF:6
FNH:6
FNDA:16,(anonymous_0)
FNDA:1,(anonymous_1)
FNDA:1,(anonymous_2)
FNDA:1,(anonymous_3)
FNDA:1,(anonymous_4)
FNDA:1,(anonymous_5)
DA:27,4
DA:35,16
DA:36,1
DA:37,1
DA:40,16
DA:41,1
DA:42,1
DA:45,16
DA:46,1
DA:47,1
DA:50,16
DA:51,1
DA:54,16
DA:55,1
DA:58,16
LF:15
LH:15
BRDA:69,0,0,5
BRDA:69,0,1,11
BRF:2
BRH:2
end_of_record
TN:
SF:src/components/VolumeSlider/VolumeSlider.styles.ts
FNF:0
FNH:0
DA:7,5
LF:1
LH:1
BRF:0
BRH:0
end_of_record
TN:
SF:src/components/VolumeSlider/VolumeSlider.tsx
FN:18,(anonymous_0)
FNF:1
FNH:1
FNDA:20,(anonymous_0)
DA:18,5
DA:23,20
LF:2
LH:2
BRDA:21,0,0,19
BRF:1
BRH:1
end_of_record
TN:
SF:src/screens/MainScreen/MainScreen.styles.ts
FNF:0
FNH:0
DA:12,2
LF:1
LH:1
BRF:0
BRH:0
end_of_record
TN:
SF:src/screens/MainScreen/MainScreen.tsx
FN:27,(anonymous_0)
FN:35,(anonymous_1)
FN:46,(anonymous_2)
FN:54,(anonymous_3)
FN:77,(anonymous_4)
FN:107,(anonymous_5)
FN:121,(anonymous_6)
FN:126,(anonymous_7)
FN:131,(anonymous_8)
FN:135,(anonymous_9)
FN:141,(anonymous_10)
FN:150,(anonymous_11)
FN:151,(anonymous_12)
FN:163,(anonymous_13)
FN:172,(anonymous_14)
FN:173,(anonymous_15)
FN:185,(anonymous_16)
FN:194,(anonymous_17)
FN:194,(anonymous_18)
FN:205,(anonymous_19)
FN:214,(anonymous_20)
FN:215,(anonymous_21)
FN:224,(anonymous_22)
FN:233,(anonymous_23)
FN:234,(anonymous_24)
FNF:25
FNH:5
FNDA:13,(anonymous_0)
FNDA:9,(anonymous_1)
FNDA:9,(anonymous_2)
FNDA:2,(anonymous_3)
FNDA:0,(anonymous_4)
FNDA:0,(anonymous_5)
FNDA:1,(anonymous_6)
FNDA:0,(anonymous_7)
FNDA:0,(anonymous_8)
FNDA:0,(anonymous_9)
FNDA:0,(anonymous_10)
FNDA:0,(anonymous_11)
FNDA:0,(anonymous_12)
FNDA:0,(anonymous_13)
FNDA:0,(anonymous_14)
FNDA:0,(anonymous_15)
FNDA:0,(anonymous_16)
FNDA:0,(anonymous_17)
FNDA:0,(anonymous_18)
FNDA:0,(anonymous_19)
FNDA:0,(anonymous_20)
FNDA:0,(anonymous_21)
FNDA:0,(anonymous_22)
FNDA:0,(anonymous_23)
FNDA:0,(anonymous_24)
DA:25,2
DA:27,2
DA:28,13
DA:29,13
DA:30,13
DA:31,13
DA:32,13
DA:35,13
DA:36,9
DA:37,9
DA:38,9
DA:40,0
DA:41,0
DA:42,0
DA:46,9
DA:48,9
DA:49,9
DA:54,13
DA:55,2
DA:56,0
DA:57,0
DA:60,2
DA:61,2
DA:62,2
DA:63,1
DA:64,1
DA:66,1
DA:67,1
DA:68,1
DA:70,0
DA:73,2
DA:77,13
DA:78,0
DA:79,0
DA:80,0
DA:83,0
DA:84,0
DA:85,0
DA:86,0
DA:89,0
DA:101,0
DA:107,0
DA:108,0
DA:110,0
DA:111,0
DA:112,0
DA:114,0
DA:117,0
DA:121,13
DA:122,1
DA:123,1
DA:126,13
DA:127,0
DA:128,0
DA:131,13
DA:132,0
DA:135,13
DA:136,0
DA:137,0
DA:138,0
DA:141,13
DA:142,0
DA:143,0
DA:146,0
DA:147,0
DA:150,0
DA:151,0
DA:154,0
DA:156,0
DA:157,0
DA:158,0
DA:163,13
DA:164,0
DA:165,0
DA:168,0
DA:169,0
DA:172,0
DA:173,0
DA:176,0
DA:178,0
DA:179,0
DA:180,0
DA:185,13
DA:186,0
DA:187,0
DA:190,0
DA:192,0
DA:194,0
DA:196,0
DA:198,0
DA:199,0
DA:200,0
DA:205,13
DA:206,0
DA:207,0
DA:210,0
DA:211,0
DA:214,0
DA:215,0
DA:218,0
DA:220,0
DA:224,13
DA:225,0
DA:226,0
DA:229,0
DA:230,0
DA:233,0
DA:234,0
DA:237,0
DA:239,0
DA:243,13
LF:111
LH:38
BRDA:41,0,0,0
BRDA:41,0,1,0
BRDA:48,1,0,9
BRDA:48,1,1,0
BRDA:55,2,0,0
BRDA:55,2,1,2
BRDA:67,3,0,1
BRDA:67,3,1,0
BRDA:78,4,0,0
BRDA:78,4,1,0
BRDA:111,5,0,0
BRDA:111,5,1,0
BRDA:142,6,0,0
BRDA:142,6,1,0
BRDA:151,7,0,0
BRDA:151,7,1,0
BRDA:157,8,0,0
BRDA:157,8,1,0
BRDA:164,9,0,0
BRDA:164,9,1,0
BRDA:173,10,0,0
BRDA:173,10,1,0
BRDA:179,11,0,0
BRDA:179,11,1,0
BRDA:186,12,0,0
BRDA:186,12,1,0
BRDA:199,13,0,0
BRDA:199,13,1,0
BRDA:206,14,0,0
BRDA:206,14,1,0
BRDA:215,15,0,0
BRDA:215,15,1,0
BRDA:225,16,0,0
BRDA:225,16,1,0
BRDA:234,17,0,0
BRDA:234,17,1,0
BRDA:249,18,0,1
BRDA:249,18,1,12
BRDA:252,19,0,13
BRDA:252,19,1,12
BRDA:258,20,0,13
BRDA:258,20,1,1
BRDA:286,21,0,13
BRDA:286,21,1,0
BRDA:299,22,0,13
BRDA:299,22,1,2
BRF:46
BRH:12
end_of_record
TN:
SF:src/services/audio/AudioError.ts
FN:36,(anonymous_0)
FN:59,(anonymous_1)
FN:84,(anonymous_2)
FN:100,(anonymous_3)
FN:107,(anonymous_4)
FN:119,(anonymous_5)
FNF:6
FNH:6
FNDA:30,(anonymous_0)
FNDA:17,(anonymous_1)
FNDA:1,(anonymous_2)
FNDA:2,(anonymous_3)
FNDA:5,(anonymous_4)
FNDA:1,(anonymous_5)
DA:42,30
DA:43,30
DA:44,30
DA:45,30
DA:46,30
DA:47,30
DA:48,30
DA:51,30
DA:52,30
DA:60,17
DA:62,3
DA:64,4
DA:66,2
DA:68,2
DA:70,2
DA:72,1
DA:74,2
DA:77,1
DA:85,1
DA:101,2
DA:108,5
DA:120,1
LF:22
LH:22
BRDA:48,0,0,30
BRDA:48,0,1,17
BRDA:51,1,0,30
BRDA:51,1,1,0
BRDA:60,2,0,3
BRDA:60,2,1,4
BRDA:60,2,2,2
BRDA:60,2,3,2
BRDA:60,2,4,2
BRDA:60,2,5,1
BRDA:60,2,6,2
BRDA:60,2,7,1
BRDA:60,2,8,1
BRF:13
BRH:12
end_of_record
TN:
SF:src/services/audio/AudioService.ts
FN:66,(anonymous_0)
FN:79,(anonymous_1)
FN:95,(anonymous_2)
FN:117,(anonymous_3)
FN:129,(anonymous_4)
FN:136,(anonymous_5)
FN:143,(anonymous_6)
FN:152,(anonymous_7)
FN:185,(anonymous_8)
FN:194,(anonymous_9)
FN:203,(anonymous_10)
FN:212,(anonymous_11)
FN:221,(anonymous_12)
FN:230,(anonymous_13)
FN:238,(anonymous_14)
FN:246,(anonymous_15)
FN:254,(anonymous_16)
FN:262,(anonymous_17)
FN:270,(anonymous_18)
FN:283,(anonymous_19)
FN:284,(anonymous_20)
FN:293,(anonymous_21)
FN:294,(anonymous_22)
FN:301,(anonymous_23)
FN:303,(anonymous_24)
FN:304,(anonymous_25)
FN:311,(anonymous_26)
FN:318,(anonymous_27)
FN:327,(anonymous_28)
FN:347,(anonymous_29)
FN:355,(anonymous_30)
FN:362,(anonymous_31)
FN:369,(anonymous_32)
FN:378,(anonymous_33)
FN:385,(anonymous_34)
FN:392,(anonymous_35)
FN:406,(anonymous_36)
FN:413,(anonymous_37)
FN:420,(anonymous_38)
FN:427,(anonymous_39)
FN:434,(anonymous_40)
FN:443,(anonymous_41)
FN:469,(anonymous_42)
FNF:43
FNH:42
FNDA:42,(anonymous_0)
FNDA:8,(anonymous_1)
FNDA:3,(anonymous_2)
FNDA:4,(anonymous_3)
FNDA:52,(anonymous_4)
FNDA:1,(anonymous_5)
FNDA:1,(anonymous_6)
FNDA:21,(anonymous_7)
FNDA:8,(anonymous_8)
FNDA:3,(anonymous_9)
FNDA:1,(anonymous_10)
FNDA:1,(anonymous_11)
FNDA:1,(anonymous_12)
FNDA:1,(anonymous_13)
FNDA:1,(anonymous_14)
FNDA:1,(anonymous_15)
FNDA:1,(anonymous_16)
FNDA:9,(anonymous_17)
FNDA:20,(anonymous_18)
FNDA:49,(anonymous_19)
FNDA:18,(anonymous_20)
FNDA:2,(anonymous_21)
FNDA:4,(anonymous_22)
FNDA:1,(anonymous_23)
FNDA:2,(anonymous_24)
FNDA:2,(anonymous_25)
FNDA:3,(anonymous_26)
FNDA:2,(anonymous_27)
FNDA:2,(anonymous_28)
FNDA:0,(anonymous_29)
FNDA:1,(anonymous_30)
FNDA:50,(anonymous_31)
FNDA:1,(anonymous_32)
FNDA:1,(anonymous_33)
FNDA:1,(anonymous_34)
FNDA:1,(anonymous_35)
FNDA:1,(anonymous_36)
FNDA:1,(anonymous_37)
FNDA:1,(anonymous_38)
FNDA:49,(anonymous_39)
FNDA:2,(anonymous_40)
FNDA:48,(anonymous_41)
FNDA:18,(anonymous_42)
DA:58,42
DA:61,42
DA:67,42
DA:68,42
DA:69,42
DA:70,42
DA:71,42
DA:80,8
DA:81,2
DA:88,6
DA:89,6
DA:96,3
DA:97,1
DA:104,2
DA:105,2
DA:106,2
DA:107,2
DA:109,0
DA:110,0
DA:118,4
DA:119,0
DA:122,4
DA:123,4
DA:130,52
DA:137,1
DA:144,1
DA:154,21
DA:155,1
DA:163,20
DA:164,0
DA:168,20
DA:169,20
DA:172,20
DA:186,8
DA:187,7
DA:188,7
DA:195,3
DA:196,3
DA:197,3
DA:204,1
DA:205,1
DA:206,1
DA:213,1
DA:214,1
DA:215,1
DA:222,1
DA:223,1
DA:224,1
DA:231,1
DA:232,1
DA:239,1
DA:240,1
DA:247,1
DA:248,1
DA:255,1
DA:256,1
DA:263,9
DA:264,9
DA:271,20
DA:272,20
DA:273,0
DA:276,20
DA:277,20
DA:284,49
DA:285,18
DA:287,49
DA:294,4
DA:295,2
DA:302,1
DA:303,2
DA:304,2
DA:305,1
DA:312,3
DA:319,2
DA:334,2
DA:337,2
DA:338,1
DA:341,2
DA:342,2
DA:343,2
DA:346,2
DA:347,1
DA:356,1
DA:363,50
DA:370,1
DA:379,1
DA:386,1
DA:394,1
DA:395,1
DA:396,1
DA:400,1
DA:407,1
DA:414,1
DA:421,1
DA:428,49
DA:435,2
DA:445,48
DA:446,3
DA:450,48
DA:451,0
DA:455,48
DA:458,48
DA:461,48
DA:470,18
DA:471,18
DA:472,1
DA:478,17
LF:107
LH:101
BRDA:71,0,0,42
BRDA:71,0,1,0
BRDA:80,1,0,2
BRDA:80,1,1,6
BRDA:96,2,0,1
BRDA:96,2,1,2
BRDA:118,3,0,0
BRDA:118,3,1,4
BRDA:154,4,0,1
BRDA:154,4,1,20
BRDA:163,5,0,0
BRDA:163,5,1,20
BRDA:177,6,0,20
BRDA:177,6,1,20
BRDA:178,7,0,20
BRDA:178,7,1,20
BRDA:264,8,0,8
BRDA:264,8,1,1
BRDA:272,9,0,0
BRDA:272,9,1,20
BRDA:337,10,0,1
BRDA:337,10,1,1
BRDA:346,11,0,1
BRDA:346,11,1,1
BRDA:395,12,0,1
BRDA:395,12,1,0
BRDA:445,13,0,3
BRDA:445,13,1,45
BRDA:450,14,0,0
BRDA:450,14,1,48
BRDA:471,15,0,1
BRDA:471,15,1,17
BRF:32
BRH:26
end_of_record
TN:
SF:src/services/audio/AudioServiceFactory.ts
FN:47,(anonymous_0)
FN:55,(anonymous_1)
FN:63,(anonymous_2)
FN:73,(anonymous_3)
FN:87,(anonymous_4)
FN:94,(anonymous_5)
FN:107,(anonymous_6)
FN:127,(anonymous_7)
FN:149,(anonymous_8)
FN:183,(anonymous_9)
FN:194,(anonymous_10)
FN:201,(anonymous_11)
FN:210,(anonymous_12)
FN:222,(anonymous_13)
FN:248,registerAudioServices
FN:264,getAudioService
FN:271,isAudioServiceAvailable
FN:278,cleanupAudioService
FNF:18
FNH:15
FNDA:0,(anonymous_0)
FNDA:13,(anonymous_1)
FNDA:18,(anonymous_2)
FNDA:8,(anonymous_3)
FNDA:3,(anonymous_4)
FNDA:3,(anonymous_5)
FNDA:13,(anonymous_6)
FNDA:10,(anonymous_7)
FNDA:0,(anonymous_8)
FNDA:16,(anonymous_9)
FNDA:6,(anonymous_10)
FNDA:8,(anonymous_11)
FNDA:14,(anonymous_12)
FNDA:14,(anonymous_13)
FNDA:13,registerAudioServices
FNDA:16,getAudioService
FNDA:2,isAudioServiceAvailable
FNDA:0,cleanupAudioService
DA:41,17
DA:42,17
DA:48,0
DA:49,0
DA:56,13
DA:57,13
DA:64,18
DA:74,8
DA:84,3
DA:85,3
DA:88,3
DA:95,3
DA:96,3
DA:98,3
DA:108,13
DA:109,0
DA:111,13
DA:115,13
DA:116,0
DA:117,0
DA:118,0
DA:128,10
DA:130,10
DA:131,1
DA:132,1
DA:139,9
DA:141,9
DA:144,9
DA:145,9
DA:146,9
DA:149,9
DA:152,9
DA:160,9
DA:162,9
DA:164,9
DA:166,0
DA:184,16
DA:185,8
DA:186,8
DA:188,16
DA:195,6
DA:202,8
DA:211,14
DA:212,5
DA:213,5
DA:214,5
DA:215,5
DA:223,14
DA:224,14
DA:225,14
DA:232,3
DA:252,13
DA:265,16
DA:272,2
DA:279,0
LF:55
LH:47
BRDA:95,0,0,3
BRDA:95,0,1,0
BRDA:108,1,0,0
BRDA:108,1,1,13
BRDA:115,2,0,0
BRDA:115,2,1,13
BRDA:130,3,0,1
BRDA:130,3,1,9
BRDA:184,4,0,8
BRDA:184,4,1,8
BRDA:195,5,0,6
BRDA:195,5,1,3
BRDA:211,6,0,5
BRDA:211,6,1,9
BRF:14
BRH:11
end_of_record
TN:
SF:src/services/audio/BaseAudioMixer.ts
FN:50,(anonymous_0)
FN:94,(anonymous_1)
FN:101,(anonymous_2)
FN:119,(anonymous_3)
FN:129,(anonymous_4)
FN:142,(anonymous_5)
FN:207,(anonymous_6)
FN:230,(anonymous_7)
FN:242,(anonymous_8)
FN:256,(anonymous_9)
FNF:10
FNH:8
FNDA:4,(anonymous_0)
FNDA:3,(anonymous_1)
FNDA:2,(anonymous_2)
FNDA:56,(anonymous_3)
FNDA:6,(anonymous_4)
FNDA:6,(anonymous_5)
FNDA:4,(anonymous_6)
FNDA:34,(anonymous_7)
FNDA:0,(anonymous_8)
FNDA:0,(anonymous_9)
DA:21,46
DA:31,46
DA:56,4
DA:57,0
DA:65,4
DA:66,4
DA:68,4
DA:69,4
DA:70,4
DA:72,4
DA:74,4
DA:76,0
DA:77,0
DA:79,0
DA:86,4
DA:87,4
DA:95,3
DA:102,2
DA:103,2
DA:106,0
DA:108,0
DA:109,0
DA:111,0
DA:112,0
DA:120,56
DA:131,6
DA:134,6
DA:136,6
DA:144,6
DA:145,0
DA:153,6
DA:154,9
DA:157,9
DA:158,0
DA:166,9
DA:167,0
DA:175,9
DA:176,0
DA:184,9
DA:185,0
DA:192,9
DA:193,0
DA:201,6
DA:208,4
DA:209,0
DA:217,4
DA:218,4
DA:219,0
DA:232,34
DA:234,34
DA:235,12
DA:243,0
DA:244,0
DA:257,0
LF:54
LH:34
BRDA:56,0,0,0
BRDA:56,0,1,4
BRDA:76,1,0,0
BRDA:76,1,1,0
BRDA:102,2,0,2
BRDA:102,2,1,0
BRDA:144,3,0,0
BRDA:144,3,1,6
BRDA:144,4,0,6
BRDA:144,4,1,6
BRDA:157,5,0,0
BRDA:157,5,1,9
BRDA:157,6,0,9
BRDA:157,6,1,9
BRDA:166,7,0,0
BRDA:166,7,1,9
BRDA:166,8,0,9
BRDA:166,8,1,9
BRDA:175,9,0,0
BRDA:175,9,1,9
BRDA:175,10,0,9
BRDA:175,10,1,9
BRDA:184,11,0,0
BRDA:184,11,1,9
BRDA:184,12,0,9
BRDA:184,12,1,0
BRDA:192,13,0,0
BRDA:192,13,1,9
BRDA:192,14,0,9
BRDA:192,14,1,0
BRDA:208,15,0,0
BRDA:208,15,1,4
BRDA:208,16,0,4
BRDA:208,16,1,4
BRDA:218,17,0,0
BRDA:218,17,1,4
BRDA:234,18,0,12
BRDA:234,18,1,22
BRDA:243,19,0,0
BRDA:243,19,1,0
BRF:40
BRH:24
end_of_record
TN:
SF:src/services/audio/BaseAudioPlayer.ts
FN:76,(anonymous_0)
FN:128,(anonymous_1)
FN:158,(anonymous_2)
FN:182,(anonymous_3)
FN:206,(anonymous_4)
FN:241,(anonymous_5)
FN:276,(anonymous_6)
FN:302,(anonymous_7)
FN:312,(anonymous_8)
FN:322,(anonymous_9)
FN:341,(anonymous_10)
FN:348,(anonymous_11)
FN:355,(anonymous_12)
FN:365,(anonymous_13)
FN:384,(anonymous_14)
FN:391,(anonymous_15)
FN:399,(anonymous_16)
FN:409,(anonymous_17)
FNF:18
FNH:15
FNDA:35,(anonymous_0)
FNDA:10,(anonymous_1)
FNDA:4,(anonymous_2)
FNDA:6,(anonymous_3)
FNDA:4,(anonymous_4)
FNDA:4,(anonymous_5)
FNDA:2,(anonymous_6)
FNDA:2,(anonymous_7)
FNDA:3,(anonymous_8)
FNDA:2,(anonymous_9)
FNDA:3,(anonymous_10)
FNDA:17,(anonymous_11)
FNDA:1,(anonymous_12)
FNDA:35,(anonymous_13)
FNDA:1,(anonymous_14)
FNDA:0,(anonymous_15)
FNDA:0,(anonymous_16)
FNDA:0,(anonymous_17)
DA:16,35
DA:21,35
DA:26,35
DA:31,35
DA:36,35
DA:41,35
DA:56,35
DA:78,35
DA:79,0
DA:87,35
DA:88,0
DA:91,35
DA:92,35
DA:94,35
DA:95,35
DA:98,35
DA:99,0
DA:100,0
DA:102,0
DA:103,0
DA:105,0
DA:106,0
DA:110,0
DA:111,0
DA:113,0
DA:114,0
DA:116,0
DA:129,10
DA:130,0
DA:137,10
DA:138,10
DA:139,10
DA:141,0
DA:143,0
DA:144,0
DA:146,0
DA:159,4
DA:160,0
DA:163,4
DA:164,4
DA:165,4
DA:167,0
DA:168,0
DA:170,0
DA:183,6
DA:184,0
DA:187,6
DA:188,6
DA:189,6
DA:191,0
DA:192,0
DA:194,0
DA:208,4
DA:209,2
DA:216,2
DA:218,0
DA:219,0
DA:222,2
DA:223,2
DA:224,2
DA:226,0
DA:227,0
DA:229,0
DA:243,4
DA:244,2
DA:251,2
DA:253,0
DA:254,0
DA:257,2
DA:258,2
DA:259,2
DA:261,0
DA:262,0
DA:264,0
DA:277,2
DA:279,0
DA:280,0
DA:283,2
DA:284,2
DA:285,2
DA:287,0
DA:288,0
DA:290,0
DA:303,2
DA:304,0
DA:306,2
DA:313,3
DA:314,0
DA:316,3
DA:323,2
DA:324,0
DA:327,2
DA:328,0
DA:335,2
DA:342,3
DA:349,17
DA:356,1
DA:357,0
DA:359,1
DA:366,35
DA:368,35
DA:369,4
DA:372,35
DA:375,35
DA:376,35
DA:377,35
DA:385,1
DA:392,0
DA:393,0
DA:400,0
DA:401,0
DA:402,0
DA:410,0
DA:411,0
DA:412,0
LF:115
LH:61
BRDA:78,0,0,0
BRDA:78,0,1,35
BRDA:78,1,0,35
BRDA:78,1,1,35
BRDA:87,2,0,0
BRDA:87,2,1,35
BRDA:98,3,0,0
BRDA:98,3,1,35
BRDA:99,4,0,0
BRDA:99,4,1,0
BRDA:102,5,0,0
BRDA:102,5,1,0
BRDA:105,6,0,0
BRDA:105,6,1,0
BRDA:113,7,0,0
BRDA:113,7,1,0
BRDA:129,8,0,0
BRDA:129,8,1,10
BRDA:143,9,0,0
BRDA:143,9,1,0
BRDA:159,10,0,0
BRDA:159,10,1,4
BRDA:167,11,0,0
BRDA:167,11,1,0
BRDA:183,12,0,0
BRDA:183,12,1,6
BRDA:191,13,0,0
BRDA:191,13,1,0
BRDA:208,14,0,2
BRDA:208,14,1,2
BRDA:208,15,0,4
BRDA:208,15,1,3
BRDA:216,16,0,0
BRDA:216,16,1,2
BRDA:226,17,0,0
BRDA:226,17,1,0
BRDA:243,18,0,2
BRDA:243,18,1,2
BRDA:243,19,0,4
BRDA:243,19,1,3
BRDA:251,20,0,0
BRDA:251,20,1,2
BRDA:261,21,0,0
BRDA:261,21,1,0
BRDA:277,22,0,0
BRDA:277,22,1,2
BRDA:287,23,0,0
BRDA:287,23,1,0
BRDA:303,24,0,0
BRDA:303,24,1,2
BRDA:313,25,0,0
BRDA:313,25,1,3
BRDA:323,26,0,0
BRDA:323,26,1,2
BRDA:327,27,0,0
BRDA:327,27,1,2
BRDA:356,28,0,0
BRDA:356,28,1,1
BRDA:368,29,0,4
BRDA:368,29,1,31
BRDA:391,30,0,0
BRDA:401,31,0,0
BRDA:401,31,1,0
BRDA:410,32,0,0
BRDA:410,32,1,0
BRDA:410,33,0,0
BRDA:410,33,1,0
BRF:67
BRH:26
end_of_record
TN:
SF:src/services/audio/BaseAudioRecorder.ts
FN:56,(anonymous_0)
FN:110,(anonymous_1)
FN:149,(anonymous_2)
FN:167,(anonymous_3)
FN:174,(anonymous_4)
FN:184,(anonymous_5)
FN:200,(anonymous_6)
FN:217,(anonymous_7)
FNF:8
FNH:7
FNDA:12,(anonymous_0)
FNDA:4,(anonymous_1)
FNDA:7,(anonymous_2)
FNDA:62,(anonymous_3)
FNDA:2,(anonymous_4)
FNDA:15,(anonymous_5)
FNDA:55,(anonymous_6)
FNDA:0,(anonymous_7)
DA:16,49
DA:21,49
DA:58,12
DA:59,1
DA:66,11
DA:68,11
DA:69,11
DA:70,0
DA:79,11
DA:80,0
DA:83,11
DA:84,11
DA:85,11
DA:87,11
DA:90,0
DA:91,0
DA:92,0
DA:95,0
DA:96,0
DA:98,0
DA:111,4
DA:112,0
DA:119,4
DA:120,4
DA:123,4
DA:124,4
DA:125,4
DA:127,4
DA:130,0
DA:131,0
DA:132,0
DA:134,0
DA:135,0
DA:137,0
DA:150,7
DA:151,0
DA:154,7
DA:155,7
DA:158,7
DA:159,7
DA:160,7
DA:168,62
DA:175,2
DA:176,0
DA:178,2
DA:185,15
DA:186,15
DA:188,0
DA:201,55
DA:203,55
DA:204,0
DA:207,55
DA:210,0
DA:218,0
DA:219,0
DA:226,0
DA:227,0
DA:234,0
DA:235,0
DA:242,0
DA:243,0
LF:61
LH:33
BRDA:58,0,0,1
BRDA:58,0,1,11
BRDA:69,1,0,0
BRDA:69,1,1,11
BRDA:79,2,0,0
BRDA:79,2,1,11
BRDA:95,3,0,0
BRDA:95,3,1,0
BRDA:111,4,0,0
BRDA:111,4,1,4
BRDA:134,5,0,0
BRDA:134,5,1,0
BRDA:150,6,0,0
BRDA:150,6,1,7
BRDA:175,7,0,0
BRDA:175,7,1,2
BRDA:203,8,0,0
BRDA:203,8,1,55
BRDA:218,9,0,0
BRDA:218,9,1,0
BRDA:218,10,0,0
BRDA:218,10,1,0
BRDA:226,11,0,0
BRDA:226,11,1,0
BRDA:226,12,0,0
BRDA:226,12,1,0
BRDA:234,13,0,0
BRDA:234,13,1,0
BRDA:234,14,0,0
BRDA:234,14,1,0
BRDA:234,14,2,0
BRDA:242,15,0,0
BRDA:242,15,1,0
BRDA:242,16,0,0
BRDA:242,16,1,0
BRF:35
BRH:8
end_of_record
TN:
SF:src/services/audio/PlatformAudioConfig.ts
FN:133,getAudioConfig
FN:143,getPlatformName
FN:155,isPlatformSupported
FN:162,getRecommendedFormat
FN:169,isFormatSupported
FN:177,getPerformanceMultiplier
FNF:6
FNH:2
FNDA:9,getAudioConfig
FNDA:10,getPlatformName
FNDA:0,isPlatformSupported
FNDA:0,getRecommendedFormat
FNDA:0,isFormatSupported
FNDA:0,getPerformanceMultiplier
DA:90,3
DA:114,3
DA:134,9
DA:144,10
DA:156,0
DA:163,0
DA:170,0
DA:178,0
LF:8
LH:4
BRDA:156,0,0,0
BRDA:156,0,1,0
BRDA:156,0,2,0
BRF:3
BRH:0
end_of_record
TN:
SF:src/services/audio/mock/MockAudioMixer.ts
FN:19,(anonymous_0)
FN:40,(anonymous_1)
FN:41,(anonymous_2)
FN:81,(anonymous_3)
FN:95,(anonymous_4)
FNF:5
FNH:4
FNDA:4,(anonymous_0)
FNDA:4,(anonymous_1)
FNDA:30,(anonymous_2)
FNDA:0,(anonymous_3)
FNDA:6,(anonymous_4)
DA:13,46
DA:14,46
DA:24,4
DA:25,4
DA:26,4
DA:29,4
DA:30,4
DA:33,4
DA:34,4
DA:35,4
DA:37,4
DA:40,4
DA:41,4
DA:43,30
DA:44,0
DA:45,0
DA:46,0
DA:48,0
DA:49,0
DA:53,30
DA:55,30
DA:57,4
DA:58,4
DA:59,4
DA:62,4
DA:65,4
DA:66,4
DA:68,4
DA:69,4
DA:72,26
DA:82,0
DA:84,0
DA:85,0
DA:86,0
DA:89,0
DA:96,6
LF:36
LH:26
BRDA:43,0,0,0
BRDA:43,0,1,30
BRDA:44,1,0,0
BRDA:44,1,1,0
BRDA:55,2,0,4
BRDA:55,2,1,26
BRDA:57,3,0,4
BRDA:57,3,1,0
BRDA:65,4,0,4
BRDA:65,4,1,4
BRDA:84,5,0,0
BRDA:84,5,1,0
BRF:12
BRH:6
end_of_record
TN:
SF:src/services/audio/mock/MockAudioPlayer.ts
FN:20,(anonymous_0)
FN:37,(anonymous_1)
FN:47,(anonymous_2)
FN:57,(anonymous_3)
FN:68,(anonymous_4)
FN:81,(anonymous_5)
FN:88,(anonymous_6)
FN:95,(anonymous_7)
FN:102,(anonymous_8)
FN:109,(anonymous_9)
FN:122,(anonymous_10)
FN:132,(anonymous_11)
FN:143,(anonymous_12)
FN:148,(anonymous_13)
FN:181,(anonymous_14)
FN:191,(anonymous_15)
FN:192,(anonymous_16)
FNF:17
FNH:16
FNDA:35,(anonymous_0)
FNDA:10,(anonymous_1)
FNDA:4,(anonymous_2)
FNDA:6,(anonymous_3)
FNDA:2,(anonymous_4)
FNDA:2,(anonymous_5)
FNDA:2,(anonymous_6)
FNDA:2,(anonymous_7)
FNDA:3,(anonymous_8)
FNDA:2,(anonymous_9)
FNDA:1,(anonymous_10)
FNDA:35,(anonymous_11)
FNDA:10,(anonymous_12)
FNDA:0,(anonymous_13)
FNDA:45,(anonymous_14)
FNDA:35,(anonymous_15)
FNDA:35,(anonymous_16)
DA:13,35
DA:14,35
DA:15,35
DA:21,35
DA:24,35
DA:27,35
DA:28,35
DA:29,35
DA:31,35
DA:38,10
DA:41,10
DA:48,4
DA:51,4
DA:58,6
DA:61,6
DA:62,6
DA:69,2
DA:72,2
DA:73,0
DA:74,0
DA:82,2
DA:89,2
DA:96,2
DA:103,3
DA:110,2
DA:111,2
DA:114,2
DA:115,0
DA:123,1
DA:124,0
DA:126,1
DA:133,35
DA:135,35
DA:136,35
DA:137,35
DA:144,10
DA:145,0
DA:148,10
DA:150,0
DA:151,0
DA:154,0
DA:155,0
DA:157,0
DA:160,0
DA:161,0
DA:162,0
DA:165,0
DA:166,0
DA:172,0
DA:173,0
DA:182,45
DA:183,10
DA:184,10
DA:192,35
LF:54
LH:37
BRDA:72,0,0,0
BRDA:72,0,1,2
BRDA:114,1,0,0
BRDA:114,1,1,2
BRDA:123,2,0,0
BRDA:123,2,1,1
BRDA:144,3,0,0
BRDA:144,3,1,10
BRDA:154,4,0,0
BRDA:154,4,1,0
BRDA:155,5,0,0
BRDA:155,5,1,0
BRDA:165,6,0,0
BRDA:165,6,1,0
BRDA:172,7,0,0
BRDA:172,7,1,0
BRDA:182,8,0,10
BRDA:182,8,1,35
BRF:18
BRH:6
end_of_record
TN:
SF:src/services/audio/mock/MockAudioRecorder.ts
FN:19,(anonymous_0)
FN:26,(anonymous_1)
FN:38,(anonymous_2)
FN:61,(anonymous_3)
FN:76,(anonymous_4)
FN:85,(anonymous_5)
FN:95,(anonymous_6)
FN:102,(anonymous_7)
FN:103,(anonymous_8)
FNF:9
FNH:8
FNDA:11,(anonymous_0)
FNDA:0,(anonymous_1)
FNDA:4,(anonymous_2)
FNDA:7,(anonymous_3)
FNDA:15,(anonymous_4)
FNDA:55,(anonymous_5)
FNDA:2,(anonymous_6)
FNDA:37,(anonymous_7)
FNDA:37,(anonymous_8)
DA:13,49
DA:14,49
DA:20,11
DA:23,11
DA:26,11
DA:28,0
DA:29,0
DA:30,0
DA:39,4
DA:42,4
DA:43,4
DA:44,4
DA:48,4
DA:51,4
DA:52,4
DA:54,4
DA:55,4
DA:62,7
DA:65,7
DA:66,7
DA:67,7
DA:70,7
DA:77,15
DA:78,15
DA:79,15
DA:86,55
DA:87,0
DA:88,0
DA:96,2
DA:103,37
LF:30
LH:25
BRDA:29,0,0,0
BRDA:29,0,1,0
BRDA:42,1,0,4
BRDA:42,1,1,0
BRDA:51,2,0,4
BRDA:51,2,1,4
BRDA:65,3,0,7
BRDA:65,3,1,0
BRDA:86,4,0,0
BRDA:86,4,1,55
BRF:10
BRH:5
end_of_record
TN:
SF:src/services/audio/mock/MockFileManager.ts
FN:20,(anonymous_0)
FN:28,(anonymous_1)
FN:29,(anonymous_2)
FN:45,(anonymous_3)
FN:70,(anonymous_4)
FN:85,(anonymous_5)
FN:120,(anonymous_6)
FN:135,(anonymous_7)
FN:143,(anonymous_8)
FN:157,(anonymous_9)
FN:181,(anonymous_10)
FN:187,(anonymous_11)
FN:197,(anonymous_12)
FN:207,(anonymous_13)
FN:213,(anonymous_14)
FN:215,(anonymous_15)
FN:225,(anonymous_16)
FN:237,(anonymous_17)
FN:255,(anonymous_18)
FN:256,(anonymous_19)
FNF:20
FNH:19
FNDA:52,(anonymous_0)
FNDA:52,(anonymous_1)
FNDA:312,(anonymous_2)
FNDA:9,(anonymous_3)
FNDA:2,(anonymous_4)
FNDA:2,(anonymous_5)
FNDA:2,(anonymous_6)
FNDA:4,(anonymous_7)
FNDA:2,(anonymous_8)
FNDA:1,(anonymous_9)
FNDA:2,(anonymous_10)
FNDA:14,(anonymous_11)
FNDA:0,(anonymous_12)
FNDA:50,(anonymous_13)
FNDA:282,(anonymous_14)
FNDA:42,(anonymous_15)
FNDA:4,(anonymous_16)
FNDA:9,(anonymous_17)
FNDA:74,(anonymous_18)
FNDA:74,(anonymous_19)
DA:18,52
DA:22,52
DA:29,52
DA:30,312
DA:39,52
DA:46,9
DA:48,9
DA:50,9
DA:53,9
DA:55,9
DA:63,9
DA:64,9
DA:71,2
DA:73,2
DA:75,2
DA:76,2
DA:78,2
DA:79,2
DA:86,2
DA:88,2
DA:90,2
DA:91,2
DA:94,2
DA:95,2
DA:96,1
DA:104,1
DA:113,2
DA:114,2
DA:121,2
DA:123,2
DA:125,2
DA:126,2
DA:128,2
DA:129,2
DA:136,4
DA:137,4
DA:144,2
DA:146,2
DA:147,2
DA:148,0
DA:151,2
DA:158,1
DA:160,1
DA:161,1
DA:162,0
DA:165,1
DA:167,1
DA:182,2
DA:184,2
DA:186,2
DA:187,14
DA:190,2
DA:191,2
DA:198,0
DA:201,0
DA:208,50
DA:210,50
DA:213,282
DA:215,48
DA:216,42
DA:219,48
DA:226,4
DA:227,4
DA:228,4
DA:229,4
DA:231,4
DA:238,9
DA:240,1
DA:242,8
DA:244,0
DA:246,0
DA:248,0
DA:256,74
LF:73
LH:66
BRDA:78,0,0,2
BRDA:78,0,1,0
BRDA:90,1,0,2
BRDA:90,1,1,0
BRDA:95,2,0,1
BRDA:95,2,1,1
BRDA:125,3,0,2
BRDA:125,3,1,0
BRDA:147,4,0,0
BRDA:147,4,1,2
BRDA:161,5,0,0
BRDA:161,5,1,1
BRDA:165,6,0,1
BRDA:165,6,1,0
BRDA:187,7,0,14
BRDA:187,7,1,14
BRDA:226,8,0,4
BRDA:226,8,1,0
BRDA:227,9,0,4
BRDA:227,9,1,0
BRDA:238,10,0,1
BRDA:238,10,1,8
BRDA:238,10,2,0
BRDA:238,10,3,0
BRDA:238,10,4,0
BRF:25
BRH:14
end_of_record
TN:
SF:src/theme/paperTheme.ts
FNF:0
FNH:0
DA:15,1
LF:1
LH:1
BRF:0
BRH:0
end_of_record
TN:
SF:src/utils/platform.ts
FN:13,(anonymous_0)
FN:20,(anonymous_1)
FN:27,(anonymous_2)
FN:34,(anonymous_3)
FN:41,(anonymous_4)
FNF:5
FNH:0
FNDA:0,(anonymous_0)
FNDA:0,(anonymous_1)
FNDA:0,(anonymous_2)
FNDA:0,(anonymous_3)
FNDA:0,(anonymous_4)
DA:13,0
DA:14,0
DA:20,0
DA:21,0
DA:27,0
DA:28,0
DA:34,0
DA:35,0
DA:41,0
DA:42,0
DA:44,0
DA:46,0
DA:48,0
DA:50,0
LF:14
LH:0
BRDA:21,0,0,0
BRDA:21,0,1,0
BRDA:42,1,0,0
BRDA:42,1,1,0
BRDA:42,1,2,0
BRDA:42,1,3,0
BRF:6
BRH:0
end_of_record
