TN:
SF:src/components/ActionButton/ActionButton.styles.ts
FNF:0
FNH:0
DA:9,3
LF:1
LH:1
BRF:0
BRH:0
end_of_record
TN:
SF:src/components/ActionButton/ActionButton.tsx
FN:21,(anonymous_0)
FNF:1
FNH:1
FNDA:68,(anonymous_0)
DA:21,3
DA:29,68
LF:2
LH:2
BRDA:25,0,0,7
BRDA:26,1,0,65
BRF:2
BRH:2
end_of_record
TN:
SF:src/components/SaveModal/SaveModal.styles.ts
FNF:0
FNH:0
DA:9,3
LF:1
LH:1
BRF:0
BRH:0
end_of_record
TN:
SF:src/components/SaveModal/SaveModal.tsx
FN:21,(anonymous_0)
FN:31,(anonymous_1)
FN:36,(anonymous_2)
FN:46,(anonymous_3)
FN:57,(anonymous_4)
FNF:5
FNH:5
FNDA:27,(anonymous_0)
FNDA:6,(anonymous_1)
FNDA:3,(anonymous_2)
FNDA:3,(anonymous_3)
FNDA:1,(anonymous_4)
DA:21,3
DA:28,27
DA:29,27
DA:31,27
DA:33,6
DA:36,27
DA:37,3
DA:38,3
DA:39,0
DA:40,0
DA:42,3
DA:43,3
DA:46,27
DA:47,3
DA:48,3
DA:49,3
DA:51,3
DA:52,3
DA:53,3
DA:57,27
DA:59,1
DA:60,1
DA:61,1
DA:64,27
LF:24
LH:22
BRDA:38,0,0,0
BRDA:38,0,1,3
BRDA:47,1,0,3
BRDA:47,1,1,0
BRDA:69,2,0,27
BRDA:69,2,1,16
BRDA:84,3,0,0
BRDA:84,3,1,27
BRF:8
BRH:5
end_of_record
TN:
SF:src/components/SpeedSlider/SpeedSlider.styles.ts
FNF:0
FNH:0
DA:7,5
LF:1
LH:1
BRF:0
BRH:0
end_of_record
TN:
SF:src/components/SpeedSlider/SpeedSlider.tsx
FN:27,(anonymous_0)
FN:32,(anonymous_1)
FN:36,(anonymous_2)
FN:41,(anonymous_3)
FNF:4
FNH:4
FNDA:22,(anonymous_0)
FNDA:2,(anonymous_1)
FNDA:22,(anonymous_2)
FNDA:2,(anonymous_3)
DA:22,5
DA:23,5
DA:24,5
DA:27,5
DA:28,22
DA:32,5
DA:33,2
DA:36,5
DA:41,22
DA:42,2
DA:43,2
DA:46,22
DA:47,22
DA:49,22
LF:14
LH:14
BRDA:39,0,0,22
BRF:1
BRH:1
end_of_record
TN:
SF:src/components/TrackList/TrackList.styles.ts
FNF:0
FNH:0
DA:9,3
LF:1
LH:1
BRF:0
BRH:0
end_of_record
TN:
SF:src/components/TrackList/TrackList.tsx
FN:25,(anonymous_0)
FN:33,(anonymous_1)
FN:44,(anonymous_2)
FN:55,(anonymous_3)
FNF:4
FNH:4
FNDA:20,(anonymous_0)
FNDA:9,(anonymous_1)
FNDA:15,(anonymous_2)
FNDA:14,(anonymous_3)
DA:25,3
DA:33,20
DA:34,9
DA:44,20
DA:45,15
DA:51,20
DA:55,14
LF:7
LH:7
BRDA:57,0,0,15
BRDA:57,0,1,5
BRF:2
BRH:2
end_of_record
TN:
SF:src/components/TrackListItem/TrackListItem.styles.ts
FNF:0
FNH:0
DA:13,4
LF:1
LH:1
BRF:0
BRH:0
end_of_record
TN:
SF:src/components/TrackListItem/TrackListItem.tsx
FN:27,(anonymous_0)
FN:35,(anonymous_1)
FN:40,(anonymous_2)
FN:45,(anonymous_3)
FN:50,(anonymous_4)
FN:54,(anonymous_5)
FNF:6
FNH:6
FNDA:17,(anonymous_0)
FNDA:1,(anonymous_1)
FNDA:1,(anonymous_2)
FNDA:1,(anonymous_3)
FNDA:1,(anonymous_4)
FNDA:1,(anonymous_5)
DA:27,4
DA:35,17
DA:36,1
DA:37,1
DA:40,17
DA:41,1
DA:42,1
DA:45,17
DA:46,1
DA:47,1
DA:50,17
DA:51,1
DA:54,17
DA:55,1
DA:58,17
LF:15
LH:15
BRDA:69,0,0,5
BRDA:69,0,1,12
BRF:2
BRH:2
end_of_record
TN:
SF:src/components/VolumeSlider/VolumeSlider.styles.ts
FNF:0
FNH:0
DA:7,5
LF:1
LH:1
BRF:0
BRH:0
end_of_record
TN:
SF:src/components/VolumeSlider/VolumeSlider.tsx
FN:18,(anonymous_0)
FNF:1
FNH:1
FNDA:21,(anonymous_0)
DA:18,5
DA:23,21
LF:2
LH:2
BRDA:21,0,0,20
BRF:1
BRH:1
end_of_record
TN:
SF:src/screens/MainScreen/MainScreen.styles.ts
FNF:0
FNH:0
DA:12,2
LF:1
LH:1
BRF:0
BRH:0
end_of_record
TN:
SF:src/screens/MainScreen/MainScreen.tsx
FN:29,(anonymous_0)
FN:37,(anonymous_1)
FN:48,(anonymous_2)
FN:56,(anonymous_3)
FN:79,(anonymous_4)
FN:109,(anonymous_5)
FN:123,(anonymous_6)
FN:161,(anonymous_7)
FN:176,(anonymous_8)
FN:181,(anonymous_9)
FN:185,(anonymous_10)
FN:191,(anonymous_11)
FN:200,(anonymous_12)
FN:201,(anonymous_13)
FN:213,(anonymous_14)
FN:222,(anonymous_15)
FN:223,(anonymous_16)
FN:235,(anonymous_17)
FN:244,(anonymous_18)
FN:244,(anonymous_19)
FN:255,(anonymous_20)
FN:264,(anonymous_21)
FN:265,(anonymous_22)
FN:274,(anonymous_23)
FN:283,(anonymous_24)
FN:284,(anonymous_25)
FNF:26
FNH:6
FNDA:15,(anonymous_0)
FNDA:9,(anonymous_1)
FNDA:9,(anonymous_2)
FNDA:2,(anonymous_3)
FNDA:0,(anonymous_4)
FNDA:0,(anonymous_5)
FNDA:1,(anonymous_6)
FNDA:1,(anonymous_7)
FNDA:0,(anonymous_8)
FNDA:0,(anonymous_9)
FNDA:0,(anonymous_10)
FNDA:0,(anonymous_11)
FNDA:0,(anonymous_12)
FNDA:0,(anonymous_13)
FNDA:0,(anonymous_14)
FNDA:0,(anonymous_15)
FNDA:0,(anonymous_16)
FNDA:0,(anonymous_17)
FNDA:0,(anonymous_18)
FNDA:0,(anonymous_19)
FNDA:0,(anonymous_20)
FNDA:0,(anonymous_21)
FNDA:0,(anonymous_22)
FNDA:0,(anonymous_23)
FNDA:0,(anonymous_24)
FNDA:0,(anonymous_25)
DA:27,2
DA:29,2
DA:30,15
DA:31,15
DA:32,15
DA:33,15
DA:34,15
DA:37,15
DA:38,9
DA:39,9
DA:40,9
DA:42,0
DA:43,0
DA:44,0
DA:48,9
DA:50,9
DA:51,9
DA:56,15
DA:57,2
DA:58,0
DA:59,0
DA:62,2
DA:63,2
DA:64,2
DA:65,2
DA:66,2
DA:68,0
DA:69,0
DA:70,0
DA:72,0
DA:75,2
DA:79,15
DA:80,0
DA:81,0
DA:82,0
DA:85,0
DA:86,0
DA:87,0
DA:88,0
DA:91,0
DA:103,0
DA:109,0
DA:110,0
DA:112,0
DA:113,0
DA:114,0
DA:116,0
DA:119,0
DA:123,15
DA:124,1
DA:125,0
DA:126,0
DA:129,1
DA:130,1
DA:131,1
DA:134,1
DA:135,1
DA:137,1
DA:140,1
DA:143,1
DA:155,1
DA:161,1
DA:162,1
DA:164,0
DA:165,0
DA:166,0
DA:169,0
DA:172,1
DA:176,15
DA:177,0
DA:178,0
DA:181,15
DA:182,0
DA:185,15
DA:186,0
DA:187,0
DA:188,0
DA:191,15
DA:192,0
DA:193,0
DA:196,0
DA:197,0
DA:200,0
DA:201,0
DA:204,0
DA:206,0
DA:207,0
DA:208,0
DA:213,15
DA:214,0
DA:215,0
DA:218,0
DA:219,0
DA:222,0
DA:223,0
DA:226,0
DA:228,0
DA:229,0
DA:230,0
DA:235,15
DA:236,0
DA:237,0
DA:240,0
DA:242,0
DA:244,0
DA:246,0
DA:248,0
DA:249,0
DA:250,0
DA:255,15
DA:256,0
DA:257,0
DA:260,0
DA:261,0
DA:264,0
DA:265,0
DA:268,0
DA:270,0
DA:274,15
DA:275,0
DA:276,0
DA:279,0
DA:280,0
DA:283,0
DA:284,0
DA:287,0
DA:289,0
DA:293,15
LF:128
LH:46
BRDA:43,0,0,0
BRDA:43,0,1,0
BRDA:50,1,0,9
BRDA:50,1,1,0
BRDA:57,2,0,0
BRDA:57,2,1,2
BRDA:69,3,0,0
BRDA:69,3,1,0
BRDA:80,4,0,0
BRDA:80,4,1,0
BRDA:113,5,0,0
BRDA:113,5,1,0
BRDA:124,6,0,0
BRDA:124,6,1,1
BRDA:165,7,0,0
BRDA:165,7,1,0
BRDA:192,8,0,0
BRDA:192,8,1,0
BRDA:201,9,0,0
BRDA:201,9,1,0
BRDA:207,10,0,0
BRDA:207,10,1,0
BRDA:214,11,0,0
BRDA:214,11,1,0
BRDA:223,12,0,0
BRDA:223,12,1,0
BRDA:229,13,0,0
BRDA:229,13,1,0
BRDA:236,14,0,0
BRDA:236,14,1,0
BRDA:249,15,0,0
BRDA:249,15,1,0
BRDA:256,16,0,0
BRDA:256,16,1,0
BRDA:265,17,0,0
BRDA:265,17,1,0
BRDA:275,18,0,0
BRDA:275,18,1,0
BRDA:284,19,0,0
BRDA:284,19,1,0
BRDA:299,20,0,2
BRDA:299,20,1,13
BRDA:302,21,0,15
BRDA:302,21,1,13
BRDA:308,22,0,15
BRDA:308,22,1,2
BRDA:336,23,0,15
BRDA:336,23,1,1
BRDA:349,24,0,15
BRDA:349,24,1,3
BRF:50
BRH:13
end_of_record
TN:
SF:src/services/audio/AudioError.ts
FN:36,(anonymous_0)
FN:59,(anonymous_1)
FN:84,(anonymous_2)
FN:100,(anonymous_3)
FN:107,(anonymous_4)
FN:119,(anonymous_5)
FNF:6
FNH:6
FNDA:38,(anonymous_0)
FNDA:17,(anonymous_1)
FNDA:9,(anonymous_2)
FNDA:2,(anonymous_3)
FNDA:5,(anonymous_4)
FNDA:1,(anonymous_5)
DA:42,38
DA:43,38
DA:44,38
DA:45,38
DA:46,38
DA:47,38
DA:48,38
DA:51,38
DA:52,38
DA:60,17
DA:62,3
DA:64,4
DA:66,2
DA:68,2
DA:70,2
DA:72,1
DA:74,2
DA:77,1
DA:85,9
DA:101,2
DA:108,5
DA:120,1
LF:22
LH:22
BRDA:48,0,0,38
BRDA:48,0,1,17
BRDA:51,1,0,38
BRDA:51,1,1,0
BRDA:60,2,0,3
BRDA:60,2,1,4
BRDA:60,2,2,2
BRDA:60,2,3,2
BRDA:60,2,4,2
BRDA:60,2,5,1
BRDA:60,2,6,2
BRDA:60,2,7,1
BRDA:60,2,8,1
BRF:13
BRH:12
end_of_record
TN:
SF:src/services/audio/AudioService.ts
FN:66,(anonymous_0)
FN:79,(anonymous_1)
FN:95,(anonymous_2)
FN:117,(anonymous_3)
FN:129,(anonymous_4)
FN:136,(anonymous_5)
FN:143,(anonymous_6)
FN:152,(anonymous_7)
FN:185,(anonymous_8)
FN:194,(anonymous_9)
FN:203,(anonymous_10)
FN:212,(anonymous_11)
FN:221,(anonymous_12)
FN:230,(anonymous_13)
FN:238,(anonymous_14)
FN:246,(anonymous_15)
FN:254,(anonymous_16)
FN:262,(anonymous_17)
FN:270,(anonymous_18)
FN:283,(anonymous_19)
FN:284,(anonymous_20)
FN:293,(anonymous_21)
FN:294,(anonymous_22)
FN:301,(anonymous_23)
FN:303,(anonymous_24)
FN:304,(anonymous_25)
FN:311,(anonymous_26)
FN:318,(anonymous_27)
FN:327,(anonymous_28)
FN:347,(anonymous_29)
FN:355,(anonymous_30)
FN:362,(anonymous_31)
FN:369,(anonymous_32)
FN:378,(anonymous_33)
FN:385,(anonymous_34)
FN:392,(anonymous_35)
FN:406,(anonymous_36)
FN:413,(anonymous_37)
FN:420,(anonymous_38)
FN:427,(anonymous_39)
FN:434,(anonymous_40)
FN:443,(anonymous_41)
FN:469,(anonymous_42)
FNF:43
FNH:42
FNDA:42,(anonymous_0)
FNDA:8,(anonymous_1)
FNDA:3,(anonymous_2)
FNDA:5,(anonymous_3)
FNDA:52,(anonymous_4)
FNDA:1,(anonymous_5)
FNDA:1,(anonymous_6)
FNDA:22,(anonymous_7)
FNDA:8,(anonymous_8)
FNDA:3,(anonymous_9)
FNDA:1,(anonymous_10)
FNDA:1,(anonymous_11)
FNDA:1,(anonymous_12)
FNDA:1,(anonymous_13)
FNDA:1,(anonymous_14)
FNDA:1,(anonymous_15)
FNDA:1,(anonymous_16)
FNDA:9,(anonymous_17)
FNDA:21,(anonymous_18)
FNDA:49,(anonymous_19)
FNDA:19,(anonymous_20)
FNDA:2,(anonymous_21)
FNDA:4,(anonymous_22)
FNDA:1,(anonymous_23)
FNDA:2,(anonymous_24)
FNDA:2,(anonymous_25)
FNDA:3,(anonymous_26)
FNDA:2,(anonymous_27)
FNDA:2,(anonymous_28)
FNDA:0,(anonymous_29)
FNDA:1,(anonymous_30)
FNDA:50,(anonymous_31)
FNDA:1,(anonymous_32)
FNDA:1,(anonymous_33)
FNDA:1,(anonymous_34)
FNDA:1,(anonymous_35)
FNDA:1,(anonymous_36)
FNDA:1,(anonymous_37)
FNDA:1,(anonymous_38)
FNDA:49,(anonymous_39)
FNDA:2,(anonymous_40)
FNDA:48,(anonymous_41)
FNDA:18,(anonymous_42)
DA:58,42
DA:61,42
DA:67,42
DA:68,42
DA:69,42
DA:70,42
DA:71,42
DA:80,8
DA:81,1
DA:88,7
DA:89,7
DA:96,3
DA:97,1
DA:104,2
DA:105,2
DA:106,2
DA:107,2
DA:109,0
DA:110,0
DA:118,5
DA:119,0
DA:122,5
DA:123,5
DA:130,52
DA:137,1
DA:144,1
DA:154,22
DA:155,1
DA:163,21
DA:164,0
DA:168,21
DA:169,21
DA:172,21
DA:186,8
DA:187,7
DA:188,7
DA:195,3
DA:196,3
DA:197,3
DA:204,1
DA:205,1
DA:206,1
DA:213,1
DA:214,1
DA:215,1
DA:222,1
DA:223,1
DA:224,1
DA:231,1
DA:232,1
DA:239,1
DA:240,1
DA:247,1
DA:248,1
DA:255,1
DA:256,1
DA:263,9
DA:264,9
DA:271,21
DA:272,21
DA:273,0
DA:276,21
DA:277,21
DA:284,49
DA:285,19
DA:287,49
DA:294,4
DA:295,2
DA:302,1
DA:303,2
DA:304,2
DA:305,1
DA:312,3
DA:319,2
DA:334,2
DA:337,2
DA:338,1
DA:341,2
DA:342,2
DA:343,2
DA:346,2
DA:347,1
DA:356,1
DA:363,50
DA:370,1
DA:379,1
DA:386,1
DA:394,1
DA:395,1
DA:396,1
DA:400,1
DA:407,1
DA:414,1
DA:421,1
DA:428,49
DA:435,2
DA:445,48
DA:446,4
DA:450,48
DA:451,0
DA:455,48
DA:458,48
DA:461,48
DA:470,18
DA:471,18
DA:472,1
DA:478,17
LF:107
LH:101
BRDA:71,0,0,42
BRDA:71,0,1,0
BRDA:80,1,0,1
BRDA:80,1,1,7
BRDA:96,2,0,1
BRDA:96,2,1,2
BRDA:118,3,0,0
BRDA:118,3,1,5
BRDA:154,4,0,1
BRDA:154,4,1,21
BRDA:163,5,0,0
BRDA:163,5,1,21
BRDA:177,6,0,21
BRDA:177,6,1,20
BRDA:178,7,0,21
BRDA:178,7,1,20
BRDA:264,8,0,8
BRDA:264,8,1,1
BRDA:272,9,0,0
BRDA:272,9,1,21
BRDA:337,10,0,1
BRDA:337,10,1,1
BRDA:346,11,0,1
BRDA:346,11,1,1
BRDA:395,12,0,1
BRDA:395,12,1,0
BRDA:445,13,0,4
BRDA:445,13,1,44
BRDA:450,14,0,0
BRDA:450,14,1,48
BRDA:471,15,0,1
BRDA:471,15,1,17
BRF:32
BRH:26
end_of_record
TN:
SF:src/services/audio/AudioServiceFactory.ts
FN:47,(anonymous_0)
FN:55,(anonymous_1)
FN:63,(anonymous_2)
FN:73,(anonymous_3)
FN:87,(anonymous_4)
FN:94,(anonymous_5)
FN:107,(anonymous_6)
FN:127,(anonymous_7)
FN:149,(anonymous_8)
FN:183,(anonymous_9)
FN:194,(anonymous_10)
FN:201,(anonymous_11)
FN:210,(anonymous_12)
FN:222,(anonymous_13)
FN:248,registerAudioServices
FN:264,getAudioService
FN:271,isAudioServiceAvailable
FN:278,cleanupAudioService
FNF:18
FNH:16
FNDA:0,(anonymous_0)
FNDA:13,(anonymous_1)
FNDA:18,(anonymous_2)
FNDA:8,(anonymous_3)
FNDA:3,(anonymous_4)
FNDA:3,(anonymous_5)
FNDA:13,(anonymous_6)
FNDA:10,(anonymous_7)
FNDA:1,(anonymous_8)
FNDA:16,(anonymous_9)
FNDA:6,(anonymous_10)
FNDA:8,(anonymous_11)
FNDA:14,(anonymous_12)
FNDA:14,(anonymous_13)
FNDA:13,registerAudioServices
FNDA:16,getAudioService
FNDA:2,isAudioServiceAvailable
FNDA:0,cleanupAudioService
DA:41,17
DA:42,17
DA:48,0
DA:49,0
DA:56,13
DA:57,13
DA:64,18
DA:74,8
DA:84,3
DA:85,3
DA:88,3
DA:95,3
DA:96,3
DA:98,3
DA:108,13
DA:109,0
DA:111,13
DA:115,13
DA:116,0
DA:117,0
DA:118,0
DA:128,10
DA:130,10
DA:131,1
DA:132,1
DA:139,9
DA:141,9
DA:144,9
DA:145,9
DA:146,9
DA:149,9
DA:152,9
DA:160,9
DA:162,9
DA:164,9
DA:166,0
DA:184,16
DA:185,8
DA:186,8
DA:188,16
DA:195,6
DA:202,8
DA:211,14
DA:212,5
DA:213,5
DA:214,5
DA:215,5
DA:223,14
DA:224,14
DA:225,14
DA:232,3
DA:252,13
DA:265,16
DA:272,2
DA:279,0
LF:55
LH:47
BRDA:95,0,0,3
BRDA:95,0,1,0
BRDA:108,1,0,0
BRDA:108,1,1,13
BRDA:115,2,0,0
BRDA:115,2,1,13
BRDA:130,3,0,1
BRDA:130,3,1,9
BRDA:184,4,0,8
BRDA:184,4,1,8
BRDA:195,5,0,6
BRDA:195,5,1,3
BRDA:211,6,0,5
BRDA:211,6,1,9
BRF:14
BRH:11
end_of_record
TN:
SF:src/services/audio/BaseAudioMixer.ts
FN:50,(anonymous_0)
FN:94,(anonymous_1)
FN:101,(anonymous_2)
FN:119,(anonymous_3)
FN:129,(anonymous_4)
FN:142,(anonymous_5)
FN:207,(anonymous_6)
FN:230,(anonymous_7)
FN:242,(anonymous_8)
FN:256,(anonymous_9)
FNF:10
FNH:8
FNDA:4,(anonymous_0)
FNDA:3,(anonymous_1)
FNDA:2,(anonymous_2)
FNDA:56,(anonymous_3)
FNDA:6,(anonymous_4)
FNDA:6,(anonymous_5)
FNDA:4,(anonymous_6)
FNDA:34,(anonymous_7)
FNDA:0,(anonymous_8)
FNDA:0,(anonymous_9)
DA:21,46
DA:31,46
DA:56,4
DA:57,0
DA:65,4
DA:66,4
DA:68,4
DA:69,4
DA:70,4
DA:72,4
DA:74,4
DA:76,0
DA:77,0
DA:79,0
DA:86,4
DA:87,4
DA:95,3
DA:102,2
DA:103,2
DA:106,0
DA:108,0
DA:109,0
DA:111,0
DA:112,0
DA:120,56
DA:131,6
DA:134,6
DA:136,6
DA:144,6
DA:145,0
DA:153,6
DA:154,9
DA:157,9
DA:158,0
DA:166,9
DA:167,0
DA:175,9
DA:176,0
DA:184,9
DA:185,0
DA:192,9
DA:193,0
DA:201,6
DA:208,4
DA:209,0
DA:217,4
DA:218,4
DA:219,0
DA:232,34
DA:234,34
DA:235,12
DA:243,0
DA:244,0
DA:257,0
LF:54
LH:34
BRDA:56,0,0,0
BRDA:56,0,1,4
BRDA:76,1,0,0
BRDA:76,1,1,0
BRDA:102,2,0,2
BRDA:102,2,1,0
BRDA:144,3,0,0
BRDA:144,3,1,6
BRDA:144,4,0,6
BRDA:144,4,1,6
BRDA:157,5,0,0
BRDA:157,5,1,9
BRDA:157,6,0,9
BRDA:157,6,1,9
BRDA:166,7,0,0
BRDA:166,7,1,9
BRDA:166,8,0,9
BRDA:166,8,1,9
BRDA:175,9,0,0
BRDA:175,9,1,9
BRDA:175,10,0,9
BRDA:175,10,1,9
BRDA:184,11,0,0
BRDA:184,11,1,9
BRDA:184,12,0,9
BRDA:184,12,1,0
BRDA:192,13,0,0
BRDA:192,13,1,9
BRDA:192,14,0,9
BRDA:192,14,1,0
BRDA:208,15,0,0
BRDA:208,15,1,4
BRDA:208,16,0,4
BRDA:208,16,1,4
BRDA:218,17,0,0
BRDA:218,17,1,4
BRDA:234,18,0,12
BRDA:234,18,1,22
BRDA:243,19,0,0
BRDA:243,19,1,0
BRF:40
BRH:24
end_of_record
TN:
SF:src/services/audio/BaseAudioPlayer.ts
FN:76,(anonymous_0)
FN:128,(anonymous_1)
FN:158,(anonymous_2)
FN:182,(anonymous_3)
FN:206,(anonymous_4)
FN:241,(anonymous_5)
FN:276,(anonymous_6)
FN:302,(anonymous_7)
FN:312,(anonymous_8)
FN:322,(anonymous_9)
FN:341,(anonymous_10)
FN:348,(anonymous_11)
FN:355,(anonymous_12)
FN:365,(anonymous_13)
FN:384,(anonymous_14)
FN:391,(anonymous_15)
FN:399,(anonymous_16)
FN:409,(anonymous_17)
FNF:18
FNH:15
FNDA:36,(anonymous_0)
FNDA:10,(anonymous_1)
FNDA:4,(anonymous_2)
FNDA:6,(anonymous_3)
FNDA:5,(anonymous_4)
FNDA:5,(anonymous_5)
FNDA:3,(anonymous_6)
FNDA:2,(anonymous_7)
FNDA:3,(anonymous_8)
FNDA:2,(anonymous_9)
FNDA:3,(anonymous_10)
FNDA:17,(anonymous_11)
FNDA:1,(anonymous_12)
FNDA:36,(anonymous_13)
FNDA:1,(anonymous_14)
FNDA:0,(anonymous_15)
FNDA:0,(anonymous_16)
FNDA:0,(anonymous_17)
DA:16,36
DA:21,36
DA:26,36
DA:31,36
DA:36,36
DA:41,36
DA:56,36
DA:78,36
DA:79,0
DA:87,36
DA:88,0
DA:91,36
DA:92,36
DA:94,36
DA:95,36
DA:98,36
DA:99,1
DA:100,1
DA:102,1
DA:103,1
DA:105,1
DA:106,1
DA:110,0
DA:111,0
DA:113,0
DA:114,0
DA:116,0
DA:129,10
DA:130,0
DA:137,10
DA:138,10
DA:139,10
DA:141,0
DA:143,0
DA:144,0
DA:146,0
DA:159,4
DA:160,0
DA:163,4
DA:164,4
DA:165,4
DA:167,0
DA:168,0
DA:170,0
DA:183,6
DA:184,0
DA:187,6
DA:188,6
DA:189,6
DA:191,0
DA:192,0
DA:194,0
DA:208,5
DA:209,2
DA:216,3
DA:218,0
DA:219,0
DA:222,3
DA:223,3
DA:224,3
DA:226,0
DA:227,0
DA:229,0
DA:243,5
DA:244,2
DA:251,3
DA:253,0
DA:254,0
DA:257,3
DA:258,3
DA:259,3
DA:261,0
DA:262,0
DA:264,0
DA:277,3
DA:279,0
DA:280,0
DA:283,3
DA:284,3
DA:285,3
DA:287,0
DA:288,0
DA:290,0
DA:303,2
DA:304,0
DA:306,2
DA:313,3
DA:314,0
DA:316,3
DA:323,2
DA:324,0
DA:327,2
DA:328,0
DA:335,2
DA:342,3
DA:349,17
DA:356,1
DA:357,0
DA:359,1
DA:366,36
DA:368,36
DA:369,4
DA:372,36
DA:375,36
DA:376,36
DA:377,36
DA:385,1
DA:392,0
DA:393,0
DA:400,0
DA:401,0
DA:402,0
DA:410,0
DA:411,0
DA:412,0
LF:115
LH:67
BRDA:78,0,0,0
BRDA:78,0,1,36
BRDA:78,1,0,36
BRDA:78,1,1,36
BRDA:87,2,0,0
BRDA:87,2,1,36
BRDA:98,3,0,1
BRDA:98,3,1,35
BRDA:99,4,0,1
BRDA:99,4,1,0
BRDA:102,5,0,1
BRDA:102,5,1,0
BRDA:105,6,0,1
BRDA:105,6,1,0
BRDA:113,7,0,0
BRDA:113,7,1,0
BRDA:129,8,0,0
BRDA:129,8,1,10
BRDA:143,9,0,0
BRDA:143,9,1,0
BRDA:159,10,0,0
BRDA:159,10,1,4
BRDA:167,11,0,0
BRDA:167,11,1,0
BRDA:183,12,0,0
BRDA:183,12,1,6
BRDA:191,13,0,0
BRDA:191,13,1,0
BRDA:208,14,0,2
BRDA:208,14,1,3
BRDA:208,15,0,5
BRDA:208,15,1,4
BRDA:216,16,0,0
BRDA:216,16,1,3
BRDA:226,17,0,0
BRDA:226,17,1,0
BRDA:243,18,0,2
BRDA:243,18,1,3
BRDA:243,19,0,5
BRDA:243,19,1,4
BRDA:251,20,0,0
BRDA:251,20,1,3
BRDA:261,21,0,0
BRDA:261,21,1,0
BRDA:277,22,0,0
BRDA:277,22,1,3
BRDA:287,23,0,0
BRDA:287,23,1,0
BRDA:303,24,0,0
BRDA:303,24,1,2
BRDA:313,25,0,0
BRDA:313,25,1,3
BRDA:323,26,0,0
BRDA:323,26,1,2
BRDA:327,27,0,0
BRDA:327,27,1,2
BRDA:356,28,0,0
BRDA:356,28,1,1
BRDA:368,29,0,4
BRDA:368,29,1,32
BRDA:391,30,0,0
BRDA:401,31,0,0
BRDA:401,31,1,0
BRDA:410,32,0,0
BRDA:410,32,1,0
BRDA:410,33,0,0
BRDA:410,33,1,0
BRF:67
BRH:30
end_of_record
TN:
SF:src/services/audio/BaseAudioRecorder.ts
FN:56,(anonymous_0)
FN:110,(anonymous_1)
FN:149,(anonymous_2)
FN:167,(anonymous_3)
FN:174,(anonymous_4)
FN:184,(anonymous_5)
FN:200,(anonymous_6)
FN:217,(anonymous_7)
FNF:8
FNH:7
FNDA:21,(anonymous_0)
FNDA:5,(anonymous_1)
FNDA:8,(anonymous_2)
FNDA:62,(anonymous_3)
FNDA:2,(anonymous_4)
FNDA:24,(anonymous_5)
FNDA:55,(anonymous_6)
FNDA:0,(anonymous_7)
DA:16,58
DA:21,58
DA:58,21
DA:59,1
DA:66,20
DA:68,20
DA:69,20
DA:70,0
DA:79,20
DA:80,0
DA:83,20
DA:84,20
DA:85,20
DA:87,20
DA:90,8
DA:91,8
DA:92,8
DA:95,8
DA:96,8
DA:98,0
DA:111,5
DA:112,1
DA:119,4
DA:120,4
DA:123,4
DA:124,4
DA:125,4
DA:127,4
DA:130,0
DA:131,0
DA:132,0
DA:134,0
DA:135,0
DA:137,0
DA:150,8
DA:151,0
DA:154,8
DA:155,8
DA:158,8
DA:159,8
DA:160,8
DA:168,62
DA:175,2
DA:176,0
DA:178,2
DA:185,24
DA:186,24
DA:188,0
DA:201,55
DA:203,55
DA:204,0
DA:207,55
DA:210,0
DA:218,0
DA:219,0
DA:226,0
DA:227,0
DA:234,0
DA:235,0
DA:242,0
DA:243,0
LF:61
LH:39
BRDA:58,0,0,1
BRDA:58,0,1,20
BRDA:69,1,0,0
BRDA:69,1,1,20
BRDA:79,2,0,0
BRDA:79,2,1,20
BRDA:95,3,0,8
BRDA:95,3,1,0
BRDA:111,4,0,1
BRDA:111,4,1,4
BRDA:134,5,0,0
BRDA:134,5,1,0
BRDA:150,6,0,0
BRDA:150,6,1,8
BRDA:175,7,0,0
BRDA:175,7,1,2
BRDA:203,8,0,0
BRDA:203,8,1,55
BRDA:218,9,0,0
BRDA:218,9,1,0
BRDA:218,10,0,0
BRDA:218,10,1,0
BRDA:226,11,0,0
BRDA:226,11,1,0
BRDA:226,12,0,0
BRDA:226,12,1,0
BRDA:234,13,0,0
BRDA:234,13,1,0
BRDA:234,14,0,0
BRDA:234,14,1,0
BRDA:234,14,2,0
BRDA:242,15,0,0
BRDA:242,15,1,0
BRDA:242,16,0,0
BRDA:242,16,1,0
BRF:35
BRH:10
end_of_record
TN:
SF:src/services/audio/FileImporterFactory.ts
FN:24,getFileImporter
FNF:1
FNH:1
FNDA:1,getFileImporter
DA:25,1
DA:28,0
DA:29,0
DA:33,1
DA:34,1
LF:5
LH:3
BRDA:25,0,0,0
BRDA:25,0,1,1
BRF:2
BRH:1
end_of_record
TN:
SF:src/services/audio/NativeAudioRecorder.ts
FN:20,(anonymous_0)
FN:57,(anonymous_1)
FN:119,(anonymous_2)
FN:148,(anonymous_3)
FN:164,(anonymous_4)
FN:181,(anonymous_5)
FN:224,(anonymous_6)
FNF:7
FNH:6
FNDA:2,(anonymous_0)
FNDA:0,(anonymous_1)
FNDA:2,(anonymous_2)
FNDA:2,(anonymous_3)
FNDA:9,(anonymous_4)
FNDA:2,(anonymous_5)
FNDA:2,(anonymous_6)
DA:15,2
DA:21,2
DA:23,2
DA:26,2
DA:28,2
DA:31,2
DA:33,2
DA:36,0
DA:38,0
DA:39,0
DA:46,0
DA:58,0
DA:59,0
DA:66,0
DA:68,0
DA:71,0
DA:73,0
DA:74,0
DA:82,0
DA:84,0
DA:85,0
DA:92,0
DA:97,0
DA:99,0
DA:102,0
DA:104,0
DA:105,0
DA:108,0
DA:120,2
DA:122,2
DA:123,2
DA:124,2
DA:127,2
DA:128,0
DA:129,0
DA:130,0
DA:131,0
DA:134,0
DA:138,2
DA:141,2
DA:149,2
DA:150,2
DA:152,2
DA:154,2
DA:156,0
DA:157,0
DA:165,9
DA:167,9
DA:168,0
DA:169,0
DA:171,0
DA:174,0
DA:182,2
DA:185,2
DA:212,2
DA:218,2
DA:226,2
DA:228,2
DA:229,0
DA:230,2
DA:231,2
DA:232,0
DA:233,0
DA:235,0
LF:64
LH:28
BRDA:38,0,0,0
BRDA:38,0,1,0
BRDA:58,1,0,0
BRDA:58,1,1,0
BRDA:73,2,0,0
BRDA:73,2,1,0
BRDA:84,3,0,0
BRDA:84,3,1,0
BRDA:104,4,0,0
BRDA:104,4,1,0
BRDA:122,5,0,2
BRDA:122,5,1,0
BRDA:128,6,0,0
BRDA:128,6,1,0
BRDA:167,7,0,0
BRDA:167,7,1,9
BRDA:182,8,0,2
BRDA:182,8,1,2
BRDA:190,9,0,2
BRDA:190,9,1,2
BRDA:191,10,0,2
BRDA:191,10,1,2
BRDA:192,11,0,2
BRDA:192,11,1,2
BRDA:198,12,0,2
BRDA:198,12,1,2
BRDA:199,13,0,2
BRDA:199,13,1,2
BRDA:200,14,0,2
BRDA:200,14,1,2
BRDA:207,15,0,2
BRDA:207,15,1,2
BRDA:212,16,0,0
BRDA:212,16,1,2
BRDA:212,17,0,2
BRDA:212,17,1,0
BRDA:226,18,0,2
BRDA:226,18,1,2
BRDA:228,19,0,0
BRDA:228,19,1,2
BRDA:230,20,0,2
BRDA:230,20,1,0
BRDA:232,21,0,0
BRDA:232,21,1,0
BRF:44
BRH:24
end_of_record
TN:
SF:src/services/audio/NativeFileImporter.ts
FN:35,(anonymous_0)
FN:112,(anonymous_1)
FN:145,(anonymous_2)
FN:152,(anonymous_3)
FN:181,(anonymous_4)
FN:221,(anonymous_5)
FNF:6
FNH:5
FNDA:1,(anonymous_0)
FNDA:1,(anonymous_1)
FNDA:1,(anonymous_2)
FNDA:1,(anonymous_3)
FNDA:1,(anonymous_4)
FNDA:0,(anonymous_5)
DA:22,1
DA:36,1
DA:38,1
DA:44,1
DA:45,0
DA:53,1
DA:55,1
DA:56,0
DA:64,1
DA:67,1
DA:70,1
DA:71,1
DA:73,0
DA:74,0
DA:75,0
DA:79,0
DA:86,1
DA:90,1
DA:97,0
DA:98,0
DA:101,0
DA:114,1
DA:115,0
DA:123,1
DA:124,0
DA:132,1
DA:133,1
DA:134,0
DA:146,1
DA:153,1
DA:155,1
DA:156,1
DA:157,1
DA:160,1
DA:161,1
DA:164,1
DA:166,1
DA:168,1
DA:170,0
DA:182,1
DA:184,1
DA:186,1
DA:193,1
DA:196,1
DA:199,1
DA:201,1
DA:203,0
DA:206,0
DA:207,0
DA:208,0
DA:214,0
DA:222,0
DA:223,0
DA:224,0
DA:225,0
DA:227,0
DA:228,0
LF:57
LH:33
BRDA:44,0,0,0
BRDA:44,0,1,1
BRDA:55,1,0,0
BRDA:55,1,1,1
BRDA:71,2,0,0
BRDA:71,2,1,1
BRDA:93,3,0,1
BRDA:93,3,1,0
BRDA:94,4,0,1
BRDA:94,4,1,0
BRDA:97,5,0,0
BRDA:97,5,1,0
BRDA:114,6,0,0
BRDA:114,6,1,1
BRDA:123,7,0,0
BRDA:123,7,1,1
BRDA:123,8,0,1
BRDA:123,8,1,1
BRDA:133,9,0,0
BRDA:133,9,1,1
BRDA:133,10,0,1
BRDA:133,10,1,1
BRDA:206,11,0,0
BRDA:206,11,1,0
BRF:24
BRH:12
end_of_record
TN:
SF:src/services/audio/PlatformAudioConfig.ts
FN:133,getAudioConfig
FN:143,getPlatformName
FN:155,isPlatformSupported
FN:162,getRecommendedFormat
FN:169,isFormatSupported
FN:177,getPerformanceMultiplier
FNF:6
FNH:2
FNDA:9,getAudioConfig
FNDA:10,getPlatformName
FNDA:0,isPlatformSupported
FNDA:0,getRecommendedFormat
FNDA:0,isFormatSupported
FNDA:0,getPerformanceMultiplier
DA:90,3
DA:114,3
DA:134,9
DA:144,10
DA:156,0
DA:163,0
DA:170,0
DA:178,0
LF:8
LH:4
BRDA:156,0,0,0
BRDA:156,0,1,0
BRDA:156,0,2,0
BRF:3
BRH:0
end_of_record
TN:
SF:src/services/audio/WebAudioRecorder.ts
FN:20,(anonymous_0)
FN:45,(anonymous_1)
FN:52,(anonymous_2)
FN:102,(anonymous_3)
FN:111,(anonymous_4)
FN:124,(anonymous_5)
FN:166,(anonymous_6)
FN:183,(anonymous_7)
FN:213,(anonymous_8)
FN:230,(anonymous_9)
FN:249,(anonymous_10)
FN:289,(anonymous_11)
FN:291,(anonymous_12)
FNF:13
FNH:6
FNDA:8,(anonymous_0)
FNDA:0,(anonymous_1)
FNDA:0,(anonymous_2)
FNDA:0,(anonymous_3)
FNDA:0,(anonymous_4)
FNDA:0,(anonymous_5)
FNDA:0,(anonymous_6)
FNDA:8,(anonymous_7)
FNDA:16,(anonymous_8)
FNDA:0,(anonymous_9)
FNDA:8,(anonymous_10)
FNDA:8,(anonymous_11)
FNDA:16,(anonymous_12)
DA:13,9
DA:14,9
DA:15,9
DA:21,8
DA:23,8
DA:33,8
DA:36,0
DA:42,0
DA:45,0
DA:46,0
DA:47,0
DA:52,0
DA:53,0
DA:54,0
DA:63,0
DA:65,0
DA:68,8
DA:70,8
DA:71,0
DA:75,8
DA:76,0
DA:83,8
DA:84,0
DA:91,8
DA:103,0
DA:104,0
DA:111,0
DA:112,0
DA:113,0
DA:120,0
DA:124,0
DA:125,0
DA:127,0
DA:128,0
DA:131,0
DA:133,0
DA:138,0
DA:140,0
DA:142,0
DA:143,0
DA:154,0
DA:155,0
DA:158,0
DA:167,0
DA:169,0
DA:170,0
DA:174,0
DA:177,0
DA:184,8
DA:186,8
DA:187,0
DA:188,0
DA:192,0
DA:193,0
DA:196,0
DA:197,0
DA:203,0
DA:208,8
DA:213,16
DA:215,8
DA:217,0
DA:218,0
DA:222,0
DA:223,0
DA:231,0
DA:234,0
DA:235,0
DA:237,0
DA:240,0
DA:243,0
DA:250,8
DA:258,8
DA:259,0
DA:260,0
DA:261,0
DA:262,0
DA:268,8
DA:276,8
DA:277,8
DA:278,0
DA:283,0
DA:290,8
DA:291,8
DA:292,16
DA:293,16
DA:295,8
LF:86
LH:26
BRDA:25,0,0,8
BRDA:25,0,1,8
BRDA:26,1,0,8
BRDA:26,1,1,8
BRDA:38,2,0,0
BRDA:38,2,1,0
BRDA:46,3,0,0
BRDA:46,3,1,0
BRDA:46,4,0,0
BRDA:46,4,1,0
BRDA:70,5,0,0
BRDA:70,5,1,8
BRDA:75,6,0,0
BRDA:75,6,1,8
BRDA:83,7,0,0
BRDA:83,7,1,8
BRDA:103,8,0,0
BRDA:103,8,1,0
BRDA:112,9,0,0
BRDA:112,9,1,0
BRDA:127,10,0,0
BRDA:127,10,1,0
BRDA:154,11,0,0
BRDA:154,11,1,0
BRDA:169,12,0,0
BRDA:169,12,1,0
BRDA:169,13,0,0
BRDA:169,13,1,0
BRDA:186,14,0,0
BRDA:186,14,1,8
BRDA:192,15,0,0
BRDA:192,15,1,0
BRDA:196,16,0,0
BRDA:196,16,1,0
BRDA:217,17,0,0
BRDA:217,17,1,0
BRDA:234,18,0,0
BRDA:234,18,1,0
BRDA:234,19,0,0
BRDA:234,19,1,0
BRDA:258,20,0,0
BRDA:258,20,1,8
BRDA:261,21,0,0
BRDA:261,21,1,0
BRDA:277,22,0,0
BRDA:277,22,1,0
BRDA:290,23,0,8
BRDA:290,23,1,0
BRF:48
BRH:10
end_of_record
TN:
SF:src/services/audio/WebFileImporter.ts
FN:33,(anonymous_0)
FN:34,(anonymous_1)
FN:42,(anonymous_2)
FN:69,(anonymous_3)
FN:89,(anonymous_4)
FN:136,(anonymous_5)
FN:152,(anonymous_6)
FN:153,(anonymous_7)
FN:156,(anonymous_8)
FN:160,(anonymous_9)
FN:165,(anonymous_10)
FN:171,(anonymous_11)
FN:183,(anonymous_12)
FNF:13
FNH:0
FNDA:0,(anonymous_0)
FNDA:0,(anonymous_1)
FNDA:0,(anonymous_2)
FNDA:0,(anonymous_3)
FNDA:0,(anonymous_4)
FNDA:0,(anonymous_5)
FNDA:0,(anonymous_6)
FNDA:0,(anonymous_7)
FNDA:0,(anonymous_8)
FNDA:0,(anonymous_9)
FNDA:0,(anonymous_10)
FNDA:0,(anonymous_11)
FNDA:0,(anonymous_12)
DA:19,0
DA:34,0
DA:36,0
DA:37,0
DA:38,0
DA:39,0
DA:42,0
DA:43,0
DA:44,0
DA:46,0
DA:47,0
DA:54,0
DA:57,0
DA:58,0
DA:59,0
DA:61,0
DA:64,0
DA:69,0
DA:70,0
DA:71,0
DA:81,0
DA:82,0
DA:91,0
DA:92,0
DA:100,0
DA:101,0
DA:102,0
DA:110,0
DA:113,0
DA:114,0
DA:115,0
DA:116,0
DA:123,0
DA:125,0
DA:138,0
DA:139,0
DA:143,0
DA:144,0
DA:146,0
DA:153,0
DA:154,0
DA:156,0
DA:157,0
DA:160,0
DA:161,0
DA:162,0
DA:165,0
DA:166,0
DA:167,0
DA:171,0
DA:172,0
DA:173,0
DA:176,0
DA:184,0
DA:185,0
LF:55
LH:0
BRDA:46,0,0,0
BRDA:46,0,1,0
BRDA:91,1,0,0
BRDA:91,1,1,0
BRDA:101,2,0,0
BRDA:101,2,1,0
BRDA:114,3,0,0
BRDA:114,3,1,0
BRDA:138,4,0,0
BRDA:138,4,1,0
BRDA:138,5,0,0
BRDA:138,5,1,0
BRDA:146,6,0,0
BRDA:146,6,1,0
BRDA:184,7,0,0
BRDA:184,7,1,0
BRF:16
BRH:0
end_of_record
TN:
SF:src/services/audio/initialize.ts
FN:12,initializeAudioServices
FNF:1
FNH:1
FNDA:2,initializeAudioServices
DA:13,2
DA:16,0
DA:17,0
DA:21,2
DA:22,2
LF:5
LH:3
BRDA:13,0,0,0
BRDA:13,0,1,2
BRF:2
BRH:1
end_of_record
TN:
SF:src/services/audio/mock/MockAudioMixer.ts
FN:19,(anonymous_0)
FN:40,(anonymous_1)
FN:41,(anonymous_2)
FN:81,(anonymous_3)
FN:95,(anonymous_4)
FNF:5
FNH:4
FNDA:4,(anonymous_0)
FNDA:4,(anonymous_1)
FNDA:30,(anonymous_2)
FNDA:0,(anonymous_3)
FNDA:6,(anonymous_4)
DA:13,46
DA:14,46
DA:24,4
DA:25,4
DA:26,4
DA:29,4
DA:30,4
DA:33,4
DA:34,4
DA:35,4
DA:37,4
DA:40,4
DA:41,4
DA:43,30
DA:44,0
DA:45,0
DA:46,0
DA:48,0
DA:49,0
DA:53,30
DA:55,30
DA:57,4
DA:58,4
DA:59,4
DA:62,4
DA:65,4
DA:66,4
DA:68,4
DA:69,4
DA:72,26
DA:82,0
DA:84,0
DA:85,0
DA:86,0
DA:89,0
DA:96,6
LF:36
LH:26
BRDA:43,0,0,0
BRDA:43,0,1,30
BRDA:44,1,0,0
BRDA:44,1,1,0
BRDA:55,2,0,4
BRDA:55,2,1,26
BRDA:57,3,0,4
BRDA:57,3,1,0
BRDA:65,4,0,4
BRDA:65,4,1,4
BRDA:84,5,0,0
BRDA:84,5,1,0
BRF:12
BRH:6
end_of_record
TN:
SF:src/services/audio/mock/MockAudioPlayer.ts
FN:20,(anonymous_0)
FN:37,(anonymous_1)
FN:47,(anonymous_2)
FN:57,(anonymous_3)
FN:68,(anonymous_4)
FN:81,(anonymous_5)
FN:88,(anonymous_6)
FN:95,(anonymous_7)
FN:102,(anonymous_8)
FN:109,(anonymous_9)
FN:122,(anonymous_10)
FN:132,(anonymous_11)
FN:143,(anonymous_12)
FN:148,(anonymous_13)
FN:181,(anonymous_14)
FN:191,(anonymous_15)
FN:192,(anonymous_16)
FNF:17
FNH:16
FNDA:36,(anonymous_0)
FNDA:10,(anonymous_1)
FNDA:4,(anonymous_2)
FNDA:6,(anonymous_3)
FNDA:3,(anonymous_4)
FNDA:3,(anonymous_5)
FNDA:3,(anonymous_6)
FNDA:2,(anonymous_7)
FNDA:3,(anonymous_8)
FNDA:2,(anonymous_9)
FNDA:1,(anonymous_10)
FNDA:36,(anonymous_11)
FNDA:10,(anonymous_12)
FNDA:0,(anonymous_13)
FNDA:46,(anonymous_14)
FNDA:36,(anonymous_15)
FNDA:36,(anonymous_16)
DA:13,36
DA:14,36
DA:15,36
DA:21,36
DA:24,36
DA:27,36
DA:28,36
DA:29,36
DA:31,36
DA:38,10
DA:41,10
DA:48,4
DA:51,4
DA:58,6
DA:61,6
DA:62,6
DA:69,3
DA:72,3
DA:73,0
DA:74,0
DA:82,3
DA:89,3
DA:96,2
DA:103,3
DA:110,2
DA:111,2
DA:114,2
DA:115,0
DA:123,1
DA:124,0
DA:126,1
DA:133,36
DA:135,36
DA:136,36
DA:137,36
DA:144,10
DA:145,0
DA:148,10
DA:150,0
DA:151,0
DA:154,0
DA:155,0
DA:157,0
DA:160,0
DA:161,0
DA:162,0
DA:165,0
DA:166,0
DA:172,0
DA:173,0
DA:182,46
DA:183,10
DA:184,10
DA:192,36
LF:54
LH:37
BRDA:72,0,0,0
BRDA:72,0,1,3
BRDA:114,1,0,0
BRDA:114,1,1,2
BRDA:123,2,0,0
BRDA:123,2,1,1
BRDA:144,3,0,0
BRDA:144,3,1,10
BRDA:154,4,0,0
BRDA:154,4,1,0
BRDA:155,5,0,0
BRDA:155,5,1,0
BRDA:165,6,0,0
BRDA:165,6,1,0
BRDA:172,7,0,0
BRDA:172,7,1,0
BRDA:182,8,0,10
BRDA:182,8,1,36
BRF:18
BRH:6
end_of_record
TN:
SF:src/services/audio/mock/MockAudioRecorder.ts
FN:19,(anonymous_0)
FN:26,(anonymous_1)
FN:38,(anonymous_2)
FN:61,(anonymous_3)
FN:76,(anonymous_4)
FN:85,(anonymous_5)
FN:95,(anonymous_6)
FN:102,(anonymous_7)
FN:103,(anonymous_8)
FNF:9
FNH:8
FNDA:10,(anonymous_0)
FNDA:0,(anonymous_1)
FNDA:4,(anonymous_2)
FNDA:6,(anonymous_3)
FNDA:14,(anonymous_4)
FNDA:46,(anonymous_5)
FNDA:2,(anonymous_6)
FNDA:34,(anonymous_7)
FNDA:34,(anonymous_8)
DA:13,47
DA:14,47
DA:20,10
DA:23,10
DA:26,10
DA:28,0
DA:29,0
DA:30,0
DA:39,4
DA:42,4
DA:43,4
DA:44,4
DA:48,4
DA:51,4
DA:52,4
DA:54,4
DA:55,4
DA:62,6
DA:65,6
DA:66,6
DA:67,6
DA:70,6
DA:77,14
DA:78,14
DA:79,14
DA:86,46
DA:87,0
DA:88,0
DA:96,2
DA:103,34
LF:30
LH:25
BRDA:29,0,0,0
BRDA:29,0,1,0
BRDA:42,1,0,4
BRDA:42,1,1,0
BRDA:51,2,0,4
BRDA:51,2,1,4
BRDA:65,3,0,6
BRDA:65,3,1,0
BRDA:86,4,0,0
BRDA:86,4,1,46
BRF:10
BRH:5
end_of_record
TN:
SF:src/services/audio/mock/MockFileManager.ts
FN:20,(anonymous_0)
FN:28,(anonymous_1)
FN:29,(anonymous_2)
FN:45,(anonymous_3)
FN:70,(anonymous_4)
FN:85,(anonymous_5)
FN:120,(anonymous_6)
FN:135,(anonymous_7)
FN:143,(anonymous_8)
FN:157,(anonymous_9)
FN:181,(anonymous_10)
FN:187,(anonymous_11)
FN:197,(anonymous_12)
FN:207,(anonymous_13)
FN:213,(anonymous_14)
FN:215,(anonymous_15)
FN:225,(anonymous_16)
FN:237,(anonymous_17)
FN:255,(anonymous_18)
FN:256,(anonymous_19)
FNF:20
FNH:19
FNDA:52,(anonymous_0)
FNDA:52,(anonymous_1)
FNDA:312,(anonymous_2)
FNDA:9,(anonymous_3)
FNDA:2,(anonymous_4)
FNDA:2,(anonymous_5)
FNDA:2,(anonymous_6)
FNDA:4,(anonymous_7)
FNDA:2,(anonymous_8)
FNDA:1,(anonymous_9)
FNDA:2,(anonymous_10)
FNDA:14,(anonymous_11)
FNDA:0,(anonymous_12)
FNDA:50,(anonymous_13)
FNDA:282,(anonymous_14)
FNDA:42,(anonymous_15)
FNDA:4,(anonymous_16)
FNDA:9,(anonymous_17)
FNDA:74,(anonymous_18)
FNDA:74,(anonymous_19)
DA:18,52
DA:22,52
DA:29,52
DA:30,312
DA:39,52
DA:46,9
DA:48,9
DA:50,9
DA:53,9
DA:55,9
DA:63,9
DA:64,9
DA:71,2
DA:73,2
DA:75,2
DA:76,2
DA:78,2
DA:79,2
DA:86,2
DA:88,2
DA:90,2
DA:91,2
DA:94,2
DA:95,2
DA:96,1
DA:104,1
DA:113,2
DA:114,2
DA:121,2
DA:123,2
DA:125,2
DA:126,2
DA:128,2
DA:129,2
DA:136,4
DA:137,4
DA:144,2
DA:146,2
DA:147,2
DA:148,0
DA:151,2
DA:158,1
DA:160,1
DA:161,1
DA:162,0
DA:165,1
DA:167,1
DA:182,2
DA:184,2
DA:186,2
DA:187,14
DA:190,2
DA:191,2
DA:198,0
DA:201,0
DA:208,50
DA:210,50
DA:213,282
DA:215,48
DA:216,42
DA:219,48
DA:226,4
DA:227,4
DA:228,4
DA:229,4
DA:231,4
DA:238,9
DA:240,1
DA:242,8
DA:244,0
DA:246,0
DA:248,0
DA:256,74
LF:73
LH:66
BRDA:78,0,0,2
BRDA:78,0,1,0
BRDA:90,1,0,2
BRDA:90,1,1,0
BRDA:95,2,0,1
BRDA:95,2,1,1
BRDA:125,3,0,2
BRDA:125,3,1,0
BRDA:147,4,0,0
BRDA:147,4,1,2
BRDA:161,5,0,0
BRDA:161,5,1,1
BRDA:165,6,0,1
BRDA:165,6,1,0
BRDA:187,7,0,14
BRDA:187,7,1,14
BRDA:226,8,0,4
BRDA:226,8,1,0
BRDA:227,9,0,4
BRDA:227,9,1,0
BRDA:238,10,0,1
BRDA:238,10,1,8
BRDA:238,10,2,0
BRDA:238,10,3,0
BRDA:238,10,4,0
BRF:25
BRH:14
end_of_record
TN:
SF:src/services/storage/AudioFileManager.native.ts
FN:32,(anonymous_0)
FN:42,(anonymous_1)
FN:65,(anonymous_2)
FN:85,(anonymous_3)
FN:98,(anonymous_4)
FN:144,(anonymous_5)
FN:166,(anonymous_6)
FN:189,(anonymous_7)
FN:208,(anonymous_8)
FN:214,(anonymous_9)
FN:258,(anonymous_10)
FN:289,(anonymous_11)
FN:293,(anonymous_12)
FN:317,(anonymous_13)
FNF:14
FNH:0
FNDA:0,(anonymous_0)
FNDA:0,(anonymous_1)
FNDA:0,(anonymous_2)
FNDA:0,(anonymous_3)
FNDA:0,(anonymous_4)
FNDA:0,(anonymous_5)
FNDA:0,(anonymous_6)
FNDA:0,(anonymous_7)
FNDA:0,(anonymous_8)
FNDA:0,(anonymous_9)
FNDA:0,(anonymous_10)
FNDA:0,(anonymous_11)
FNDA:0,(anonymous_12)
FNDA:0,(anonymous_13)
DA:10,0
DA:11,0
DA:12,0
DA:29,0
DA:30,0
DA:33,0
DA:34,0
DA:35,0
DA:36,0
DA:43,0
DA:46,0
DA:47,0
DA:48,0
DA:51,0
DA:52,0
DA:53,0
DA:57,0
DA:59,0
DA:66,0
DA:67,0
DA:68,0
DA:69,0
DA:70,0
DA:74,0
DA:77,0
DA:78,0
DA:86,0
DA:87,0
DA:88,0
DA:90,0
DA:91,0
DA:99,0
DA:101,0
DA:102,0
DA:105,0
DA:106,0
DA:107,0
DA:113,0
DA:114,0
DA:117,0
DA:118,0
DA:121,0
DA:124,0
DA:132,0
DA:134,0
DA:138,0
DA:145,0
DA:147,0
DA:148,0
DA:149,0
DA:152,0
DA:167,0
DA:169,0
DA:170,0
DA:171,0
DA:172,0
DA:176,0
DA:177,0
DA:179,0
DA:181,0
DA:182,0
DA:190,0
DA:192,0
DA:194,0
DA:195,0
DA:196,0
DA:208,0
DA:215,0
DA:217,0
DA:218,0
DA:219,0
DA:222,0
DA:224,0
DA:227,0
DA:228,0
DA:234,0
DA:235,0
DA:237,0
DA:240,0
DA:241,0
DA:246,0
DA:248,0
DA:250,0
DA:252,0
DA:259,0
DA:261,0
DA:262,0
DA:264,0
DA:266,0
DA:267,0
DA:268,0
DA:272,0
DA:273,0
DA:274,0
DA:275,0
DA:277,0
DA:281,0
DA:283,0
DA:290,0
DA:292,0
DA:293,0
DA:299,0
DA:300,0
DA:301,0
DA:303,0
DA:306,0
DA:318,0
DA:320,0
DA:321,0
DA:325,0
DA:326,0
LF:111
LH:0
BRDA:43,0,0,0
BRDA:43,0,1,0
BRDA:46,1,0,0
BRDA:46,1,1,0
BRDA:51,2,0,0
BRDA:51,2,1,0
BRDA:67,3,0,0
BRDA:67,3,1,0
BRDA:98,4,0,0
BRDA:101,5,0,0
BRDA:101,5,1,0
BRDA:109,6,0,0
BRDA:109,6,1,0
BRDA:113,7,0,0
BRDA:113,7,1,0
BRDA:126,8,0,0
BRDA:126,8,1,0
BRDA:135,9,0,0
BRDA:135,9,1,0
BRDA:148,10,0,0
BRDA:148,10,1,0
BRDA:171,11,0,0
BRDA:171,11,1,0
BRDA:189,12,0,0
BRDA:195,13,0,0
BRDA:195,13,1,0
BRDA:195,14,0,0
BRDA:195,14,1,0
BRDA:218,15,0,0
BRDA:218,15,1,0
BRDA:222,16,0,0
BRDA:222,16,1,0
BRDA:230,17,0,0
BRDA:230,17,1,0
BRDA:258,18,0,0
BRDA:267,19,0,0
BRDA:267,19,1,0
BRDA:267,20,0,0
BRDA:267,20,1,0
BRDA:320,21,0,0
BRDA:320,21,1,0
BRF:41
BRH:0
end_of_record
TN:
SF:src/services/storage/AudioFileManager.ts
FN:102,(anonymous_0)
FN:131,(anonymous_1)
FNF:2
FNH:0
FNDA:0,(anonymous_0)
FNDA:0,(anonymous_1)
DA:104,0
DA:107,0
DA:110,0
DA:111,0
DA:115,0
DA:116,0
DA:117,0
DA:118,0
DA:121,0
DA:132,0
DA:133,0
DA:134,0
DA:135,0
DA:137,0
LF:14
LH:0
BRDA:110,0,0,0
BRDA:110,0,1,0
BRDA:115,1,0,0
BRDA:115,1,1,0
BRDA:133,2,0,0
BRDA:133,2,1,0
BRF:6
BRH:0
end_of_record
TN:
SF:src/services/storage/AudioFileManager.web.ts
FN:31,(anonymous_0)
FN:38,(anonymous_1)
FN:41,(anonymous_2)
FN:45,(anonymous_3)
FN:50,(anonymous_4)
FN:69,(anonymous_5)
FN:99,(anonymous_6)
FN:104,(anonymous_7)
FN:109,(anonymous_8)
FN:118,(anonymous_9)
FN:121,(anonymous_10)
FN:126,(anonymous_11)
FN:146,(anonymous_12)
FN:155,(anonymous_13)
FN:161,(anonymous_14)
FN:166,(anonymous_15)
FN:171,(anonymous_16)
FN:180,(anonymous_17)
FN:183,(anonymous_18)
FN:188,(anonymous_19)
FN:191,(anonymous_20)
FN:192,(anonymous_21)
FN:205,(anonymous_22)
FN:214,(anonymous_23)
FN:217,(anonymous_24)
FN:222,(anonymous_25)
FN:235,(anonymous_26)
FN:240,(anonymous_27)
FN:245,(anonymous_28)
FN:254,(anonymous_29)
FN:260,(anonymous_30)
FN:266,(anonymous_31)
FN:283,(anonymous_32)
FN:292,(anonymous_33)
FN:296,(anonymous_34)
FN:323,(anonymous_35)
FN:337,(anonymous_36)
FN:340,(anonymous_37)
FNF:38
FNH:0
FNDA:0,(anonymous_0)
FNDA:0,(anonymous_1)
FNDA:0,(anonymous_2)
FNDA:0,(anonymous_3)
FNDA:0,(anonymous_4)
FNDA:0,(anonymous_5)
FNDA:0,(anonymous_6)
FNDA:0,(anonymous_7)
FNDA:0,(anonymous_8)
FNDA:0,(anonymous_9)
FNDA:0,(anonymous_10)
FNDA:0,(anonymous_11)
FNDA:0,(anonymous_12)
FNDA:0,(anonymous_13)
FNDA:0,(anonymous_14)
FNDA:0,(anonymous_15)
FNDA:0,(anonymous_16)
FNDA:0,(anonymous_17)
FNDA:0,(anonymous_18)
FNDA:0,(anonymous_19)
FNDA:0,(anonymous_20)
FNDA:0,(anonymous_21)
FNDA:0,(anonymous_22)
FNDA:0,(anonymous_23)
FNDA:0,(anonymous_24)
FNDA:0,(anonymous_25)
FNDA:0,(anonymous_26)
FNDA:0,(anonymous_27)
FNDA:0,(anonymous_28)
FNDA:0,(anonymous_29)
FNDA:0,(anonymous_30)
FNDA:0,(anonymous_31)
FNDA:0,(anonymous_32)
FNDA:0,(anonymous_33)
FNDA:0,(anonymous_34)
FNDA:0,(anonymous_35)
FNDA:0,(anonymous_36)
FNDA:0,(anonymous_37)
DA:9,0
DA:10,0
DA:11,0
DA:25,0
DA:26,0
DA:32,0
DA:34,0
DA:35,0
DA:38,0
DA:39,0
DA:41,0
DA:42,0
DA:45,0
DA:46,0
DA:47,0
DA:50,0
DA:51,0
DA:54,0
DA:55,0
DA:56,0
DA:57,0
DA:58,0
DA:63,0
DA:70,0
DA:73,0
DA:75,0
DA:76,0
DA:78,0
DA:81,0
DA:82,0
DA:87,0
DA:89,0
DA:99,0
DA:100,0
DA:101,0
DA:102,0
DA:104,0
DA:105,0
DA:106,0
DA:109,0
DA:110,0
DA:119,0
DA:121,0
DA:122,0
DA:123,0
DA:124,0
DA:126,0
DA:127,0
DA:128,0
DA:129,0
DA:130,0
DA:133,0
DA:143,0
DA:146,0
DA:147,0
DA:156,0
DA:159,0
DA:161,0
DA:162,0
DA:163,0
DA:164,0
DA:166,0
DA:167,0
DA:168,0
DA:171,0
DA:172,0
DA:181,0
DA:183,0
DA:184,0
DA:185,0
DA:186,0
DA:188,0
DA:189,0
DA:190,0
DA:191,0
DA:192,0
DA:202,0
DA:205,0
DA:206,0
DA:215,0
DA:217,0
DA:218,0
DA:219,0
DA:220,0
DA:222,0
DA:223,0
DA:224,0
DA:225,0
DA:226,0
DA:230,0
DA:231,0
DA:233,0
DA:235,0
DA:236,0
DA:237,0
DA:240,0
DA:241,0
DA:245,0
DA:246,0
DA:255,0
DA:257,0
DA:258,0
DA:260,0
DA:261,0
DA:262,0
DA:263,0
DA:264,0
DA:266,0
DA:267,0
DA:268,0
DA:269,0
DA:270,0
DA:272,0
DA:273,0
DA:274,0
DA:276,0
DA:278,0
DA:279,0
DA:283,0
DA:284,0
DA:293,0
DA:295,0
DA:296,0
DA:302,0
DA:303,0
DA:304,0
DA:305,0
DA:306,0
DA:308,0
DA:312,0
DA:324,0
DA:327,0
DA:328,0
DA:331,0
DA:339,0
DA:340,0
DA:342,0
DA:343,0
DA:344,0
LF:139
LH:0
BRDA:32,0,0,0
BRDA:32,0,1,0
BRDA:34,1,0,0
BRDA:34,1,1,0
BRDA:54,2,0,0
BRDA:54,2,1,0
BRDA:69,3,0,0
BRDA:73,4,0,0
BRDA:73,4,1,0
BRDA:84,5,0,0
BRDA:84,5,1,0
BRDA:93,6,0,0
BRDA:93,6,1,0
BRDA:128,7,0,0
BRDA:128,7,1,0
BRDA:180,8,0,0
BRDA:191,9,0,0
BRDA:191,9,1,0
BRDA:224,10,0,0
BRDA:224,10,1,0
BRDA:254,11,0,0
BRDA:268,12,0,0
BRDA:268,12,1,0
BRDA:270,13,0,0
BRDA:270,13,1,0
BRDA:302,14,0,0
BRDA:302,14,1,0
BRDA:302,15,0,0
BRDA:302,15,1,0
BRDA:306,16,0,0
BRDA:306,16,1,0
BRDA:306,17,0,0
BRDA:306,17,1,0
BRDA:327,18,0,0
BRDA:327,18,1,0
BRDA:342,19,0,0
BRDA:342,19,1,0
BRF:37
BRH:0
end_of_record
TN:
SF:src/theme/paperTheme.ts
FNF:0
FNH:0
DA:15,1
LF:1
LH:1
BRF:0
BRH:0
end_of_record
TN:
SF:src/utils/audioUtils.native.ts
FN:24,getAudioMetadata
FN:82,validateAudioFile
FNF:2
FNH:1
FNDA:1,getAudioMetadata
FNDA:0,validateAudioFile
DA:25,1
DA:27,1
DA:29,1
DA:36,1
DA:39,1
DA:41,1
DA:42,0
DA:49,1
DA:54,1
DA:56,1
DA:59,0
DA:60,0
DA:61,0
DA:67,0
DA:68,0
DA:71,0
DA:83,0
DA:84,0
DA:85,0
DA:87,0
LF:20
LH:9
BRDA:41,0,0,0
BRDA:41,0,1,1
BRDA:50,1,0,1
BRDA:50,1,1,0
BRDA:59,2,0,0
BRDA:59,2,1,0
BRDA:67,3,0,0
BRDA:67,3,1,0
BRF:8
BRH:2
end_of_record
TN:
SF:src/utils/audioUtils.ts
FN:21,getAudioMetadata
FN:28,validateAudioFile
FN:35,getFileExtension
FN:43,generateUniqueFilename
FN:52,sanitizeFilename
FN:59,formatDuration
FN:69,formatFileSize
FN:82,isBlobUrl
FN:89,isFileUri
FNF:9
FNH:0
FNDA:0,getAudioMetadata
FNDA:0,validateAudioFile
FNDA:0,getFileExtension
FNDA:0,generateUniqueFilename
FNDA:0,sanitizeFilename
FNDA:0,formatDuration
FNDA:0,formatFileSize
FNDA:0,isBlobUrl
FNDA:0,isFileUri
DA:22,0
DA:29,0
DA:36,0
DA:37,0
DA:44,0
DA:45,0
DA:46,0
DA:53,0
DA:60,0
DA:61,0
DA:62,0
DA:63,0
DA:70,0
DA:71,0
DA:72,0
DA:73,0
DA:75,0
DA:83,0
DA:90,0
LF:19
LH:0
BRDA:37,0,0,0
BRDA:37,0,1,0
BRDA:70,1,0,0
BRDA:70,1,1,0
BRDA:72,2,0,0
BRDA:72,2,1,0
BRF:6
BRH:0
end_of_record
TN:
SF:src/utils/audioUtils.web.ts
FN:23,getAudioMetadata
FN:24,(anonymous_1)
FN:27,(anonymous_2)
FN:31,(anonymous_3)
FN:40,(anonymous_4)
FN:52,(anonymous_5)
FN:70,validateAudioFile
FNF:7
FNH:7
FNDA:3,getAudioMetadata
FNDA:3,(anonymous_1)
FNDA:3,(anonymous_2)
FNDA:1,(anonymous_3)
FNDA:1,(anonymous_4)
FNDA:1,(anonymous_5)
FNDA:1,validateAudioFile
DA:24,3
DA:25,3
DA:27,3
DA:28,3
DA:31,3
DA:32,1
DA:36,1
DA:37,0
DA:40,3
DA:41,1
DA:42,0
DA:52,3
DA:53,1
DA:54,0
DA:63,3
DA:71,1
DA:72,1
DA:73,0
DA:75,0
LF:19
LH:14
BRF:0
BRH:0
end_of_record
TN:
SF:src/utils/permissions.native.ts
FN:16,convertPermissionStatus
FN:32,requestMicrophonePermission
FN:52,requestStoragePermission
FN:72,checkPermission
FN:94,openSettings
FNF:5
FNH:0
FNDA:0,convertPermissionStatus
FNDA:0,requestMicrophonePermission
FNDA:0,requestStoragePermission
FNDA:0,checkPermission
FNDA:0,openSettings
DA:17,0
DA:19,0
DA:21,0
DA:23,0
DA:25,0
DA:33,0
DA:34,0
DA:36,0
DA:41,0
DA:42,0
DA:53,0
DA:54,0
DA:56,0
DA:61,0
DA:62,0
DA:73,0
DA:74,0
DA:75,0
DA:76,0
DA:79,0
DA:80,0
DA:81,0
DA:84,0
DA:86,0
DA:87,0
DA:95,0
DA:96,0
DA:98,0
DA:99,0
DA:101,0
DA:104,0
DA:105,0
LF:32
LH:0
BRDA:17,0,0,0
BRDA:17,0,1,0
BRDA:17,0,2,0
BRDA:17,0,3,0
BRDA:74,1,0,0
BRDA:74,1,1,0
BRDA:79,2,0,0
BRDA:79,2,1,0
BRDA:96,3,0,0
BRDA:96,3,1,0
BRDA:99,4,0,0
BRDA:99,4,1,0
BRF:12
BRH:0
end_of_record
TN:
SF:src/utils/permissions.ts
FN:28,requestMicrophonePermission
FN:35,requestStoragePermission
FN:42,checkPermission
FN:49,openSettings
FNF:4
FNH:0
FNDA:0,requestMicrophonePermission
FNDA:0,requestStoragePermission
FNDA:0,checkPermission
FNDA:0,openSettings
DA:29,0
DA:36,0
DA:43,0
DA:50,0
LF:4
LH:0
BRF:0
BRH:0
end_of_record
TN:
SF:src/utils/permissions.web.ts
FN:12,requestMicrophonePermission
FN:18,(anonymous_1)
FN:54,requestStoragePermission
FN:65,checkPermission
FN:107,openSettings
FNF:5
FNH:2
FNDA:2,requestMicrophonePermission
FNDA:1,(anonymous_1)
FNDA:0,requestStoragePermission
FNDA:0,checkPermission
FNDA:0,openSettings
DA:13,2
DA:15,2
DA:18,1
DA:20,1
DA:25,2
DA:27,2
DA:28,0
DA:34,2
DA:36,0
DA:43,2
DA:44,2
DA:56,0
DA:66,0
DA:68,0
DA:71,0
DA:72,0
DA:74,0
DA:76,0
DA:80,0
DA:81,0
DA:84,0
DA:85,0
DA:88,0
DA:89,0
DA:94,0
DA:98,0
DA:101,0
DA:109,0
LF:28
LH:9
BRDA:27,0,0,0
BRDA:27,0,1,2
BRDA:27,1,0,2
BRDA:27,1,1,2
BRDA:34,2,0,0
BRDA:34,2,1,2
BRDA:66,3,0,0
BRDA:66,3,1,0
BRDA:71,4,0,0
BRDA:71,4,1,0
BRDA:74,5,0,0
BRDA:74,5,1,0
BRDA:80,6,0,0
BRDA:80,6,1,0
BRDA:84,7,0,0
BRDA:84,7,1,0
BRDA:88,8,0,0
BRDA:88,8,1,0
BRF:18
BRH:4
end_of_record
TN:
SF:src/utils/platform.ts
FN:13,(anonymous_0)
FN:20,(anonymous_1)
FN:27,(anonymous_2)
FN:34,(anonymous_3)
FN:41,(anonymous_4)
FNF:5
FNH:0
FNDA:0,(anonymous_0)
FNDA:0,(anonymous_1)
FNDA:0,(anonymous_2)
FNDA:0,(anonymous_3)
FNDA:0,(anonymous_4)
DA:13,0
DA:14,0
DA:20,0
DA:21,0
DA:27,0
DA:28,0
DA:34,0
DA:35,0
DA:41,0
DA:42,0
DA:44,0
DA:46,0
DA:48,0
DA:50,0
LF:14
LH:0
BRDA:21,0,0,0
BRDA:21,0,1,0
BRDA:42,1,0,0
BRDA:42,1,1,0
BRDA:42,1,2,0
BRDA:42,1,3,0
BRF:6
BRH:0
end_of_record
